0:100  0:100  MemLog inited, TSC freq: 2493749853
0:100  0:000  CPU was calibrated with ACPI PM Timer
0:100  0:000  LegacyRegion2: Chipset/proc: 0x2A008086
0:100  0:000   Intel Series 4 and similar (PAM 0x90-0x96)
0:100  0:000   Test PAM1=(0x41=50, 0x5a=00, 0x81=00, 0x91=11) at chipset 2A008086
0:100  0:000  , Install = Success
0:115  0:015  BiosVideoDriverBindingStart!
0:115  0:000  BiosVideoCheckForVbe
0:115  0:000  EdidOverride not found
0:127  0:012   Edid1+
0:127  0:000   found Detail Timing 1280x800
0:127  0:000  timing string after 0xFE:X949H
0:127  0:000  timing string after 0xFE:&6@GjÆÿ
  
0:128  0:000     0 1280x800 attr=9B - ok, edid+, working, highest, pref=0
0:129  0:001     1 1024x768 attr=9B - ok, edid-, 1024x768, working
0:129  0:000     2 640x480 attr=9B - ok, edid-, 640x480, working
0:129  0:000     3 800x600 attr=9B - ok, edid-, 800x600, working
0:129  0:000  BV new mode: 0 1280x800
0:201  0:071   SetMode pref 0 (0) = Success
3:723  3:521  CloverX64 : Image base = 0xDD581000
3:723  0:000  Clover ImageHandle = de95be18
3:723  0:000  === [ Starting Clover ] =========================
3:723  0:000  Now is 11.05.2023,  15:59:08 (GMT)
3:723  0:000  Starting Clover revision: 5146 (master, commit 31187f6e1) on CLOVER EFI
3:723  0:000  Build id: 20220324214945-31187f6-5146-dirty
3:723  0:000  Build with: [Args: -D NO_GRUB_DRIVERS_EMBEDDED -D LESS_DEBUG -t GCC53 | --cmd-len=50000 -D NO_GRUB_DRIVERS_EMBEDDED -D LESS_DEBUG --conf=/Users/sergey/src/CloverBootloader/Conf -D USE_LOW_EBDA -a X64 -b RELEASE -t GCC53 -n 5 | OS: 12.3]
3:723  0:000  === [ Get Smbios ] ==============================
3:723  0:000  Type 16 Index = 0
3:723  0:000  Total Memory Slots Count = 2
3:723  0:000  Type 17 Index = 0
3:723  0:000  SmbiosTable.Type17->SlotIndex = 0
3:723  0:000  SmbiosTable.Type17->ModuleSize = 2048MB
3:723  0:000  SmbiosTable.Type17->Type = 0
3:723  0:000  SmbiosTable.Type17->Frequency = 667MHz
3:723  0:000  SmbiosTable.Type17->Bank/Device =  DIMM_A
3:723  0:000  SmbiosTable.Type17->Vendor = 7F98000000000000
3:723  0:000  SmbiosTable.Type17->SerialNo = 69CC526E
3:723  0:000  SmbiosTable.Type17->PartNo = 9905295-052.A00LF
3:723  0:000  Type 17 Index = 1
3:723  0:000  SmbiosTable.Type17->SlotIndex = 1
3:723  0:000  SmbiosTable.Type17->ModuleSize = 2048MB
3:723  0:000  SmbiosTable.Type17->Type = 0
3:723  0:000  SmbiosTable.Type17->Frequency = 667MHz
3:723  0:000  SmbiosTable.Type17->Bank/Device =  DIMM_B
3:723  0:000  SmbiosTable.Type17->Vendor = 7F98000000000000
3:723  0:000  SmbiosTable.Type17->SerialNo = 69CC526E
3:723  0:000  SmbiosTable.Type17->PartNo = 9905295-052.A00LF
3:723  0:000  Boot status=0
3:723  0:000  Running on: 'Inspiron 1525' with board '0U990C'
3:723  0:000  === [ GetCPUProperties ] ========================
3:723  0:000  CPU Vendor = 756E6547 Model=10676
3:723  0:000   The CPU supported SSE4.1
3:723  0:000   The CPU not supported RDRAND
3:723  0:000  BrandString = Intel(R) Core(TM)2 Duo CPU     T9300  @ 2.50GHz
3:723  0:000  got cores from CPUID_1 = 2
3:723  0:000   The CPU supported turbo
3:723  0:000   Energy PerfBias is  not visible:
3:723  0:000  MSR dumps:
3:723  0:000  	@0x00CD=1a2
3:723  0:000  	@0x0198=6174c2206004c22
3:723  0:000  FSBFrequency = 200 MHz, DMI FSBFrequency = 200 MHz, Corrected FSBFrequency = 200 MHz
3:723  0:000  MaxDiv/MinDiv: 12.5/6
3:723  0:000  Turbo: 13/0/0/0
3:723  0:000  Features: 0x8E3BDBFEBFBFF
3:723  0:000  Threads: 2
3:723  0:000  Cores: 2
3:723  0:000  FSB: 200 MHz
3:723  0:000  CPU: 2500 MHz
3:723  0:000  TSC: 2500 MHz
3:723  0:000  PIS: 800 MHz
3:723  0:000  ExternalClock: 200 MHz
3:723  0:000  === [ GetDevices ] ==============================
3:723  0:000  Found more than one GOP protocol ??? Using the first one
3:723  0:000  GOP found at: PcieRoot(0x0)/Pci(0x2,0x0)/AcpiAdr(0x80010100)
3:723  0:000  PCI (00|00:00.00) : 8086 2A00 class=060000
3:723  0:000  PCI (00|00:02.00) : 8086 2A02 class=030000
3:723  0:000   - GFX: Model=Intel GMA X3100 (Intel)
3:723  0:000   - GOP: Provided by device
3:723  0:000  PCI (00|00:02.01) : 8086 2A03 class=038000
3:723  0:000   - GFX: Model=Intel GMA X3100 (Intel)
3:723  0:000  PCI (00|00:1A.00) : 8086 2834 class=0C0300
3:723  0:000  PCI (00|00:1A.01) : 8086 2835 class=0C0300
3:723  0:000  PCI (00|00:1A.07) : 8086 283A class=0C0320
3:723  0:000  PCI (00|00:1B.00) : 8086 284B class=040300
3:723  0:000  PCI (00|00:1C.00) : 8086 283F class=060400
3:723  0:000  PCI (00|09:00.00) : 11AB 4354 class=020000
3:723  0:000   - LAN: 1 Vendor=Marvell
3:723  0:000  Legacy MAC address of LAN #0= 00:21:9B:D7:9D:C2:
3:723  0:000  PCI (00|00:1C.01) : 8086 2841 class=060400
3:723  0:000  PCI (00|0B:00.00) : 14E4 4315 class=028000
3:723  0:000   - WIFI: Vendor= Broadcom
3:723  0:000  PCI (00|00:1C.03) : 8086 2845 class=060400
3:723  0:000  PCI (00|0C:00.00) : 1E4B 1202 class=010802
3:723  0:000  PCI (00|00:1C.04) : 8086 2847 class=060400
3:724  0:000  PCI (00|0D:00.00) : 1912 0015 class=0C0330
3:724  0:000  PCI (00|00:1D.00) : 8086 2830 class=0C0300
3:724  0:000  PCI (00|00:1D.01) : 8086 2831 class=0C0300
3:724  0:000  PCI (00|00:1D.02) : 8086 2832 class=0C0300
3:724  0:000  PCI (00|00:1D.07) : 8086 2836 class=0C0320
3:724  0:000  PCI (00|00:1E.00) : 8086 2448 class=060401
3:724  0:000  PCI (00|02:09.00) : 1180 0832 class=0C0010
3:724  0:000  PCI (00|02:09.01) : 1180 0822 class=080501
3:724  0:000  PCI (00|02:09.02) : 1180 0843 class=088000
3:724  0:000  PCI (00|02:09.03) : 1180 0592 class=088000
3:724  0:000  PCI (00|02:09.04) : 1180 0852 class=088000
3:724  0:000  PCI (00|00:1F.00) : 8086 2815 class=060100
3:724  0:000  PCI (00|00:1F.01) : 8086 2850 class=01018A
3:724  0:000  PCI (00|00:1F.02) : 8086 2829 class=010601
3:724  0:000  PCI (00|00:1F.03) : 8086 283E class=0C0500
3:738  0:014  _checkOEMPath Look for oem dir at path '\EFI\CLOVER\OEM\Inspiron 1525--00-21-9B-D7-9D-C2'. Dir doesn't exist.
3:738  0:000  _checkOEMPath Look for oem dir at path '\EFI\CLOVER\OEM\Inspiron 1525'. Dir doesn't exist.
3:738  0:000  _checkOEMPath Look for oem dir at path '\EFI\CLOVER\OEM\Inspiron 1525-2500'. Dir doesn't exist.
3:738  0:000  _checkOEMPath Look for oem dir at path '\EFI\CLOVER\OEM\0U990C'. Dir doesn't exist.
3:738  0:000  _checkOEMPath Look for oem dir at path '\EFI\CLOVER\OEM\0U990C-2500'. Dir doesn't exist.
3:738  0:000  === [ GetUserSettings ] =========================
3:738  0:000  GetDefaultModel()=MacBook4,1
3:738  0:000  Using config.plist at path: \EFI\CLOVER
3:739  0:001  Cannot find smbios.plist at path '\EFI\CLOVER' : Not Found
3:739  0:000  '\EFI\CLOVER\smbios.plist' not loaded. Efi error Not Found
3:739  0:000  BiosVersion: MB41.88Z.00C1.B00.0802091535
5:179  1:439  BiosReleaseDate: 02/09/08
5:312  0:133  EfiVersion: 
5:440  0:127  Calibrated TSC Frequency = 2493749853 = 2493MHz
6:003  0:562  GOP found at: PcieRoot(0x0)/Pci(0x2,0x0)/AcpiAdr(0x80010100)
6:569  0:566  === [ GetListOfThemes ] =========================
6:712  0:143  === [ Found config plists ] =====================
6:841  0:128  - config.plist
6:963  0:121  === [ LoadDrivers ] =============================
7:107  0:143  Loading ApfsDriverLoader.efi status=Success
7:910  0:803   - driver needs connecting
8:035  0:124  Loading AudioDxe.efi status=Success
8:435  0:400   - driver needs connecting
8:561  0:125  Loading FSInject.efi status=Success
8:940  0:378  Loading Ps2MouseDxe.efi status=Success
9:719  0:779   - driver needs connecting
10:247  0:528  Loading SMCHelper.efi status=Success
10:626  0:378  Loading UsbMouseDxe.efi status=Success
11:004  0:378   - driver needs connecting
11:129  0:125  Loading XhciDxe.efi status=Success
11:522  0:392   - driver needs connecting
11:649  0:127  Loading NTFS.efi status=Success
12:071  0:422   - driver needs connecting
12:202  0:130  Loading NvmExpressDxe.efi status=Success
12:991  0:789   - driver needs connecting
13:511  0:519  Loading Fat.efi status=Success
13:890  0:379   - driver needs connecting
14:019  0:128  Loading EmuVariableUefi.efi status=Success
14:834  0:815  EmuVariableUefi Initialize: VariableCommonInitialize = Success, orig services stored, install gEmuVariableControlProtocolGuid = Success
15:394  0:559  8 drivers needs connecting ...
15:518  0:124  PlatformDriverOverrideProtocol->GetDriver overriden
15:647  0:129  APFS driver loaded
22:708  7:060  EmuVariable InstallEmulation: orig vars copied, emu.var.services installed, CreateEvent VirtualAddressChange = Success, CreateEvent ExitBootServices = Success, set Status=Success
25:323  2:615  === [ InitScreen ] ==============================
25:475  0:151  Console modes reported: 4, available modes:
25:617  0:142   - [01]: 80x25
25:757  0:139   - [03]: 100x31
26:333  0:576   - [04]: 160x42 (current mode)
26:473  0:140  SetScreenResolution: 1280x1024 - not found!
26:758  0:285  SetScreenResolution: 1280x800 - already set
27:045  0:287  Using embedded font
27:186  0:140  === [ ScanSPD ] =================================
27:336  0:149  Scanning SMBus [8086:283E], mmio: 0xFE9FB700, ioport: 0x10C0, hostc: 0x1
27:489  0:152  Slot: 0 Type 19 2048MB 667MHz Vendor=Kingston PartNo=9905295-052.A00LF SerialNo=69CC526E
27:644  0:154  Slot: 2 Type 19 2048MB 667MHz Vendor=Kingston PartNo=9905295-052.A00LF SerialNo=69CC526E
27:787  0:143  === [ GetAcpiTablesList ] =======================
27:934  0:147  Get Acpi Tables List from RSDT:
28:216  0:281   - [00]: FACP  M08     len=116
28:758  0:542   - [01]: HPET  M08     len=56
29:288  0:529   - [02]: APIC  M08     len=104
29:433  0:145   - [03]: MCFG  M08     len=62
29:575  0:141   - [04]: SLIC  M08     len=374
29:714  0:138   - [05]: OSFR  M08     len=44
29:863  0:148   - [06]: BOOT  M08     len=40
30:004  0:141   - [07]: SSDT  CpuPm len=1228
30:145  0:140   - [00]: Drop table : DMAR,                0 :  no
30:434  0:288   - [01]: Drop table : SSDT,       6d50757043 :  yes
30:713  0:279   - [02]: Drop table : SSDT,   74734930757043 :  no
30:994  0:280   - [03]: Drop table : BGRT,                0 :  no
31:275  0:280  Custom boot CUSTOM_BOOT_USER_DISABLED (0x0)
31:413  0:138  Default theme: embedded
31:560  0:146  === [ Found DSDT tables ] =======================
31:704  0:144  === [ InitKextList ] ============================
32:263  0:558  === [ ScanVolumes ] =============================
32:825  0:562  Found 15 volumes with blockIO
32:973  0:147  - [00]: Volume: PcieRoot(0x0)\Pci(0x1D,0x7)\USB(0x1,0x0)
33:272  0:299          Result of bootcode detection: bootable unknown (legacy)
33:828  0:556  - [01]: Volume: PcieRoot(0x0)\Pci(0x1D,0x7)\USB(0x1,0x0)\HD(1,MBR,0x00058E69,0x3F,0x3BB7C1)
34:126  0:298          Result of bootcode detection: bootable unknown (legacy)
34:273  0:146            label : BDU
34:417  0:144          This is SelfVolume !!
34:557  0:139  - [02]: Volume: PcieRoot(0x0)\Pci(0x1D,0x7)\USB(0x2,0x0)
34:862  0:305          Result of bootcode detection: bootable unknown (legacy)
35:004  0:141  - [03]: Volume: PcieRoot(0x0)\Pci(0x1D,0x7)\USB(0x2,0x0)\HD(1,GPT,83538FDA-D87E-4C7F-944B-ED7840263926,0x800,0x1CE0498)
35:307  0:302          Result of bootcode detection: bootable Windows (vista,win)
35:459  0:151            label : CCCOMA_X64FRE_RU-RU_DV9
35:598  0:139  - [04]: Volume: PcieRoot(0x0)\Pci(0x1D,0x7)\USB(0x2,0x0)\HD(2,GPT,ADA99269-7BFF-4074-871A-1D7159C26875,0x1CE0C98,0x800)
36:298  0:699          Result of bootcode detection: bootable unknown (legacy)
36:855  0:557            label : UEFI_NTFS
36:998  0:143  - [05]: Volume: PcieRoot(0x0)\Pci(0x1F,0x1)\Ata(0x0)
37:279  0:280  - [06]: Volume: PcieRoot(0x0)\Pci(0x1F,0x2)\Sata(0x0,0x0,0x0)
37:924  0:644          Result of bootcode detection: bootable unknown (legacy)
38:595  0:671  - [07]: Volume: PcieRoot(0x0)\Pci(0x1F,0x2)\Sata(0x0,0x0,0x0)\HD(1,MBR,0xF0000000,0x3F,0x65F5B)
38:885  0:289          Result of bootcode detection: bootable unknown (legacy)
39:027  0:142            label : Unknown HD1
39:165  0:137  - [08]: Volume: PcieRoot(0x0)\Pci(0x1F,0x2)\Sata(0x0,0x0,0x0)\HD(2,MBR,0xF0000000,0x66000,0x32000)
39:473  0:308          Result of bootcode detection: bootable Windows (vista,win)
39:614  0:141            label : System Reservation
40:095  0:480          hiding this volume
40:667  0:572  - [09]: Volume: PcieRoot(0x0)\Pci(0x1F,0x2)\Sata(0x0,0x0,0x0)\HD(3,MBR,0xF0000000,0x98000,0xDC35800)
40:978  0:311          Result of bootcode detection: bootable Windows (vista,win)
41:539  0:560            label : WIN7
42:075  0:535  - [10]: Volume: PcieRoot(0x0)\Pci(0x1F,0x2)\Sata(0x0,0x0,0x0)\HD(4,MBR,0xF0000000,0xDCCD94C,0xF4F6C35)
42:366  0:290          Result of bootcode detection: bootable Windows (win)
42:530  0:164            label : MIX
42:680  0:150          hiding this volume
42:825  0:144  - [11]: Volume: PcieRoot(0x0)\Pci(0x1C,0x3)\Pci(0x0,0x0)\NVMe(0x1,01-00-00-00-00-00-00-00)
43:116  0:290  - [12]: Volume: PcieRoot(0x0)\Pci(0x1C,0x3)\Pci(0x0,0x0)\NVMe(0x1,01-00-00-00-00-00-00-00)\HD(1,GPT,D3E11C9D-6CAC-4A3B-ACC6-CF574429F244,0x800,0x32000)
43:404  0:288          Result of bootcode detection: bootable Windows (vista,win)
43:566  0:161            label : EFI
43:708  0:142  - [13]: Volume: PcieRoot(0x0)\Pci(0x1C,0x3)\Pci(0x0,0x0)\NVMe(0x1,01-00-00-00-00-00-00-00)\HD(2,GPT,0059DF20-848F-4B16-B15B-62DBED23F50F,0x32800,0x8000)
43:993  0:285  - [14]: Volume: PcieRoot(0x0)\Pci(0x1C,0x3)\Pci(0x0,0x0)\NVMe(0x1,01-00-00-00-00-00-00-00)\HD(3,GPT,9313C411-8C5B-4CEB-8205-9182457A20B6,0x3A800,0x1DCB8800)
44:274  0:280          Result of bootcode detection: bootable Windows (vista,win)
44:419  0:144            label : .
44:563  0:144  Searching volumes for latest nvram.plist ...
45:685  1:122   - [0] no nvram.plist
45:836  0:150  LoadLatestNvramPlist loaded Status=Not Found
45:985  0:149  PutNvramPlistToRtVars: no nvram.plist
46:136  0:150  found 3 handles with audio
46:273  0:137  No AudioIoDevice stored
46:415  0:141  no stored audio parameters
46:555  0:139  Found Audio Device Silicon Image (Unknown) (HDMI) at index 0
46:699  0:143  Found Audio Device Sigmatel STAC9228X (Headphones) at index 1
46:843  0:144  Found Audio Device Sigmatel STAC9228X (Speaker) at index 2
46:983  0:140  Found Audio Device Sigmatel STAC9228X (LineOut) at index 3
47:125  0:141  Found Audio Device Sigmatel STAC9228X (Other) at index 4
47:266  0:141  === [ InitXTheme ] ==============================
47:407  0:141  use Daylight theme
47:546  0:138   using embedded theme
47:710  0:164  sound play end with status=Device Error
48:240  0:530  Using embedded font
48:384  0:143  theme inited
48:525  0:141  Chosen embedded theme
49:069  0:544  after NVRAM boot-args=
49:615  0:545  === [ Dump SMC keys from NVRAM ] ================
49:758  0:142  found AppleSMC protocol
49:897  0:139  Registered 0 SMC keys
50:044  0:146  === [ ScanLoader ] ==============================
50:189  0:144  - [01]: 'BDU'
50:476  0:286        AddLoaderEntry for Volume Name=BDU, idx=0
50:620  0:144        OSVersion= 
50:766  0:146        IconName=unknown comma=-1 size=7
50:906  0:139        Full=unknown
51:049  0:143        Loader entry created for 'PcieRoot(0x0)\Pci(0x1D,0x7)\USB(0x1,0x0)\HD(1,MBR,0x00058E69,0x3F,0x3BB7C1)\EFI\BOOT\BOOTX64.efi'
51:187  0:137       hiding entry: \EFI\BOOT\BOOTX64.efi
51:324  0:137        Menu entry added at index 0
51:468  0:144       hiding entry because DiskKind is DISK_KIND_EXTERNAL: \EFI\BOOT\BOOTX64.efi
51:612  0:143  - [03]: 'CCCOMA_X64FRE_RU-RU_DV9'
52:198  0:586        AddLoaderEntry for Volume Name=CCCOMA_X64FRE_RU-RU_DV9, idx=1
52:916  0:718        OSVersion= 
53:464  0:547        IconName=vista,win comma=5 size=9
53:997  0:532        first=os_vista
54:140  0:142        Second=os_win
54:284  0:143        IconName=unknown comma=-1 size=7
54:424  0:140        Full=unknown
54:570  0:145        Loader entry created for 'PcieRoot(0x0)\Pci(0x1D,0x7)\USB(0x2,0x0)\HD(1,GPT,83538FDA-D87E-4C7F-944B-ED7840263926,0x800,0x1CE0498)\EFI\MICROSOFT\BOOT\cdboot.efi'
54:709  0:138        Menu entry added at index 1
55:106  0:397        AddLoaderEntry for Volume Name=CCCOMA_X64FRE_RU-RU_DV9, idx=2
55:915  0:808        OSVersion= 
56:058  0:143        IconName=unknown comma=-1 size=7
56:196  0:138        Full=unknown
56:400  0:203        Loader entry created for 'PcieRoot(0x0)\Pci(0x1D,0x7)\USB(0x2,0x0)\HD(1,GPT,83538FDA-D87E-4C7F-944B-ED7840263926,0x800,0x1CE0498)\EFI\BOOT\BOOTX64.efi'
56:537  0:137       hiding entry: \EFI\BOOT\BOOTX64.efi
56:676  0:138        Menu entry added at index 2
56:817  0:140       hiding entry because DiskKind is DISK_KIND_EXTERNAL: \EFI\BOOT\BOOTX64.efi
56:965  0:148  - [04]: 'UEFI_NTFS'
57:717  0:751        AddLoaderEntry for Volume Name=UEFI_NTFS, idx=3
57:859  0:141        OSVersion= 
58:418  0:558        IconName=unknown comma=-1 size=7
58:949  0:531        Full=unknown
59:089  0:139        Loader entry created for 'PcieRoot(0x0)\Pci(0x1D,0x7)\USB(0x2,0x0)\HD(2,GPT,ADA99269-7BFF-4074-871A-1D7159C26875,0x1CE0C98,0x800)\EFI\BOOT\BOOTX64.efi'
59:234  0:144       hiding entry: \EFI\BOOT\BOOTX64.efi
59:369  0:135        Menu entry added at index 3
59:509  0:140       hiding entry because DiskKind is DISK_KIND_EXTERNAL: \EFI\BOOT\BOOTX64.efi
59:655  0:145  - [07]: 'Unknown HD1'
59:938  0:283  - [08]: 'System Reservation'
60:228  0:289  - [09]: 'WIN7'
60:519  0:291  - [10]: 'MIX'
60:804  0:284  - [12]: 'EFI'
61:124  0:320        AddLoaderEntry for Volume Name=EFI, idx=4
61:270  0:145        OSVersion= 
61:415  0:144        IconName=vista,win comma=5 size=9
61:947  0:531        first=os_vista
62:488  0:541        Second=os_win
62:635  0:146        IconName=unknown comma=-1 size=7
62:783  0:148        Full=unknown
62:924  0:140        Loader entry created for 'PcieRoot(0x0)\Pci(0x1C,0x3)\Pci(0x0,0x0)\NVMe(0x1,01-00-00-00-00-00-00-00)\HD(1,GPT,D3E11C9D-6CAC-4A3B-ACC6-CF574429F244,0x800,0x32000)\EFI\microsoft\Boot\bootmgfw.efi'
63:071  0:146        Menu entry added at index 4
63:262  0:191        AddLoaderEntry for Volume Name=EFI, idx=5
63:406  0:143        OSVersion= 
63:551  0:145        IconName=unknown comma=-1 size=7
63:694  0:143        Full=unknown
63:835  0:140        Loader entry created for 'PcieRoot(0x0)\Pci(0x1C,0x3)\Pci(0x0,0x0)\NVMe(0x1,01-00-00-00-00-00-00-00)\HD(1,GPT,D3E11C9D-6CAC-4A3B-ACC6-CF574429F244,0x800,0x32000)\EFI\BOOT\BOOTX64.efi'
63:979  0:144       hiding entry: \EFI\BOOT\BOOTX64.efi
64:118  0:138        Menu entry added at index 5
64:259  0:140       hiding entry because DiskKind is DISK_KIND_INTERNAL: \EFI\BOOT\BOOTX64.efi
64:403  0:144  - [14]: '.'
64:690  0:286  Entries list before ordering
65:221  0:530      Entry 0 : Boot UEFI external from BDU (hidden)
65:375  0:154      Entry 1 : Boot Microsoft EFI cdboot from CCCOMA_X64FRE_RU-RU_DV9
65:919  0:544      Entry 2 : Boot UEFI external from CCCOMA_X64FRE_RU-RU_DV9 (hidden)
66:454  0:535      Entry 3 : Boot UEFI external from UEFI_NTFS (hidden)
66:600  0:146      Entry 4 : Boot Microsoft EFI Boot from EFI
66:745  0:144      Entry 5 : Boot UEFI internal from EFI (hidden)
66:884  0:139  Entries after before ordering
67:030  0:146    Entry 0 : Boot UEFI external from BDU (hidden)
67:185  0:154    Entry 1 : Boot Microsoft EFI cdboot from CCCOMA_X64FRE_RU-RU_DV9
67:326  0:141    Entry 2 : Boot UEFI external from CCCOMA_X64FRE_RU-RU_DV9 (hidden)
67:469  0:142    Entry 3 : Boot UEFI external from UEFI_NTFS (hidden)
67:614  0:145    Entry 4 : Boot Microsoft EFI Boot from EFI
67:753  0:139    Entry 5 : Boot UEFI internal from EFI (hidden)
67:903  0:149  Scanning legacy ...
68:046  0:142      AddLegacyEntry:
68:183  0:137        FullTitle=
68:328  0:145        LoaderTitle=
68:475  0:146        Volume->LegacyOS->Name=Windows
68:616  0:141        Entry->Title=Boot Windows from CCCOMA_X64FRE_RU-RU_DV9
68:759  0:142        IconName=vista,win comma=5 size=9
68:905  0:145        first=os_vista
69:428  0:523        Second=os_win
69:968  0:539        IconName=unknown comma=-1 size=7
70:110  0:142        Full=unknown
70:256  0:145   hidden
70:395  0:139      AddLegacyEntry:
70:539  0:143        FullTitle=
70:679  0:139        LoaderTitle=
70:819  0:140        Volume->LegacyOS->Name=Windows
70:960  0:140        Entry->Title=Boot Windows from WIN7
71:097  0:136        IconName=vista,win comma=5 size=9
71:297  0:200        first=os_vista
71:453  0:156        Second=os_win
71:594  0:141        IconName=unknown comma=-1 size=7
71:736  0:141        Full=unknown
71:878  0:142   hidden
72:018  0:139      AddLegacyEntry:
72:157  0:138        FullTitle=
72:703  0:545        LoaderTitle=
72:856  0:152        Volume->LegacyOS->Name=Windows
73:398  0:541        Entry->Title=Boot Windows from EFI
73:929  0:531        IconName=vista,win comma=5 size=9
74:070  0:141        first=os_vista
74:215  0:144        Second=os_win
74:348  0:133        IconName=unknown comma=-1 size=7
74:489  0:141        Full=unknown
74:635  0:146      AddLegacyEntry:
74:770  0:135        FullTitle=
74:910  0:139        LoaderTitle=
75:055  0:144        Volume->LegacyOS->Name=Windows
75:189  0:134        Entry->Title=Boot Windows from .
75:331  0:141        IconName=vista,win comma=5 size=9
75:475  0:144        first=os_vista
75:615  0:139        Second=os_win
75:760  0:144        IconName=unknown comma=-1 size=7
75:904  0:144        Full=unknown
76:045  0:141  === [ AddCustomTool ] ===========================
76:208  0:162  EmuVariable UninstallEmulation: CloseEvent = Success, original var services restored
77:426  1:218  EmuVariable InstallEmulation: orig vars copied, emu.var.services installed, CreateEvent VirtualAddressChange = Success, CreateEvent ExitBootServices = Success, set Status=Success
78:268  0:842  === [ GetEfiBootDeviceFromNvram ] ===============
78:413  0:145   - [!] efi-boot-device-data not found
78:554  0:140  Default boot entry not found
78:695  0:141  EmuVariable UninstallEmulation: CloseEvent = Success, original var services restored
79:114  0:418  BannerPlace at Clear Screen [576,84]
79:304  0:189  AnimeRun=0
79:501  0:196  GUI ready
