0:100  0:100  MemLog inited, TSC freq: 2493748583
0:100  0:000  CPU was calibrated with ACPI PM Timer
0:100  0:000  LegacyRegion2: Chipset/proc: 0x2A008086
0:100  0:000   Intel Series 4 and similar (PAM 0x90-0x96)
0:100  0:000   Test PAM1=(0x41=50, 0x5a=00, 0x81=00, 0x91=11) at chipset 2A008086
0:100  0:000  , Install = Success
0:115  0:015  BiosVideoDriverBindingStart!
0:115  0:000  BiosVideoCheckForVbe
0:115  0:000  EdidOverride not found
0:127  0:012   Edid1+
0:127  0:000   found Detail Timing 1280x800
0:127  0:000  timing string after 0xFE:X949H
0:127  0:000  timing string after 0xFE:&6@GjÆÿ
  
0:128  0:000     0 1280x800 attr=9B - ok, edid+, working, highest, pref=0
0:129  0:001     1 1024x768 attr=9B - ok, edid-, 1024x768, working
0:129  0:000     2 640x480 attr=9B - ok, edid-, 640x480, working
0:129  0:000     3 800x600 attr=9B - ok, edid-, 800x600, working
0:129  0:000  BV new mode: 0 1280x800
0:196  0:067   SetMode pref 0 (0) = Success
2:982  2:785  CloverX64 : Image base = 0xDD581000
2:982  0:000  Clover ImageHandle = de956818
2:982  0:000  === [ Starting Clover ] =========================
2:982  0:000  Now is 10.05.2023,  21:59:43 (GMT)
2:982  0:000  Starting Clover revision: 5146 (master, commit 31187f6e1) on CLOVER EFI
2:982  0:000  Build id: 20220324214945-31187f6-5146-dirty
2:982  0:000  Build with: [Args: -D NO_GRUB_DRIVERS_EMBEDDED -D LESS_DEBUG -t GCC53 | --cmd-len=50000 -D NO_GRUB_DRIVERS_EMBEDDED -D LESS_DEBUG --conf=/Users/sergey/src/CloverBootloader/Conf -D USE_LOW_EBDA -a X64 -b RELEASE -t GCC53 -n 5 | OS: 12.3]
2:982  0:000  === [ Get Smbios ] ==============================
2:982  0:000  Type 16 Index = 0
2:982  0:000  Total Memory Slots Count = 2
2:982  0:000  Type 17 Index = 0
2:982  0:000  SmbiosTable.Type17->SlotIndex = 0
2:982  0:000  SmbiosTable.Type17->ModuleSize = 2048MB
2:982  0:000  SmbiosTable.Type17->Type = 0
2:982  0:000  SmbiosTable.Type17->Frequency = 667MHz
2:982  0:000  SmbiosTable.Type17->Bank/Device =  DIMM_A
2:982  0:000  SmbiosTable.Type17->Vendor = 7F98000000000000
2:982  0:000  SmbiosTable.Type17->SerialNo = 69CC526E
2:982  0:000  SmbiosTable.Type17->PartNo = 9905295-052.A00LF
2:982  0:000  Type 17 Index = 1
2:982  0:000  SmbiosTable.Type17->SlotIndex = 1
2:982  0:000  SmbiosTable.Type17->ModuleSize = 2048MB
2:982  0:000  SmbiosTable.Type17->Type = 0
2:982  0:000  SmbiosTable.Type17->Frequency = 667MHz
2:982  0:000  SmbiosTable.Type17->Bank/Device =  DIMM_B
2:982  0:000  SmbiosTable.Type17->Vendor = 7F98000000000000
2:982  0:000  SmbiosTable.Type17->SerialNo = 69CC526E
2:982  0:000  SmbiosTable.Type17->PartNo = 9905295-052.A00LF
2:982  0:000  Boot status=0
2:982  0:000  Running on: 'Inspiron 1525' with board '0U990C'
2:982  0:000  === [ GetCPUProperties ] ========================
2:982  0:000  CPU Vendor = 756E6547 Model=10676
2:982  0:000   The CPU supported SSE4.1
2:982  0:000   The CPU not supported RDRAND
2:982  0:000  BrandString = Intel(R) Core(TM)2 Duo CPU     T9300  @ 2.50GHz
2:982  0:000  got cores from CPUID_1 = 2
2:982  0:000   The CPU supported turbo
2:982  0:000   Energy PerfBias is  not visible:
2:982  0:000  MSR dumps:
2:982  0:000  	@0x00CD=1a2
2:982  0:000  	@0x0198=6174c2206004c22
2:982  0:000  FSBFrequency = 200 MHz, DMI FSBFrequency = 200 MHz, Corrected FSBFrequency = 200 MHz
2:983  0:000  MaxDiv/MinDiv: 12.5/6
2:983  0:000  Turbo: 13/0/0/0
2:983  0:000  Features: 0x8E3BDBFEBFBFF
2:983  0:000  Threads: 2
2:983  0:000  Cores: 2
2:983  0:000  FSB: 200 MHz
2:983  0:000  CPU: 2500 MHz
2:983  0:000  TSC: 2500 MHz
2:983  0:000  PIS: 800 MHz
2:983  0:000  ExternalClock: 200 MHz
2:983  0:000  === [ GetDevices ] ==============================
2:983  0:000  Found more than one GOP protocol ??? Using the first one
2:983  0:000  GOP found at: PcieRoot(0x0)/Pci(0x2,0x0)/AcpiAdr(0x80010100)
2:983  0:000  PCI (00|00:00.00) : 8086 2A00 class=060000
2:983  0:000  PCI (00|00:02.00) : 8086 2A02 class=030000
2:983  0:000   - GFX: Model=Intel GMA X3100 (Intel)
2:983  0:000   - GOP: Provided by device
2:983  0:000  PCI (00|00:02.01) : 8086 2A03 class=038000
2:983  0:000   - GFX: Model=Intel GMA X3100 (Intel)
2:983  0:000  PCI (00|00:1A.00) : 8086 2834 class=0C0300
2:983  0:000  PCI (00|00:1A.01) : 8086 2835 class=0C0300
2:983  0:000  PCI (00|00:1A.07) : 8086 283A class=0C0320
2:983  0:000  PCI (00|00:1B.00) : 8086 284B class=040300
2:983  0:000  PCI (00|00:1C.00) : 8086 283F class=060400
2:983  0:000  PCI (00|09:00.00) : 11AB 4354 class=020000
2:983  0:000   - LAN: 1 Vendor=Marvell
2:983  0:000  Legacy MAC address of LAN #0= 00:21:9B:D7:9D:C2:
2:983  0:000  PCI (00|00:1C.01) : 8086 2841 class=060400
2:983  0:000  PCI (00|0B:00.00) : 14E4 4315 class=028000
2:983  0:000   - WIFI: Vendor= Broadcom
2:983  0:000  PCI (00|00:1C.03) : 8086 2845 class=060400
2:983  0:000  PCI (00|0C:00.00) : 1E4B 1202 class=010802
2:983  0:000  PCI (00|00:1C.04) : 8086 2847 class=060400
2:983  0:000  PCI (00|0D:00.00) : 1912 0015 class=0C0330
2:983  0:000  PCI (00|00:1D.00) : 8086 2830 class=0C0300
2:983  0:000  PCI (00|00:1D.01) : 8086 2831 class=0C0300
2:983  0:000  PCI (00|00:1D.02) : 8086 2832 class=0C0300
2:983  0:000  PCI (00|00:1D.07) : 8086 2836 class=0C0320
2:983  0:000  PCI (00|00:1E.00) : 8086 2448 class=060401
2:983  0:000  PCI (00|02:09.00) : 1180 0832 class=0C0010
2:983  0:000  PCI (00|02:09.01) : 1180 0822 class=080501
2:983  0:000  PCI (00|02:09.02) : 1180 0843 class=088000
2:983  0:000  PCI (00|02:09.03) : 1180 0592 class=088000
2:983  0:000  PCI (00|02:09.04) : 1180 0852 class=088000
2:983  0:000  PCI (00|00:1F.00) : 8086 2815 class=060100
2:983  0:000  PCI (00|00:1F.01) : 8086 2850 class=01018A
2:983  0:000  PCI (00|00:1F.02) : 8086 2829 class=010601
2:983  0:000  PCI (00|00:1F.03) : 8086 283E class=0C0500
2:998  0:014  _checkOEMPath Look for oem dir at path '\EFI\CLOVER\OEM\Inspiron 1525--00-21-9B-D7-9D-C2'. Dir doesn't exist.
2:998  0:000  _checkOEMPath Look for oem dir at path '\EFI\CLOVER\OEM\Inspiron 1525'. Dir doesn't exist.
2:998  0:000  _checkOEMPath Look for oem dir at path '\EFI\CLOVER\OEM\Inspiron 1525-2500'. Dir doesn't exist.
2:998  0:000  _checkOEMPath Look for oem dir at path '\EFI\CLOVER\OEM\0U990C'. Dir doesn't exist.
2:998  0:000  _checkOEMPath Look for oem dir at path '\EFI\CLOVER\OEM\0U990C-2500'. Dir doesn't exist.
2:998  0:000  === [ GetUserSettings ] =========================
2:998  0:000  GetDefaultModel()=MacBook4,1
2:998  0:000  Using config.plist at path: \EFI\CLOVER
2:999  0:001  Cannot find smbios.plist at path '\EFI\CLOVER' : Not Found
2:999  0:000  '\EFI\CLOVER\smbios.plist' not loaded. Efi error Not Found
2:999  0:000  BiosVersion: MB41.88Z.00C1.B00.0802091535
4:152  1:152  BiosReleaseDate: 02/09/08
4:277  0:125  EfiVersion: 
4:405  0:128  Calibrated TSC Frequency = 2493748583 = 2493MHz
4:987  0:581  GOP found at: PcieRoot(0x0)/Pci(0x2,0x0)/AcpiAdr(0x80010100)
5:556  0:569  === [ GetListOfThemes ] =========================
5:699  0:143  === [ Found config plists ] =====================
5:829  0:129  - config.plist
5:951  0:121  === [ LoadDrivers ] =============================
6:096  0:144  Loading ApfsDriverLoader.efi status=Success
6:477  0:381   - driver needs connecting
7:044  0:567  Loading AudioDxe.efi status=Success
7:441  0:396   - driver needs connecting
7:563  0:122  Loading FSInject.efi status=Success
7:946  0:382  Loading Ps2MouseDxe.efi status=Success
8:737  0:791   - driver needs connecting
9:270  0:532  Loading SMCHelper.efi status=Success
9:653  0:383  Loading UsbMouseDxe.efi status=Success
10:038  0:384   - driver needs connecting
10:169  0:131  Loading XhciDxe.efi status=Success
10:567  0:398   - driver needs connecting
10:693  0:126  Loading NTFS.efi status=Success
11:121  0:427   - driver needs connecting
11:247  0:126  Loading NvmExpressDxe.efi status=Success
12:045  0:797   - driver needs connecting
12:569  0:524  Loading Fat.efi status=Success
12:954  0:384   - driver needs connecting
13:079  0:125  8 drivers needs connecting ...
13:208  0:128  PlatformDriverOverrideProtocol->GetDriver overriden
13:333  0:125  APFS driver loaded
19:366  6:033  === [ InitScreen ] ==============================
20:348  0:982  Console modes reported: 4, available modes:
20:499  0:150   - [01]: 80x25
20:640  0:141   - [03]: 100x31
20:784  0:143   - [04]: 160x42 (current mode)
21:366  0:581  SetScreenResolution: 1280x1024 - not found!
22:085  0:719  SetScreenResolution: 1280x800 - already set
22:377  0:291  Using embedded font
22:524  0:147  === [ ScanSPD ] =================================
22:676  0:151  Scanning SMBus [8086:283E], mmio: 0xFE9FB700, ioport: 0x10C0, hostc: 0x1
22:830  0:153  Slot: 0 Type 19 2048MB 667MHz Vendor=Kingston PartNo=9905295-052.A00LF SerialNo=69CC526E
22:998  0:167  Slot: 2 Type 19 2048MB 667MHz Vendor=Kingston PartNo=9905295-052.A00LF SerialNo=69CC526E
23:565  0:567  === [ GetAcpiTablesList ] =======================
23:712  0:147  Get Acpi Tables List from RSDT:
24:002  0:289   - [00]: FACP  M08     len=116
24:137  0:135   - [01]: HPET  M08     len=56
24:283  0:145   - [02]: APIC  M08     len=104
24:434  0:150   - [03]: MCFG  M08     len=62
24:574  0:140   - [04]: SLIC  M08     len=374
24:719  0:144   - [05]: OSFR  M08     len=44
24:863  0:144   - [06]: BOOT  M08     len=40
25:403  0:540   - [07]: SSDT  CpuPm len=1228
25:955  0:551   - [00]: Drop table : DMAR,                0 :  no
26:238  0:282   - [01]: Drop table : SSDT,       6d50757043 :  yes
26:530  0:292   - [02]: Drop table : SSDT,   74734930757043 :  no
26:813  0:283   - [03]: Drop table : BGRT,                0 :  no
27:097  0:283  Custom boot CUSTOM_BOOT_USER_DISABLED (0x0)
27:238  0:141  Default theme: embedded
27:383  0:145  === [ Found DSDT tables ] =======================
27:524  0:140  === [ InitKextList ] ============================
27:680  0:155  === [ ScanVolumes ] =============================
27:840  0:159  Found 10 volumes with blockIO
27:977  0:137  - [00]: Volume: PcieRoot(0x0)\Pci(0x1D,0x7)\USB(0x1,0x0)
28:275  0:298          Result of bootcode detection: bootable unknown (legacy)
28:418  0:142  - [01]: Volume: PcieRoot(0x0)\Pci(0x1D,0x7)\USB(0x1,0x0)\HD(1,MBR,0x00058E69,0x3F,0x3BB7C1)
29:536  1:117          Result of bootcode detection: bootable unknown (legacy)
29:675  0:138            label : BDU
29:816  0:141          This is SelfVolume !!
29:955  0:139  - [02]: Volume: PcieRoot(0x0)\Pci(0x1F,0x1)\Ata(0x0)
30:236  0:280  - [03]: Volume: PcieRoot(0x0)\Pci(0x1F,0x2)\Sata(0x0,0x0,0x0)
30:874  0:638          Result of bootcode detection: bootable unknown (legacy)
31:525  0:650  - [04]: Volume: PcieRoot(0x0)\Pci(0x1F,0x2)\Sata(0x0,0x0,0x0)\HD(1,MBR,0xF0000000,0x3F,0x65F5B)
31:809  0:284          Result of bootcode detection: bootable unknown (legacy)
31:950  0:140            label : Unknown HD1
32:085  0:135  - [05]: Volume: PcieRoot(0x0)\Pci(0x1F,0x2)\Sata(0x0,0x0,0x0)\HD(2,MBR,0xF0000000,0x66000,0x32000)
32:399  0:313          Result of bootcode detection: bootable Windows (vista,win)
32:547  0:147            label : System Reservation
32:688  0:140          hiding this volume
32:826  0:138  - [06]: Volume: PcieRoot(0x0)\Pci(0x1F,0x2)\Sata(0x0,0x0,0x0)\HD(3,MBR,0xF0000000,0x98000,0xDC35800)
33:926  1:100          Result of bootcode detection: bootable Windows (vista,win)
34:076  0:149            label : WIN7
34:658  0:581  - [07]: Volume: PcieRoot(0x0)\Pci(0x1F,0x2)\Sata(0x0,0x0,0x0)\HD(4,MBR,0xF0000000,0xDCCD94C,0xF4F6C35)
34:939  0:281          Result of bootcode detection: bootable Windows (win)
35:100  0:161            label : MIX
35:244  0:143          hiding this volume
35:389  0:144  - [08]: Volume: PcieRoot(0x0)\Pci(0x1C,0x3)\Pci(0x0,0x0)\NVMe(0x1,01-00-00-00-00-00-00-00)
35:674  0:285  - [09]: Volume: PcieRoot(0x0)\Pci(0x1C,0x3)\Pci(0x0,0x0)\NVMe(0x1,01-00-00-00-00-00-00-00)\HD(1,MBR,0xDD1EA487,0x800,0x1DCF2000)
35:964  0:290          Result of bootcode detection: bootable Windows (vista,win)
36:104  0:140            label : SSD
36:249  0:145  Searching volumes for latest nvram.plist ...
36:529  0:279  LoadLatestNvramPlist loaded Status=Not Found
36:669  0:139  PutNvramPlistToRtVars: no nvram.plist
37:155  0:486  found 3 handles with audio
37:695  0:539  No AudioIoDevice stored
38:234  0:538  no stored audio parameters
38:380  0:146  Found Audio Device Silicon Image (Unknown) (HDMI) at index 0
38:524  0:144  Found Audio Device Sigmatel STAC9228X (Headphones) at index 1
38:665  0:140  Found Audio Device Sigmatel STAC9228X (Speaker) at index 2
38:810  0:145  Found Audio Device Sigmatel STAC9228X (LineOut) at index 3
38:955  0:144  Found Audio Device Sigmatel STAC9228X (Other) at index 4
39:094  0:139  === [ InitXTheme ] ==============================
39:240  0:146  use night theme
39:382  0:142   using embedded theme
39:550  0:167  sound play end with status=Device Error
39:695  0:145  Using embedded font
39:845  0:149  theme inited
39:985  0:140  Chosen embedded theme
40:130  0:144  after NVRAM boot-args=
40:267  0:137  === [ Dump SMC keys from NVRAM ] ================
40:406  0:138  found AppleSMC protocol
40:550  0:144  Registered 0 SMC keys
40:687  0:137  === [ ScanLoader ] ==============================
41:234  0:546  - [01]: 'BDU'
41:915  0:681        AddLoaderEntry for Volume Name=BDU, idx=0
42:468  0:552        OSVersion= 
42:607  0:139        IconName=unknown comma=-1 size=7
42:753  0:146        Full=unknown
42:896  0:142        Loader entry created for 'PcieRoot(0x0)\Pci(0x1D,0x7)\USB(0x1,0x0)\HD(1,MBR,0x00058E69,0x3F,0x3BB7C1)\EFI\BOOT\BOOTX64.efi'
43:035  0:139       hiding entry: \EFI\BOOT\BOOTX64.efi
43:180  0:145        Menu entry added at index 0
43:325  0:144       hiding entry because DiskKind is DISK_KIND_EXTERNAL: \EFI\BOOT\BOOTX64.efi
43:465  0:140  - [04]: 'Unknown HD1'
43:757  0:291  - [05]: 'System Reservation'
44:047  0:290  - [06]: 'WIN7'
44:339  0:291  - [07]: 'MIX'
44:639  0:300  - [09]: 'SSD'
45:710  1:070  Entries list before ordering
45:859  0:148      Entry 0 : Boot UEFI external from BDU (hidden)
46:003  0:144  Entries after before ordering
46:144  0:141    Entry 0 : Boot UEFI external from BDU (hidden)
46:289  0:144  Scanning legacy ...
46:428  0:139   hidden
46:569  0:140      AddLegacyEntry:
46:710  0:141        FullTitle=
46:848  0:137        LoaderTitle=
46:988  0:140        Volume->LegacyOS->Name=Windows
47:130  0:142        Entry->Title=Boot Windows from WIN7
47:275  0:144        IconName=vista,win comma=5 size=9
47:415  0:139        first=os_vista
47:562  0:147        Second=os_win
47:705  0:142        IconName=unknown comma=-1 size=7
47:847  0:142        Full=unknown
47:993  0:146   hidden
48:135  0:141      AddLegacyEntry:
48:679  0:544        FullTitle=
49:224  0:544        LoaderTitle=
49:366  0:141        Volume->LegacyOS->Name=Windows
49:918  0:552        Entry->Title=Boot Windows from SSD
50:054  0:135        IconName=vista,win comma=5 size=9
50:199  0:145        first=os_vista
50:344  0:144        Second=os_win
50:484  0:139        IconName=unknown comma=-1 size=7
50:630  0:145        Full=unknown
50:775  0:145  === [ AddCustomTool ] ===========================
50:916  0:141  === [ GetEfiBootDeviceFromNvram ] ===============
51:059  0:142   - [!] efi-boot-device-data not found
51:204  0:144  Default boot entry not found
51:345  0:140  BannerPlace at Clear Screen [576,84]
51:532  0:186  AnimeRun=0
51:720  0:188  GUI ready
58:230  6:509  BootVariable of the entry is empty
59:224  0:993  DeleteNvramVariable (efi-boot-device, 7C436110-AB2A-4BBB-A880-FE41995C9F82):
59:375  0:151  DeleteNvramVariable (efi-boot-device-data, 7C436110-AB2A-4BBB-A880-FE41995C9F82):
59:520  0:144  DeleteNvramVariable (BootCampHD, 7C436110-AB2A-4BBB-A880-FE41995C9F82):
