0:100  0:100  MemLog inited, TSC freq: 2493750636
0:100  0:000  CPU was calibrated with ACPI PM Timer
0:100  0:000  LegacyRegion2: Chipset/proc: 0x2A008086
0:100  0:000   Intel Series 4 and similar (PAM 0x90-0x96)
0:100  0:000   Test PAM1=(0x41=50, 0x5a=00, 0x81=00, 0x91=11) at chipset 2A008086
0:100  0:000  , Install = Success
0:115  0:015  BiosVideoDriverBindingStart!
0:115  0:000  BiosVideoCheckForVbe
0:115  0:000  EdidOverride not found
0:127  0:012   Edid1+
0:127  0:000   found Detail Timing 1280x800
0:127  0:000  timing string after 0xFE:X949H
0:127  0:000  timing string after 0xFE:&6@GjÆÿ
  
0:128  0:000     0 1280x800 attr=9B - ok, edid+, working, highest, pref=0
0:129  0:001     1 1024x768 attr=9B - ok, edid-, 1024x768, working
0:129  0:000     2 640x480 attr=9B - ok, edid-, 640x480, working
0:129  0:000     3 800x600 attr=9B - ok, edid-, 800x600, working
0:129  0:000  BV new mode: 0 1280x800
0:196  0:067   SetMode pref 0 (0) = Success
2:982  2:785  CloverX64 : Image base = 0xDD581000
2:982  0:000  Clover ImageHandle = de95be18
2:982  0:000  === [ Starting Clover ] =========================
2:982  0:000  Now is 11.05.2023,  16:05:59 (GMT)
2:982  0:000  Starting Clover revision: 5146 (master, commit 31187f6e1) on CLOVER EFI
2:982  0:000  Build id: 20220324214945-31187f6-5146-dirty
2:982  0:000  Build with: [Args: -D NO_GRUB_DRIVERS_EMBEDDED -D LESS_DEBUG -t GCC53 | --cmd-len=50000 -D NO_GRUB_DRIVERS_EMBEDDED -D LESS_DEBUG --conf=/Users/sergey/src/CloverBootloader/Conf -D USE_LOW_EBDA -a X64 -b RELEASE -t GCC53 -n 5 | OS: 12.3]
2:982  0:000  === [ Get Smbios ] ==============================
2:982  0:000  Type 16 Index = 0
2:982  0:000  Total Memory Slots Count = 2
2:982  0:000  Type 17 Index = 0
2:982  0:000  SmbiosTable.Type17->SlotIndex = 0
2:982  0:000  SmbiosTable.Type17->ModuleSize = 2048MB
2:982  0:000  SmbiosTable.Type17->Type = 0
2:982  0:000  SmbiosTable.Type17->Frequency = 667MHz
2:982  0:000  SmbiosTable.Type17->Bank/Device =  DIMM_A
2:982  0:000  SmbiosTable.Type17->Vendor = 7F98000000000000
2:982  0:000  SmbiosTable.Type17->SerialNo = 69CC526E
2:982  0:000  SmbiosTable.Type17->PartNo = 9905295-052.A00LF
2:982  0:000  Type 17 Index = 1
2:982  0:000  SmbiosTable.Type17->SlotIndex = 1
2:982  0:000  SmbiosTable.Type17->ModuleSize = 2048MB
2:982  0:000  SmbiosTable.Type17->Type = 0
2:982  0:000  SmbiosTable.Type17->Frequency = 667MHz
2:982  0:000  SmbiosTable.Type17->Bank/Device =  DIMM_B
2:982  0:000  SmbiosTable.Type17->Vendor = 7F98000000000000
2:982  0:000  SmbiosTable.Type17->SerialNo = 69CC526E
2:982  0:000  SmbiosTable.Type17->PartNo = 9905295-052.A00LF
2:982  0:000  Boot status=0
2:982  0:000  Running on: 'Inspiron 1525' with board '0U990C'
2:982  0:000  === [ GetCPUProperties ] ========================
2:982  0:000  CPU Vendor = 756E6547 Model=10676
2:982  0:000   The CPU supported SSE4.1
2:982  0:000   The CPU not supported RDRAND
2:982  0:000  BrandString = Intel(R) Core(TM)2 Duo CPU     T9300  @ 2.50GHz
2:982  0:000  got cores from CPUID_1 = 2
2:982  0:000   The CPU supported turbo
2:982  0:000   Energy PerfBias is  not visible:
2:982  0:000  MSR dumps:
2:982  0:000  	@0x00CD=1a2
2:982  0:000  	@0x0198=6174c2206004c22
2:982  0:000  FSBFrequency = 200 MHz, DMI FSBFrequency = 200 MHz, Corrected FSBFrequency = 200 MHz
2:982  0:000  MaxDiv/MinDiv: 12.5/6
2:982  0:000  Turbo: 13/0/0/0
2:982  0:000  Features: 0x8E3BDBFEBFBFF
2:982  0:000  Threads: 2
2:982  0:000  Cores: 2
2:982  0:000  FSB: 200 MHz
2:982  0:000  CPU: 2500 MHz
2:982  0:000  TSC: 2500 MHz
2:982  0:000  PIS: 800 MHz
2:982  0:000  ExternalClock: 200 MHz
2:982  0:000  === [ GetDevices ] ==============================
2:982  0:000  Found more than one GOP protocol ??? Using the first one
2:982  0:000  GOP found at: PcieRoot(0x0)/Pci(0x2,0x0)/AcpiAdr(0x80010100)
2:982  0:000  PCI (00|00:00.00) : 8086 2A00 class=060000
2:982  0:000  PCI (00|00:02.00) : 8086 2A02 class=030000
2:982  0:000   - GFX: Model=Intel GMA X3100 (Intel)
2:982  0:000   - GOP: Provided by device
2:982  0:000  PCI (00|00:02.01) : 8086 2A03 class=038000
2:982  0:000   - GFX: Model=Intel GMA X3100 (Intel)
2:983  0:000  PCI (00|00:1A.00) : 8086 2834 class=0C0300
2:983  0:000  PCI (00|00:1A.01) : 8086 2835 class=0C0300
2:983  0:000  PCI (00|00:1A.07) : 8086 283A class=0C0320
2:983  0:000  PCI (00|00:1B.00) : 8086 284B class=040300
2:983  0:000  PCI (00|00:1C.00) : 8086 283F class=060400
2:983  0:000  PCI (00|09:00.00) : 11AB 4354 class=020000
2:983  0:000   - LAN: 1 Vendor=Marvell
2:983  0:000  Legacy MAC address of LAN #0= 00:21:9B:D7:9D:C2:
2:983  0:000  PCI (00|00:1C.01) : 8086 2841 class=060400
2:983  0:000  PCI (00|0B:00.00) : 14E4 4315 class=028000
2:983  0:000   - WIFI: Vendor= Broadcom
2:983  0:000  PCI (00|00:1C.03) : 8086 2845 class=060400
2:983  0:000  PCI (00|0C:00.00) : 1E4B 1202 class=010802
2:983  0:000  PCI (00|00:1C.04) : 8086 2847 class=060400
2:983  0:000  PCI (00|0D:00.00) : 1912 0015 class=0C0330
2:983  0:000  PCI (00|00:1D.00) : 8086 2830 class=0C0300
2:983  0:000  PCI (00|00:1D.01) : 8086 2831 class=0C0300
2:983  0:000  PCI (00|00:1D.02) : 8086 2832 class=0C0300
2:983  0:000  PCI (00|00:1D.07) : 8086 2836 class=0C0320
2:983  0:000  PCI (00|00:1E.00) : 8086 2448 class=060401
2:983  0:000  PCI (00|02:09.00) : 1180 0832 class=0C0010
2:983  0:000  PCI (00|02:09.01) : 1180 0822 class=080501
2:983  0:000  PCI (00|02:09.02) : 1180 0843 class=088000
2:983  0:000  PCI (00|02:09.03) : 1180 0592 class=088000
2:983  0:000  PCI (00|02:09.04) : 1180 0852 class=088000
2:983  0:000  PCI (00|00:1F.00) : 8086 2815 class=060100
2:983  0:000  PCI (00|00:1F.01) : 8086 2850 class=01018A
2:983  0:000  PCI (00|00:1F.02) : 8086 2829 class=010601
2:983  0:000  PCI (00|00:1F.03) : 8086 283E class=0C0500
2:997  0:014  _checkOEMPath Look for oem dir at path '\EFI\CLOVER\OEM\Inspiron 1525--00-21-9B-D7-9D-C2'. Dir doesn't exist.
2:997  0:000  _checkOEMPath Look for oem dir at path '\EFI\CLOVER\OEM\Inspiron 1525'. Dir doesn't exist.
2:997  0:000  _checkOEMPath Look for oem dir at path '\EFI\CLOVER\OEM\Inspiron 1525-2500'. Dir doesn't exist.
2:997  0:000  _checkOEMPath Look for oem dir at path '\EFI\CLOVER\OEM\0U990C'. Dir doesn't exist.
2:997  0:000  _checkOEMPath Look for oem dir at path '\EFI\CLOVER\OEM\0U990C-2500'. Dir doesn't exist.
2:997  0:000  === [ GetUserSettings ] =========================
2:997  0:000  GetDefaultModel()=MacBook4,1
2:998  0:000  Using config.plist at path: \EFI\CLOVER
2:999  0:001  Cannot find smbios.plist at path '\EFI\CLOVER' : Not Found
2:999  0:000  '\EFI\CLOVER\smbios.plist' not loaded. Efi error Not Found
2:999  0:000  BiosVersion: MB41.88Z.00C1.B00.0802091535
4:179  1:180  BiosReleaseDate: 02/09/08
4:312  0:132  EfiVersion: 
4:444  0:132  Calibrated TSC Frequency = 2493750636 = 2493MHz
5:005  0:561  GOP found at: PcieRoot(0x0)/Pci(0x2,0x0)/AcpiAdr(0x80010100)
5:572  0:566  === [ GetListOfThemes ] =========================
5:712  0:139  === [ Found config plists ] =====================
5:840  0:128  - config.plist
5:966  0:125  === [ LoadDrivers ] =============================
6:107  0:141  Loading ApfsDriverLoader.efi status=Success
6:924  0:817   - driver needs connecting
7:053  0:129  Loading AudioDxe.efi status=Success
7:448  0:394   - driver needs connecting
7:570  0:121  Loading FSInject.efi status=Success
7:950  0:380  Loading Ps2MouseDxe.efi status=Success
8:731  0:780   - driver needs connecting
9:275  0:544  Loading SMCHelper.efi status=Success
9:665  0:390  Loading UsbMouseDxe.efi status=Success
10:048  0:382   - driver needs connecting
10:179  0:130  Loading XhciDxe.efi status=Success
10:577  0:397   - driver needs connecting
10:703  0:125  Loading NTFS.efi status=Success
11:129  0:426   - driver needs connecting
11:255  0:125  Loading NvmExpressDxe.efi status=Success
12:056  0:801   - driver needs connecting
12:581  0:524  Loading Fat.efi status=Success
12:960  0:378   - driver needs connecting
13:084  0:124  Loading EmuVariableUefi.efi status=Success
13:867  0:782  EmuVariableUefi Initialize: VariableCommonInitialize = Success, orig services stored, install gEmuVariableControlProtocolGuid = Success
14:431  0:563  8 drivers needs connecting ...
14:551  0:120  PlatformDriverOverrideProtocol->GetDriver overriden
14:679  0:128  APFS driver loaded
20:689  6:009  EmuVariable InstallEmulation: orig vars copied, emu.var.services installed, CreateEvent VirtualAddressChange = Success, CreateEvent ExitBootServices = Success, set Status=Success
23:278  2:588  === [ InitScreen ] ==============================
23:418  0:140  Console modes reported: 4, available modes:
23:565  0:146   - [01]: 80x25
23:703  0:138   - [03]: 100x31
24:285  0:582   - [04]: 160x42 (current mode)
24:427  0:141  SetScreenResolution: 1280x1024 - not found!
24:709  0:281  SetScreenResolution: 1280x800 - already set
24:989  0:280  Using embedded font
25:133  0:144  === [ ScanSPD ] =================================
25:275  0:141  Scanning SMBus [8086:283E], mmio: 0xFE9FB700, ioport: 0x10C0, hostc: 0x1
25:432  0:156  Slot: 0 Type 19 2048MB 667MHz Vendor=Kingston PartNo=9905295-052.A00LF SerialNo=69CC526E
25:602  0:170  Slot: 2 Type 19 2048MB 667MHz Vendor=Kingston PartNo=9905295-052.A00LF SerialNo=69CC526E
25:744  0:141  === [ GetAcpiTablesList ] =======================
25:893  0:149  Get Acpi Tables List from RSDT:
26:177  0:283   - [00]: FACP  M08     len=116
26:716  0:539   - [01]: HPET  M08     len=56
27:256  0:540   - [02]: APIC  M08     len=104
27:395  0:139   - [03]: MCFG  M08     len=62
27:543  0:147   - [04]: SLIC  M08     len=374
27:687  0:143   - [05]: OSFR  M08     len=44
27:828  0:141   - [06]: BOOT  M08     len=40
27:973  0:144   - [07]: SSDT  CpuPm len=1228
28:116  0:142   - [00]: Drop table : DMAR,                0 :  no
28:405  0:288   - [01]: Drop table : SSDT,       6d50757043 :  yes
28:688  0:283   - [02]: Drop table : SSDT,   74734930757043 :  no
28:975  0:286   - [03]: Drop table : BGRT,                0 :  no
29:263  0:288  Custom boot CUSTOM_BOOT_USER_DISABLED (0x0)
29:404  0:141  Default theme: embedded
29:545  0:140  === [ Found DSDT tables ] =======================
29:688  0:142  === [ InitKextList ] ============================
30:253  0:565  === [ ScanVolumes ] =============================
30:806  0:553  Found 13 volumes with blockIO
30:950  0:143  - [00]: Volume: PcieRoot(0x0)\Pci(0x1D,0x7)\USB(0x1,0x0)
31:243  0:293          Result of bootcode detection: bootable unknown (legacy)
31:785  0:541  - [01]: Volume: PcieRoot(0x0)\Pci(0x1D,0x7)\USB(0x1,0x0)\HD(1,MBR,0x00058E69,0x3F,0x3BB7C1)
32:076  0:291          Result of bootcode detection: bootable unknown (legacy)
32:219  0:142            label : BDU
32:356  0:136          This is SelfVolume !!
32:497  0:140  - [02]: Volume: PcieRoot(0x0)\Pci(0x1F,0x1)\Ata(0x0)
32:786  0:289  - [03]: Volume: PcieRoot(0x0)\Pci(0x1F,0x2)\Sata(0x0,0x0,0x0)
33:430  0:643          Result of bootcode detection: bootable unknown (legacy)
34:124  0:694  - [04]: Volume: PcieRoot(0x0)\Pci(0x1F,0x2)\Sata(0x0,0x0,0x0)\HD(1,MBR,0xF0000000,0x3F,0x65F5B)
34:405  0:280          Result of bootcode detection: bootable unknown (legacy)
34:550  0:144            label : Unknown HD1
35:089  0:539  - [05]: Volume: PcieRoot(0x0)\Pci(0x1F,0x2)\Sata(0x0,0x0,0x0)\HD(2,MBR,0xF0000000,0x66000,0x32000)
35:804  0:715          Result of bootcode detection: bootable Windows (vista,win)
35:947  0:143            label : System Reservation
36:085  0:138          hiding this volume
36:664  0:578  - [06]: Volume: PcieRoot(0x0)\Pci(0x1F,0x2)\Sata(0x0,0x0,0x0)\HD(3,MBR,0xF0000000,0x98000,0xDC35800)
36:974  0:309          Result of bootcode detection: bootable Windows (vista,win)
37:189  0:215            label : WIN7
37:327  0:137  - [07]: Volume: PcieRoot(0x0)\Pci(0x1F,0x2)\Sata(0x0,0x0,0x0)\HD(4,MBR,0xF0000000,0xDCCD94C,0xF4F6C35)
37:609  0:281          Result of bootcode detection: bootable Windows (win)
37:769  0:160            label : MIX
37:906  0:137          hiding this volume
38:050  0:143  - [08]: Volume: PcieRoot(0x0)\Pci(0x1C,0x3)\Pci(0x0,0x0)\NVMe(0x1,01-00-00-00-00-00-00-00)
38:689  0:638  - [09]: Volume: PcieRoot(0x0)\Pci(0x1C,0x3)\Pci(0x0,0x0)\NVMe(0x1,01-00-00-00-00-00-00-00)\HD(1,GPT,D3E11C9D-6CAC-4A3B-ACC6-CF574429F244,0x800,0x32000)
38:974  0:285          Result of bootcode detection: bootable Windows (vista,win)
39:527  0:552            label : EFI
40:065  0:537  - [10]: Volume: PcieRoot(0x0)\Pci(0x1C,0x3)\Pci(0x0,0x0)\NVMe(0x1,01-00-00-00-00-00-00-00)\HD(2,GPT,0059DF20-848F-4B16-B15B-62DBED23F50F,0x32800,0x8000)
40:354  0:289  - [11]: Volume: PcieRoot(0x0)\Pci(0x1C,0x3)\Pci(0x0,0x0)\NVMe(0x1,01-00-00-00-00-00-00-00)\HD(3,GPT,9313C411-8C5B-4CEB-8205-9182457A20B6,0x3A800,0x1DBB3B15)
40:635  0:280          Result of bootcode detection: bootable Windows (vista,win)
40:785  0:150            label : .
40:927  0:142  - [12]: Volume: PcieRoot(0x0)\Pci(0x1C,0x3)\Pci(0x0,0x0)\NVMe(0x1,01-00-00-00-00-00-00-00)\HD(4,GPT,0C5FBC1B-3799-4F5F-ACD0-1A928EF488DB,0x1DBEE800,0x104000)
41:206  0:278          Result of bootcode detection: bootable Windows (vista,win)
41:344  0:138            label : .
41:485  0:140  Searching volumes for latest nvram.plist ...
41:818  0:333   - [0] no nvram.plist
41:957  0:139  LoadLatestNvramPlist loaded Status=Not Found
42:104  0:146  PutNvramPlistToRtVars: no nvram.plist
42:246  0:141  found 3 handles with audio
42:385  0:138  No AudioIoDevice stored
42:525  0:140  no stored audio parameters
43:065  0:539  Found Audio Device Silicon Image (Unknown) (HDMI) at index 0
43:604  0:539  Found Audio Device Sigmatel STAC9228X (Headphones) at index 1
43:749  0:144  Found Audio Device Sigmatel STAC9228X (Speaker) at index 2
43:894  0:145  Found Audio Device Sigmatel STAC9228X (LineOut) at index 3
44:034  0:140  Found Audio Device Sigmatel STAC9228X (Other) at index 4
44:579  0:544  === [ InitXTheme ] ==============================
44:717  0:138  use Daylight theme
44:856  0:138   using embedded theme
45:026  0:170  sound play end with status=Device Error
45:174  0:147  Using embedded font
45:315  0:141  theme inited
45:458  0:142  Chosen embedded theme
45:597  0:139  after NVRAM boot-args=
45:733  0:135  === [ Dump SMC keys from NVRAM ] ================
45:878  0:144  found AppleSMC protocol
46:016  0:137  Registered 0 SMC keys
46:164  0:147  === [ ScanLoader ] ==============================
46:305  0:141  - [01]: 'BDU'
46:996  0:690        AddLoaderEntry for Volume Name=BDU, idx=0
47:538  0:541        OSVersion= 
47:679  0:141        IconName=unknown comma=-1 size=7
47:824  0:145        Full=unknown
47:965  0:140        Loader entry created for 'PcieRoot(0x0)\Pci(0x1D,0x7)\USB(0x1,0x0)\HD(1,MBR,0x00058E69,0x3F,0x3BB7C1)\EFI\BOOT\BOOTX64.efi'
48:106  0:140       hiding entry: \EFI\BOOT\BOOTX64.efi
48:254  0:148        Menu entry added at index 0
48:395  0:140       hiding entry because DiskKind is DISK_KIND_EXTERNAL: \EFI\BOOT\BOOTX64.efi
48:535  0:139  - [04]: 'Unknown HD1'
48:818  0:283  - [05]: 'System Reservation'
49:109  0:291  - [06]: 'WIN7'
49:389  0:279  - [07]: 'MIX'
49:677  0:288  - [09]: 'EFI'
50:020  0:342        AddLoaderEntry for Volume Name=EFI, idx=1
50:549  0:529        OSVersion= 
51:087  0:537        IconName=vista,win comma=5 size=9
51:236  0:148        first=os_vista
51:385  0:149        Second=os_win
51:525  0:139        IconName=unknown comma=-1 size=7
52:070  0:544        Full=unknown
52:208  0:138        Loader entry created for 'PcieRoot(0x0)\Pci(0x1C,0x3)\Pci(0x0,0x0)\NVMe(0x1,01-00-00-00-00-00-00-00)\HD(1,GPT,D3E11C9D-6CAC-4A3B-ACC6-CF574429F244,0x800,0x32000)\EFI\microsoft\Boot\bootmgfw.efi'
52:346  0:137        Menu entry added at index 1
52:543  0:197        AddLoaderEntry for Volume Name=EFI, idx=2
52:685  0:141        OSVersion= 
52:823  0:138        IconName=unknown comma=-1 size=7
52:968  0:145        Full=unknown
53:107  0:139        Loader entry created for 'PcieRoot(0x0)\Pci(0x1C,0x3)\Pci(0x0,0x0)\NVMe(0x1,01-00-00-00-00-00-00-00)\HD(1,GPT,D3E11C9D-6CAC-4A3B-ACC6-CF574429F244,0x800,0x32000)\EFI\BOOT\BOOTX64.efi'
53:247  0:139       hiding entry: \EFI\BOOT\BOOTX64.efi
53:389  0:142        Menu entry added at index 2
53:588  0:199       hiding entry because DiskKind is DISK_KIND_INTERNAL: \EFI\BOOT\BOOTX64.efi
53:726  0:137  - [11]: '.'
54:014  0:287  - [12]: '.'
55:119  1:104  Entries list before ordering
55:258  0:139      Entry 0 : Boot UEFI external from BDU (hidden)
55:405  0:146      Entry 1 : Boot Microsoft EFI Boot from EFI
55:544  0:139      Entry 2 : Boot UEFI internal from EFI (hidden)
55:683  0:139  Entries after before ordering
55:824  0:141    Entry 0 : Boot UEFI external from BDU (hidden)
55:968  0:143    Entry 1 : Boot Microsoft EFI Boot from EFI
56:105  0:137    Entry 2 : Boot UEFI internal from EFI (hidden)
56:246  0:140  Scanning legacy ...
56:384  0:137   hidden
56:525  0:141      AddLegacyEntry:
56:667  0:141        FullTitle=
56:804  0:136        LoaderTitle=
56:946  0:141        Volume->LegacyOS->Name=Windows
57:094  0:147        Entry->Title=Boot Windows from WIN7
57:234  0:140        IconName=vista,win comma=5 size=9
57:376  0:142        first=os_vista
57:524  0:147        Second=os_win
58:060  0:535        IconName=unknown comma=-1 size=7
58:599  0:539        Full=unknown
58:740  0:140   hidden
58:884  0:143      AddLegacyEntry:
59:017  0:133        FullTitle=
59:560  0:542        LoaderTitle=
59:697  0:136        Volume->LegacyOS->Name=Windows
59:845  0:148        Entry->Title=Boot Windows from EFI
59:989  0:144        IconName=vista,win comma=5 size=9
60:128  0:138        first=os_vista
60:266  0:137        Second=os_win
60:409  0:143        IconName=unknown comma=-1 size=7
60:556  0:146        Full=unknown
60:695  0:139      AddLegacyEntry:
60:840  0:144        FullTitle=
60:976  0:136        LoaderTitle=
61:116  0:139        Volume->LegacyOS->Name=Windows
61:258  0:142        Entry->Title=Boot Windows from .
61:397  0:138        IconName=vista,win comma=5 size=9
61:943  0:545        first=os_vista
62:487  0:543        Second=os_win
62:626  0:139        IconName=unknown comma=-1 size=7
62:775  0:149        Full=unknown
62:915  0:139      AddLegacyEntry:
63:055  0:139        FullTitle=
63:196  0:140        LoaderTitle=
63:338  0:142        Volume->LegacyOS->Name=Windows
63:475  0:137        Entry->Title=Boot Windows from .
63:624  0:149        IconName=vista,win comma=5 size=9
63:764  0:139        first=os_vista
63:905  0:140        Second=os_win
64:045  0:140        IconName=unknown comma=-1 size=7
64:187  0:141        Full=unknown
64:325  0:137  === [ AddCustomTool ] ===========================
64:486  0:161  EmuVariable UninstallEmulation: CloseEvent = Success, original var services restored
64:918  0:432  EmuVariable InstallEmulation: orig vars copied, emu.var.services installed, CreateEvent VirtualAddressChange = Success, CreateEvent ExitBootServices = Success, set Status=Success
66:974  2:055  === [ GetEfiBootDeviceFromNvram ] ===============
67:116  0:142   - [!] efi-boot-device-data not found
67:257  0:141  Default boot entry not found
67:400  0:143  EmuVariable UninstallEmulation: CloseEvent = Success, original var services restored
67:829  0:428  BannerPlace at Clear Screen [576,84]
68:007  0:177  AnimeRun=0
68:196  0:189  GUI ready
79:669  11:472  BootVariable of the entry is empty
80:700  1:030  EmuVariable UninstallEmulation: CloseEvent = Invalid Parameter, original var services restored
81:136  0:435  DeleteNvramVariable (efi-boot-device, 7C436110-AB2A-4BBB-A880-FE41995C9F82):
81:706  0:570  DeleteNvramVariable (efi-boot-device-data, 7C436110-AB2A-4BBB-A880-FE41995C9F82):
82:278  0:571  DeleteNvramVariable (BootCampHD, 7C436110-AB2A-4BBB-A880-FE41995C9F82):
