0:100  0:100  MemLog inited, TSC freq: 2493749779
0:100  0:000  CPU was calibrated with ACPI PM Timer
0:100  0:000  LegacyRegion2: Chipset/proc: 0x2A008086
0:100  0:000   Intel Series 4 and similar (PAM 0x90-0x96)
0:100  0:000   Test PAM1=(0x41=50, 0x5a=00, 0x81=00, 0x91=11) at chipset 2A008086
0:100  0:000  , Install = Success
0:115  0:015  BiosVideoDriverBindingStart!
0:115  0:000  BiosVideoCheckForVbe
0:115  0:000  EdidOverride not found
0:127  0:012   Edid1+
0:127  0:000   found Detail Timing 1280x800
0:127  0:000  timing string after 0xFE:X949H
0:127  0:000  timing string after 0xFE:&6@GjÆÿ
  
0:128  0:000     0 1280x800 attr=9B - ok, edid+, working, highest, pref=0
0:129  0:001     1 1024x768 attr=9B - ok, edid-, 1024x768, working
0:129  0:000     2 640x480 attr=9B - ok, edid-, 640x480, working
0:129  0:000     3 800x600 attr=9B - ok, edid-, 800x600, working
0:129  0:000  BV new mode: 0 1280x800
0:195  0:066   SetMode pref 0 (0) = Success
2:982  2:786  CloverX64 : Image base = 0xDD581000
2:982  0:000  Clover ImageHandle = de956818
2:982  0:000  === [ Starting Clover ] =========================
2:982  0:000  Now is 11.05.2023,  16:16:14 (GMT)
2:982  0:000  Starting Clover revision: 5146 (master, commit 31187f6e1) on CLOVER EFI
2:982  0:000  Build id: 20220324214945-31187f6-5146-dirty
2:982  0:000  Build with: [Args: -D NO_GRUB_DRIVERS_EMBEDDED -D LESS_DEBUG -t GCC53 | --cmd-len=50000 -D NO_GRUB_DRIVERS_EMBEDDED -D LESS_DEBUG --conf=/Users/sergey/src/CloverBootloader/Conf -D USE_LOW_EBDA -a X64 -b RELEASE -t GCC53 -n 5 | OS: 12.3]
2:982  0:000  === [ Get Smbios ] ==============================
2:982  0:000  Type 16 Index = 0
2:982  0:000  Total Memory Slots Count = 2
2:982  0:000  Type 17 Index = 0
2:982  0:000  SmbiosTable.Type17->SlotIndex = 0
2:982  0:000  SmbiosTable.Type17->ModuleSize = 2048MB
2:982  0:000  SmbiosTable.Type17->Type = 0
2:982  0:000  SmbiosTable.Type17->Frequency = 667MHz
2:982  0:000  SmbiosTable.Type17->Bank/Device =  DIMM_A
2:982  0:000  SmbiosTable.Type17->Vendor = 7F98000000000000
2:982  0:000  SmbiosTable.Type17->SerialNo = 69CC526E
2:982  0:000  SmbiosTable.Type17->PartNo = 9905295-052.A00LF
2:982  0:000  Type 17 Index = 1
2:982  0:000  SmbiosTable.Type17->SlotIndex = 1
2:982  0:000  SmbiosTable.Type17->ModuleSize = 2048MB
2:982  0:000  SmbiosTable.Type17->Type = 0
2:982  0:000  SmbiosTable.Type17->Frequency = 667MHz
2:982  0:000  SmbiosTable.Type17->Bank/Device =  DIMM_B
2:982  0:000  SmbiosTable.Type17->Vendor = 7F98000000000000
2:982  0:000  SmbiosTable.Type17->SerialNo = 69CC526E
2:982  0:000  SmbiosTable.Type17->PartNo = 9905295-052.A00LF
2:982  0:000  Boot status=0
2:982  0:000  Running on: 'Inspiron 1525' with board '0U990C'
2:982  0:000  === [ GetCPUProperties ] ========================
2:982  0:000  CPU Vendor = 756E6547 Model=10676
2:982  0:000   The CPU supported SSE4.1
2:982  0:000   The CPU not supported RDRAND
2:982  0:000  BrandString = Intel(R) Core(TM)2 Duo CPU     T9300  @ 2.50GHz
2:982  0:000  got cores from CPUID_1 = 2
2:982  0:000   The CPU supported turbo
2:982  0:000   Energy PerfBias is  not visible:
2:982  0:000  MSR dumps:
2:982  0:000  	@0x00CD=1a2
2:982  0:000  	@0x0198=6174c2206004c22
2:982  0:000  FSBFrequency = 200 MHz, DMI FSBFrequency = 200 MHz, Corrected FSBFrequency = 200 MHz
2:982  0:000  MaxDiv/MinDiv: 12.5/6
2:982  0:000  Turbo: 13/0/0/0
2:982  0:000  Features: 0x8E3BDBFEBFBFF
2:982  0:000  Threads: 2
2:982  0:000  Cores: 2
2:982  0:000  FSB: 200 MHz
2:982  0:000  CPU: 2500 MHz
2:982  0:000  TSC: 2500 MHz
2:982  0:000  PIS: 800 MHz
2:982  0:000  ExternalClock: 200 MHz
2:982  0:000  === [ GetDevices ] ==============================
2:982  0:000  Found more than one GOP protocol ??? Using the first one
2:982  0:000  GOP found at: PcieRoot(0x0)/Pci(0x2,0x0)/AcpiAdr(0x80010100)
2:982  0:000  PCI (00|00:00.00) : 8086 2A00 class=060000
2:982  0:000  PCI (00|00:02.00) : 8086 2A02 class=030000
2:982  0:000   - GFX: Model=Intel GMA X3100 (Intel)
2:982  0:000   - GOP: Provided by device
2:982  0:000  PCI (00|00:02.01) : 8086 2A03 class=038000
2:982  0:000   - GFX: Model=Intel GMA X3100 (Intel)
2:982  0:000  PCI (00|00:1A.00) : 8086 2834 class=0C0300
2:982  0:000  PCI (00|00:1A.01) : 8086 2835 class=0C0300
2:983  0:000  PCI (00|00:1A.07) : 8086 283A class=0C0320
2:983  0:000  PCI (00|00:1B.00) : 8086 284B class=040300
2:983  0:000  PCI (00|00:1C.00) : 8086 283F class=060400
2:983  0:000  PCI (00|09:00.00) : 11AB 4354 class=020000
2:983  0:000   - LAN: 1 Vendor=Marvell
2:983  0:000  Legacy MAC address of LAN #0= 00:21:9B:D7:9D:C2:
2:983  0:000  PCI (00|00:1C.01) : 8086 2841 class=060400
2:983  0:000  PCI (00|0B:00.00) : 14E4 4315 class=028000
2:983  0:000   - WIFI: Vendor= Broadcom
2:983  0:000  PCI (00|00:1C.03) : 8086 2845 class=060400
2:983  0:000  PCI (00|0C:00.00) : 1E4B 1202 class=010802
2:983  0:000  PCI (00|00:1C.04) : 8086 2847 class=060400
2:983  0:000  PCI (00|0D:00.00) : 1912 0015 class=0C0330
2:983  0:000  PCI (00|00:1D.00) : 8086 2830 class=0C0300
2:983  0:000  PCI (00|00:1D.01) : 8086 2831 class=0C0300
2:983  0:000  PCI (00|00:1D.02) : 8086 2832 class=0C0300
2:983  0:000  PCI (00|00:1D.07) : 8086 2836 class=0C0320
2:983  0:000  PCI (00|00:1E.00) : 8086 2448 class=060401
2:983  0:000  PCI (00|02:09.00) : 1180 0832 class=0C0010
2:983  0:000  PCI (00|02:09.01) : 1180 0822 class=080501
2:983  0:000  PCI (00|02:09.02) : 1180 0843 class=088000
2:983  0:000  PCI (00|02:09.03) : 1180 0592 class=088000
2:983  0:000  PCI (00|02:09.04) : 1180 0852 class=088000
2:983  0:000  PCI (00|00:1F.00) : 8086 2815 class=060100
2:983  0:000  PCI (00|00:1F.01) : 8086 2850 class=01018A
2:983  0:000  PCI (00|00:1F.02) : 8086 2829 class=010601
2:983  0:000  PCI (00|00:1F.03) : 8086 283E class=0C0500
2:997  0:014  _checkOEMPath Look for oem dir at path '\EFI\CLOVER\OEM\Inspiron 1525--00-21-9B-D7-9D-C2'. Dir doesn't exist.
2:997  0:000  _checkOEMPath Look for oem dir at path '\EFI\CLOVER\OEM\Inspiron 1525'. Dir doesn't exist.
2:997  0:000  _checkOEMPath Look for oem dir at path '\EFI\CLOVER\OEM\Inspiron 1525-2500'. Dir doesn't exist.
2:997  0:000  _checkOEMPath Look for oem dir at path '\EFI\CLOVER\OEM\0U990C'. Dir doesn't exist.
2:997  0:000  _checkOEMPath Look for oem dir at path '\EFI\CLOVER\OEM\0U990C-2500'. Dir doesn't exist.
2:998  0:000  === [ GetUserSettings ] =========================
2:998  0:000  GetDefaultModel()=MacBook4,1
2:998  0:000  Using config.plist at path: \EFI\CLOVER
2:999  0:001  Cannot find smbios.plist at path '\EFI\CLOVER' : Not Found
2:999  0:000  '\EFI\CLOVER\smbios.plist' not loaded. Efi error Not Found
2:999  0:000  BiosVersion: MB41.88Z.00C1.B00.0802091535
4:447  1:447  BiosReleaseDate: 02/09/08
4:580  0:133  EfiVersion: 
4:708  0:128  Calibrated TSC Frequency = 2493749779 = 2493MHz
5:253  0:544  GOP found at: PcieRoot(0x0)/Pci(0x2,0x0)/AcpiAdr(0x80010100)
5:824  0:571  === [ GetListOfThemes ] =========================
5:968  0:143  === [ Found config plists ] =====================
6:093  0:125  - config.plist
6:219  0:125  === [ LoadDrivers ] =============================
6:800  0:581  Loading ApfsDriverLoader.efi status=Success
7:187  0:386   - driver needs connecting
7:313  0:125  Loading AudioDxe.efi status=Success
7:709  0:396   - driver needs connecting
7:835  0:125  Loading FSInject.efi status=Success
8:216  0:381  Loading Ps2MouseDxe.efi status=Success
8:994  0:777   - driver needs connecting
9:522  0:527  Loading SMCHelper.efi status=Success
9:907  0:385  Loading UsbMouseDxe.efi status=Success
10:291  0:384   - driver needs connecting
10:419  0:127  Loading XhciDxe.efi status=Success
10:825  0:405   - driver needs connecting
10:954  0:129  Loading NTFS.efi status=Success
11:383  0:428   - driver needs connecting
11:510  0:126  Loading NvmExpressDxe.efi status=Success
12:308  0:798   - driver needs connecting
12:839  0:531  Loading Fat.efi status=Success
13:219  0:379   - driver needs connecting
13:749  0:530  Loading EmuVariableUefi.efi status=Success
14:144  0:395  EmuVariableUefi Initialize: VariableCommonInitialize = Success, orig services stored, install gEmuVariableControlProtocolGuid = Success
14:704  0:560  8 drivers needs connecting ...
14:829  0:125  PlatformDriverOverrideProtocol->GetDriver overriden
14:959  0:129  APFS driver loaded
20:963  6:003  EmuVariable InstallEmulation: orig vars copied, emu.var.services installed, CreateEvent VirtualAddressChange = Success, CreateEvent ExitBootServices = Success, set Status=Success
23:584  2:621  === [ InitScreen ] ==============================
23:727  0:142  Console modes reported: 4, available modes:
23:875  0:148   - [01]: 80x25
24:440  0:564   - [03]: 100x31
24:584  0:144   - [04]: 160x42 (current mode)
24:725  0:141  SetScreenResolution: 1280x1024 - not found!
25:005  0:279  SetScreenResolution: 1280x800 - already set
25:295  0:289  Using embedded font
25:434  0:139  === [ ScanSPD ] =================================
25:577  0:143  Scanning SMBus [8086:283E], mmio: 0xFE9FB700, ioport: 0x10C0, hostc: 0x1
25:735  0:157  Slot: 0 Type 19 2048MB 667MHz Vendor=Kingston PartNo=9905295-052.A00LF SerialNo=69CC526E
25:889  0:153  Slot: 2 Type 19 2048MB 667MHz Vendor=Kingston PartNo=9905295-052.A00LF SerialNo=69CC526E
26:035  0:146  === [ GetAcpiTablesList ] =======================
26:184  0:148  Get Acpi Tables List from RSDT:
26:462  0:278   - [00]: FACP  M08     len=116
27:003  0:540   - [01]: HPET  M08     len=56
27:558  0:554   - [02]: APIC  M08     len=104
27:705  0:147   - [03]: MCFG  M08     len=62
27:854  0:148   - [04]: SLIC  M08     len=374
27:993  0:139   - [05]: OSFR  M08     len=44
28:140  0:146   - [06]: BOOT  M08     len=40
28:285  0:144   - [07]: SSDT  CpuPm len=1228
28:423  0:138   - [00]: Drop table : DMAR,                0 :  no
28:713  0:289   - [01]: Drop table : SSDT,       6d50757043 :  yes
28:989  0:276   - [02]: Drop table : SSDT,   74734930757043 :  no
29:270  0:280   - [03]: Drop table : BGRT,                0 :  no
29:554  0:284  Custom boot CUSTOM_BOOT_USER_DISABLED (0x0)
29:689  0:134  Default theme: embedded
29:830  0:140  === [ Found DSDT tables ] =======================
29:974  0:143  === [ InitKextList ] ============================
30:533  0:559  === [ ScanVolumes ] =============================
31:097  0:563  Found 13 volumes with blockIO
31:243  0:145  - [00]: Volume: PcieRoot(0x0)\Pci(0x1D,0x7)\USB(0x1,0x0)
31:936  0:693          Result of bootcode detection: bootable unknown (legacy)
32:074  0:137  - [01]: Volume: PcieRoot(0x0)\Pci(0x1D,0x7)\USB(0x1,0x0)\HD(1,MBR,0x00058E69,0x3F,0x3BB7C1)
32:366  0:292          Result of bootcode detection: bootable unknown (legacy)
32:513  0:146            label : BDU
32:654  0:141          This is SelfVolume !!
32:795  0:141  - [02]: Volume: PcieRoot(0x0)\Pci(0x1F,0x1)\Ata(0x0)
33:074  0:279  - [03]: Volume: PcieRoot(0x0)\Pci(0x1F,0x2)\Sata(0x0,0x0,0x0)
33:714  0:639          Result of bootcode detection: bootable unknown (legacy)
34:410  0:696  - [04]: Volume: PcieRoot(0x0)\Pci(0x1F,0x2)\Sata(0x0,0x0,0x0)\HD(1,MBR,0xF0000000,0x3F,0x65F5B)
34:700  0:290          Result of bootcode detection: bootable unknown (legacy)
34:848  0:147            label : Unknown HD1
35:384  0:535  - [05]: Volume: PcieRoot(0x0)\Pci(0x1F,0x2)\Sata(0x0,0x0,0x0)\HD(2,MBR,0xF0000000,0x66000,0x32000)
36:096  0:712          Result of bootcode detection: bootable Windows (vista,win)
36:245  0:149            label : System Reservation
36:823  0:577          hiding this volume
36:963  0:140  - [06]: Volume: PcieRoot(0x0)\Pci(0x1F,0x2)\Sata(0x0,0x0,0x0)\HD(3,MBR,0xF0000000,0x98000,0xDC35800)
37:268  0:304          Result of bootcode detection: bootable Windows (vista,win)
37:496  0:227            label : WIN7
37:644  0:147  - [07]: Volume: PcieRoot(0x0)\Pci(0x1F,0x2)\Sata(0x0,0x0,0x0)\HD(4,MBR,0xF0000000,0xDCCD94C,0xF4F6C35)
37:925  0:281          Result of bootcode detection: bootable Windows (win)
38:086  0:161            label : MIX
38:235  0:148          hiding this volume
38:375  0:140  - [08]: Volume: PcieRoot(0x0)\Pci(0x1C,0x3)\Pci(0x0,0x0)\NVMe(0x1,01-00-00-00-00-00-00-00)
38:999  0:623  - [09]: Volume: PcieRoot(0x0)\Pci(0x1C,0x3)\Pci(0x0,0x0)\NVMe(0x1,01-00-00-00-00-00-00-00)\HD(1,GPT,D3E11C9D-6CAC-4A3B-ACC6-CF574429F244,0x800,0x32000)
39:275  0:276          Result of bootcode detection: bootable Windows (vista,win)
39:822  0:546            label : EFI
40:365  0:542  - [10]: Volume: PcieRoot(0x0)\Pci(0x1C,0x3)\Pci(0x0,0x0)\NVMe(0x1,01-00-00-00-00-00-00-00)\HD(2,GPT,0059DF20-848F-4B16-B15B-62DBED23F50F,0x32800,0x8000)
40:656  0:290  - [11]: Volume: PcieRoot(0x0)\Pci(0x1C,0x3)\Pci(0x0,0x0)\NVMe(0x1,01-00-00-00-00-00-00-00)\HD(3,GPT,9313C411-8C5B-4CEB-8205-9182457A20B6,0x3A800,0x1DBB3B15)
40:939  0:283          Result of bootcode detection: bootable Windows (vista,win)
41:086  0:147            label : .
41:225  0:138  - [12]: Volume: PcieRoot(0x0)\Pci(0x1C,0x3)\Pci(0x0,0x0)\NVMe(0x1,01-00-00-00-00-00-00-00)\HD(4,GPT,0C5FBC1B-3799-4F5F-ACD0-1A928EF488DB,0x1DBEE800,0x104000)
41:515  0:290          Result of bootcode detection: bootable Windows (vista,win)
41:653  0:137            label : .
41:802  0:149  Searching volumes for latest nvram.plist ...
42:114  0:311   - [0] no nvram.plist
42:259  0:145  LoadLatestNvramPlist loaded Status=Not Found
42:402  0:143  PutNvramPlistToRtVars: no nvram.plist
42:540  0:138  found 3 handles with audio
42:684  0:144  No AudioIoDevice stored
42:833  0:148  no stored audio parameters
43:367  0:533  Found Audio Device Silicon Image (Unknown) (HDMI) at index 0
43:927  0:559  Found Audio Device Sigmatel STAC9228X (Headphones) at index 1
44:070  0:142  Found Audio Device Sigmatel STAC9228X (Speaker) at index 2
44:208  0:138  Found Audio Device Sigmatel STAC9228X (LineOut) at index 3
44:739  0:530  Found Audio Device Sigmatel STAC9228X (Other) at index 4
44:877  0:138  === [ InitXTheme ] ==============================
45:024  0:147  use Daylight theme
45:164  0:139   using embedded theme
45:325  0:160  sound play end with status=Device Error
45:467  0:142  Using embedded font
45:604  0:136  theme inited
45:746  0:141  Chosen embedded theme
45:893  0:147  after NVRAM boot-args=
46:035  0:142  === [ Dump SMC keys from NVRAM ] ================
46:179  0:143  found AppleSMC protocol
46:325  0:145  Registered 0 SMC keys
46:465  0:139  === [ ScanLoader ] ==============================
46:604  0:138  - [01]: 'BDU'
47:286  0:682        AddLoaderEntry for Volume Name=BDU, idx=0
47:819  0:532        OSVersion= 
47:958  0:139        IconName=unknown comma=-1 size=7
48:105  0:146        Full=unknown
48:244  0:139        Loader entry created for 'PcieRoot(0x0)\Pci(0x1D,0x7)\USB(0x1,0x0)\HD(1,MBR,0x00058E69,0x3F,0x3BB7C1)\EFI\BOOT\BOOTX64.efi'
48:393  0:148       hiding entry: \EFI\BOOT\BOOTX64.efi
48:536  0:142        Menu entry added at index 0
48:673  0:137       hiding entry because DiskKind is DISK_KIND_EXTERNAL: \EFI\BOOT\BOOTX64.efi
48:819  0:146  - [04]: 'Unknown HD1'
49:099  0:279  - [05]: 'System Reservation'
49:387  0:288  - [06]: 'WIN7'
49:664  0:277  - [07]: 'MIX'
49:945  0:280  - [09]: 'EFI'
50:284  0:339        AddLoaderEntry for Volume Name=EFI, idx=1
50:820  0:536        OSVersion= 
51:356  0:536        IconName=vista,win comma=5 size=9
51:499  0:143        first=os_vista
51:637  0:137        Second=os_win
52:175  0:537        IconName=unknown comma=-1 size=7
52:316  0:140        Full=unknown
52:465  0:148        Loader entry created for 'PcieRoot(0x0)\Pci(0x1C,0x3)\Pci(0x0,0x0)\NVMe(0x1,01-00-00-00-00-00-00-00)\HD(1,GPT,D3E11C9D-6CAC-4A3B-ACC6-CF574429F244,0x800,0x32000)\EFI\microsoft\Boot\bootmgfw.efi'
52:605  0:140        Menu entry added at index 1
52:828  0:222        AddLoaderEntry for Volume Name=EFI, idx=2
52:973  0:145        OSVersion= 
53:117  0:144        IconName=unknown comma=-1 size=7
53:256  0:138        Full=unknown
53:405  0:148        Loader entry created for 'PcieRoot(0x0)\Pci(0x1C,0x3)\Pci(0x0,0x0)\NVMe(0x1,01-00-00-00-00-00-00-00)\HD(1,GPT,D3E11C9D-6CAC-4A3B-ACC6-CF574429F244,0x800,0x32000)\EFI\BOOT\BOOTX64.efi'
53:546  0:141       hiding entry: \EFI\BOOT\BOOTX64.efi
53:686  0:139        Menu entry added at index 2
53:896  0:210       hiding entry because DiskKind is DISK_KIND_INTERNAL: \EFI\BOOT\BOOTX64.efi
54:034  0:138  - [11]: '.'
54:329  0:295  - [12]: '.'
55:418  1:089  Entries list before ordering
55:559  0:140      Entry 0 : Boot UEFI external from BDU (hidden)
55:703  0:144      Entry 1 : Boot Microsoft EFI Boot from EFI
55:839  0:136      Entry 2 : Boot UEFI internal from EFI (hidden)
55:980  0:140  Entries after before ordering
56:125  0:144    Entry 0 : Boot UEFI external from BDU (hidden)
56:261  0:136    Entry 1 : Boot Microsoft EFI Boot from EFI
56:414  0:152    Entry 2 : Boot UEFI internal from EFI (hidden)
56:557  0:142  Scanning legacy ...
56:696  0:139   hidden
56:839  0:143      AddLegacyEntry:
56:985  0:145        FullTitle=
57:119  0:134        LoaderTitle=
57:260  0:140        Volume->LegacyOS->Name=Windows
57:414  0:153        Entry->Title=Boot Windows from WIN7
57:549  0:134        IconName=vista,win comma=5 size=9
57:690  0:140        first=os_vista
57:835  0:144        Second=os_win
58:377  0:542        IconName=unknown comma=-1 size=7
58:916  0:539        Full=unknown
59:059  0:142   hidden
59:199  0:139      AddLegacyEntry:
59:736  0:537        FullTitle=
59:875  0:138        LoaderTitle=
60:017  0:141        Volume->LegacyOS->Name=Windows
60:155  0:138        Entry->Title=Boot Windows from EFI
60:294  0:139        IconName=vista,win comma=5 size=9
60:435  0:141        first=os_vista
60:574  0:138        Second=os_win
60:714  0:140        IconName=unknown comma=-1 size=7
60:856  0:142        Full=unknown
60:996  0:139      AddLegacyEntry:
61:138  0:142        FullTitle=
61:284  0:146        LoaderTitle=
61:424  0:139        Volume->LegacyOS->Name=Windows
61:563  0:139        Entry->Title=Boot Windows from .
61:706  0:142        IconName=vista,win comma=5 size=9
62:246  0:539        first=os_vista
62:790  0:544        Second=os_win
62:930  0:140        IconName=unknown comma=-1 size=7
63:076  0:145        Full=unknown
63:214  0:138      AddLegacyEntry:
63:361  0:146        FullTitle=
63:509  0:148        LoaderTitle=
63:654  0:144        Volume->LegacyOS->Name=Windows
63:800  0:145        Entry->Title=Boot Windows from .
63:945  0:145        IconName=vista,win comma=5 size=9
64:086  0:140        first=os_vista
64:230  0:143        Second=os_win
64:375  0:145        IconName=unknown comma=-1 size=7
64:516  0:140        Full=unknown
64:660  0:144  === [ AddCustomTool ] ===========================
64:874  0:213  EmuVariable UninstallEmulation: CloseEvent = Success, original var services restored
65:305  0:430  EmuVariable InstallEmulation: orig vars copied, emu.var.services installed, CreateEvent VirtualAddressChange = Success, CreateEvent ExitBootServices = Success, set Status=Success
67:334  2:029  === [ GetEfiBootDeviceFromNvram ] ===============
67:484  0:149   - [!] efi-boot-device-data not found
67:624  0:139  Default boot entry not found
67:766  0:142  EmuVariable UninstallEmulation: CloseEvent = Success, original var services restored
68:194  0:428  BannerPlace at Clear Screen [576,84]
68:377  0:182  AnimeRun=0
68:566  0:189  GUI ready
260:462  191:895  BootVariable of the entry is empty
261:498  1:035  === [ StartLoader ] =============================
261:648  0:150  Starting PcieRoot(0x0)\Pci(0x1C,0x3)\Pci(0x0,0x0)\NVMe(0x1,01-00-00-00-00-00-00-00)\HD(1,GPT,D3E11C9D-6CAC-4A3B-ACC6-CF574429F244,0x800,0x32000)\EFI\microsoft\Boot\bootmgfw.efi
261:792  0:144  Finally: ExternalClock=200MHz BusSpeed=199500kHz CPUFreq=2494MHz PIS: hw.busfrequency=800000000Hz
262:491  0:699  Loading bootmgfw.efi status=Success
263:427  0:935  Closing events for Windows
264:008  0:581  EmuVariable UninstallEmulation: CloseEvent = Invalid Parameter, original var services restored
264:427  0:418  OtherOS: Found Acpi 2.0 RSDP 0xDF2A2000
264:567  0:140  RSDT at 0xDF66D93A
264:710  0:142  XSDT at 0xDF66F200
264:849  0:139  FADT pointer = 0xDF66F09C
264:989  0:139  Dir '\\EFI\CLOVER\ACPI\Windows' not found. No patching will be done.
265:479  0:489  DeleteNvramVariable (efi-boot-device, 7C436110-AB2A-4BBB-A880-FE41995C9F82):
265:617  0:137  DeleteNvramVariable (efi-boot-device-data, 7C436110-AB2A-4BBB-A880-FE41995C9F82):
265:758  0:141  DeleteNvramVariable (BootCampHD, 7C436110-AB2A-4BBB-A880-FE41995C9F82):
265:899  0:140  start image 'bootmgfw.efi'
266:037  0:138  Using load options '-v '
