0:100  0:100  MemLog inited, TSC freq: 2493750886
0:100  0:000  CPU was calibrated with ACPI PM Timer
0:100  0:000  LegacyRegion2: Chipset/proc: 0x2A008086
0:100  0:000   Intel Series 4 and similar (PAM 0x90-0x96)
0:100  0:000   Test PAM1=(0x41=50, 0x5a=00, 0x81=00, 0x91=11) at chipset 2A008086
0:100  0:000  , Install = Success
0:115  0:015  BiosVideoDriverBindingStart!
0:115  0:000  BiosVideoCheckForVbe
0:115  0:000  EdidOverride not found
0:127  0:012   Edid1+
0:127  0:000   found Detail Timing 1280x800
0:127  0:000  timing string after 0xFE:X949H
0:127  0:000  timing string after 0xFE:&6@GjÆÿ
  
0:128  0:000     0 1280x800 attr=9B - ok, edid+, working, highest, pref=0
0:129  0:001     1 1024x768 attr=9B - ok, edid-, 1024x768, working
0:129  0:000     2 640x480 attr=9B - ok, edid-, 640x480, working
0:129  0:000     3 800x600 attr=9B - ok, edid-, 800x600, working
0:129  0:000  BV new mode: 0 1280x800
0:208  0:079   SetMode pref 0 (0) = Success
3:322  3:113  CloverX64 : Image base = 0xDD581000
3:322  0:000  Clover ImageHandle = de956898
3:323  0:000  === [ Starting Clover ] =========================
3:323  0:000  Now is 11.05.2023,  17:24:08 (GMT)
3:323  0:000  Starting Clover revision: 5146 (master, commit 31187f6e1) on CLOVER EFI
3:323  0:000  Build id: 20220324214945-31187f6-5146-dirty
3:323  0:000  Build with: [Args: -D NO_GRUB_DRIVERS_EMBEDDED -D LESS_DEBUG -t GCC53 | --cmd-len=50000 -D NO_GRUB_DRIVERS_EMBEDDED -D LESS_DEBUG --conf=/Users/sergey/src/CloverBootloader/Conf -D USE_LOW_EBDA -a X64 -b RELEASE -t GCC53 -n 5 | OS: 12.3]
3:323  0:000  === [ Get Smbios ] ==============================
3:323  0:000  Type 16 Index = 0
3:323  0:000  Total Memory Slots Count = 2
3:323  0:000  Type 17 Index = 0
3:323  0:000  SmbiosTable.Type17->SlotIndex = 0
3:323  0:000  SmbiosTable.Type17->ModuleSize = 2048MB
3:323  0:000  SmbiosTable.Type17->Type = 0
3:323  0:000  SmbiosTable.Type17->Frequency = 667MHz
3:323  0:000  SmbiosTable.Type17->Bank/Device =  DIMM_A
3:323  0:000  SmbiosTable.Type17->Vendor = 7F98000000000000
3:323  0:000  SmbiosTable.Type17->SerialNo = 69CC526E
3:323  0:000  SmbiosTable.Type17->PartNo = 9905295-052.A00LF
3:323  0:000  Type 17 Index = 1
3:323  0:000  SmbiosTable.Type17->SlotIndex = 1
3:323  0:000  SmbiosTable.Type17->ModuleSize = 2048MB
3:323  0:000  SmbiosTable.Type17->Type = 0
3:323  0:000  SmbiosTable.Type17->Frequency = 667MHz
3:323  0:000  SmbiosTable.Type17->Bank/Device =  DIMM_B
3:323  0:000  SmbiosTable.Type17->Vendor = 7F98000000000000
3:323  0:000  SmbiosTable.Type17->SerialNo = 69CC526E
3:323  0:000  SmbiosTable.Type17->PartNo = 9905295-052.A00LF
3:323  0:000  Boot status=0
3:323  0:000  Running on: 'Inspiron 1525' with board '0U990C'
3:323  0:000  === [ GetCPUProperties ] ========================
3:323  0:000  CPU Vendor = 756E6547 Model=10676
3:323  0:000   The CPU supported SSE4.1
3:323  0:000   The CPU not supported RDRAND
3:323  0:000  BrandString = Intel(R) Core(TM)2 Duo CPU     T9300  @ 2.50GHz
3:323  0:000  got cores from CPUID_1 = 2
3:323  0:000   The CPU supported turbo
3:323  0:000   Energy PerfBias is  not visible:
3:323  0:000  MSR dumps:
3:323  0:000  	@0x00CD=1a2
3:323  0:000  	@0x0198=6174c2206004c22
3:323  0:000  FSBFrequency = 200 MHz, DMI FSBFrequency = 200 MHz, Corrected FSBFrequency = 200 MHz
3:323  0:000  MaxDiv/MinDiv: 12.5/6
3:323  0:000  Turbo: 13/0/0/0
3:323  0:000  Features: 0x8E3BDBFEBFBFF
3:323  0:000  Threads: 2
3:323  0:000  Cores: 2
3:323  0:000  FSB: 200 MHz
3:323  0:000  CPU: 2500 MHz
3:323  0:000  TSC: 2500 MHz
3:323  0:000  PIS: 800 MHz
3:323  0:000  ExternalClock: 200 MHz
3:323  0:000  === [ GetDevices ] ==============================
3:323  0:000  Found more than one GOP protocol ??? Using the first one
3:323  0:000  GOP found at: PcieRoot(0x0)/Pci(0x2,0x0)/AcpiAdr(0x80010100)
3:323  0:000  PCI (00|00:00.00) : 8086 2A00 class=060000
3:323  0:000  PCI (00|00:02.00) : 8086 2A02 class=030000
3:323  0:000   - GFX: Model=Intel GMA X3100 (Intel)
3:323  0:000   - GOP: Provided by device
3:323  0:000  PCI (00|00:02.01) : 8086 2A03 class=038000
3:323  0:000   - GFX: Model=Intel GMA X3100 (Intel)
3:323  0:000  PCI (00|00:1A.00) : 8086 2834 class=0C0300
3:323  0:000  PCI (00|00:1A.01) : 8086 2835 class=0C0300
3:323  0:000  PCI (00|00:1A.07) : 8086 283A class=0C0320
3:323  0:000  PCI (00|00:1B.00) : 8086 284B class=040300
3:323  0:000  PCI (00|00:1C.00) : 8086 283F class=060400
3:323  0:000  PCI (00|09:00.00) : 11AB 4354 class=020000
3:323  0:000   - LAN: 1 Vendor=Marvell
3:323  0:000  Legacy MAC address of LAN #0= 00:21:9B:D7:9D:C2:
3:323  0:000  PCI (00|00:1C.01) : 8086 2841 class=060400
3:323  0:000  PCI (00|0B:00.00) : 14E4 4315 class=028000
3:323  0:000   - WIFI: Vendor= Broadcom
3:323  0:000  PCI (00|00:1C.03) : 8086 2845 class=060400
3:323  0:000  PCI (00|0C:00.00) : 1E4B 1202 class=010802
3:323  0:000  PCI (00|00:1C.04) : 8086 2847 class=060400
3:323  0:000  PCI (00|0D:00.00) : 1912 0015 class=0C0330
3:323  0:000  PCI (00|00:1D.00) : 8086 2830 class=0C0300
3:323  0:000  PCI (00|00:1D.01) : 8086 2831 class=0C0300
3:323  0:000  PCI (00|00:1D.02) : 8086 2832 class=0C0300
3:323  0:000  PCI (00|00:1D.07) : 8086 2836 class=0C0320
3:323  0:000  PCI (00|00:1E.00) : 8086 2448 class=060401
3:323  0:000  PCI (00|02:09.00) : 1180 0832 class=0C0010
3:323  0:000  PCI (00|02:09.01) : 1180 0822 class=080501
3:323  0:000  PCI (00|02:09.02) : 1180 0843 class=088000
3:323  0:000  PCI (00|02:09.03) : 1180 0592 class=088000
3:323  0:000  PCI (00|02:09.04) : 1180 0852 class=088000
3:323  0:000  PCI (00|00:1F.00) : 8086 2815 class=060100
3:323  0:000  PCI (00|00:1F.01) : 8086 2850 class=01018A
3:323  0:000  PCI (00|00:1F.02) : 8086 2829 class=010601
3:324  0:000  PCI (00|00:1F.03) : 8086 283E class=0C0500
3:338  0:014  _checkOEMPath Look for oem dir at path '\EFI\CLOVER\OEM\Inspiron 1525--00-21-9B-D7-9D-C2'. Dir doesn't exist.
3:338  0:000  _checkOEMPath Look for oem dir at path '\EFI\CLOVER\OEM\Inspiron 1525'. Dir doesn't exist.
3:338  0:000  _checkOEMPath Look for oem dir at path '\EFI\CLOVER\OEM\Inspiron 1525-2500'. Dir doesn't exist.
3:338  0:000  _checkOEMPath Look for oem dir at path '\EFI\CLOVER\OEM\0U990C'. Dir doesn't exist.
3:338  0:000  _checkOEMPath Look for oem dir at path '\EFI\CLOVER\OEM\0U990C-2500'. Dir doesn't exist.
3:338  0:000  === [ GetUserSettings ] =========================
3:338  0:000  GetDefaultModel()=MacBook4,1
3:338  0:000  Using config.plist at path: \EFI\CLOVER
3:339  0:001  Cannot find smbios.plist at path '\EFI\CLOVER' : Not Found
3:339  0:000  '\EFI\CLOVER\smbios.plist' not loaded. Efi error Not Found
3:339  0:000  BiosVersion: MB41.88Z.00C1.B00.0802091535
4:786  1:446  BiosReleaseDate: 02/09/08
4:920  0:133  EfiVersion: 
5:049  0:129  Calibrated TSC Frequency = 2493750886 = 2493MHz
5:609  0:559  GOP found at: PcieRoot(0x0)/Pci(0x2,0x0)/AcpiAdr(0x80010100)
6:176  0:567  === [ GetListOfThemes ] =========================
6:319  0:142  === [ Found config plists ] =====================
6:444  0:124  - config.plist
6:568  0:124  === [ LoadDrivers ] =============================
7:149  0:581  Loading ApfsDriverLoader.efi status=Success
7:529  0:380   - driver needs connecting
7:655  0:125  Loading AudioDxe.efi status=Success
8:051  0:395   - driver needs connecting
8:176  0:124  Loading FSInject.efi status=Success
8:562  0:385  Loading Ps2MouseDxe.efi status=Success
9:349  0:787   - driver needs connecting
9:879  0:530  Loading SMCHelper.efi status=Success
10:259  0:380  Loading UsbMouseDxe.efi status=Success
10:640  0:380   - driver needs connecting
10:766  0:125  Loading XhciDxe.efi status=Success
11:160  0:394   - driver needs connecting
11:289  0:128  Loading NTFS.efi status=Success
11:714  0:424   - driver needs connecting
11:839  0:125  Loading NvmExpressDxe.efi status=Success
12:635  0:796   - driver needs connecting
13:179  0:544  Loading Fat.efi status=Success
13:555  0:375   - driver needs connecting
14:082  0:526  Loading EmuVariableUefi.efi status=Success
14:473  0:391  EmuVariableUefi Initialize: VariableCommonInitialize = Success, orig services stored, install gEmuVariableControlProtocolGuid = Success
15:030  0:556  8 drivers needs connecting ...
15:154  0:124  PlatformDriverOverrideProtocol->GetDriver overriden
15:282  0:128  APFS driver loaded
21:287  6:004  EmuVariable InstallEmulation: orig vars copied, emu.var.services installed, CreateEvent VirtualAddressChange = Success, CreateEvent ExitBootServices = Success, set Status=Success
23:886  2:599  === [ InitScreen ] ==============================
24:023  0:137  Console modes reported: 4, available modes:
24:165  0:141   - [01]: 80x25
24:745  0:579   - [03]: 100x31
24:885  0:140   - [04]: 160x42 (current mode)
25:033  0:148  SetScreenResolution: 1280x1024 - not found!
25:313  0:280  SetScreenResolution: 1280x800 - already set
25:599  0:285  Using embedded font
25:739  0:140  === [ ScanSPD ] =================================
25:885  0:146  Scanning SMBus [8086:283E], mmio: 0xFE9FB700, ioport: 0x10C0, hostc: 0x1
26:040  0:154  Slot: 0 Type 19 2048MB 667MHz Vendor=Kingston PartNo=9905295-052.A00LF SerialNo=69CC526E
26:199  0:159  Slot: 2 Type 19 2048MB 667MHz Vendor=Kingston PartNo=9905295-052.A00LF SerialNo=69CC526E
26:346  0:146  === [ GetAcpiTablesList ] =======================
26:492  0:146  Get Acpi Tables List from RSDT:
26:776  0:283   - [00]: FACP  M08     len=116
27:317  0:541   - [01]: HPET  M08     len=56
27:853  0:535   - [02]: APIC  M08     len=104
27:999  0:145   - [03]: MCFG  M08     len=62
28:143  0:143   - [04]: SLIC  M08     len=374
28:285  0:141   - [05]: OSFR  M08     len=44
28:430  0:145   - [06]: BOOT  M08     len=40
28:575  0:144   - [07]: SSDT  CpuPm len=1228
28:716  0:140   - [00]: Drop table : DMAR,                0 :  no
29:005  0:289   - [01]: Drop table : SSDT,       6d50757043 :  yes
29:290  0:284   - [02]: Drop table : SSDT,   74734930757043 :  no
29:574  0:283   - [03]: Drop table : BGRT,                0 :  no
29:864  0:289  Custom boot CUSTOM_BOOT_USER_DISABLED (0x0)
29:998  0:133  Default theme: embedded
30:139  0:140  === [ Found DSDT tables ] =======================
30:282  0:143  === [ InitKextList ] ============================
30:833  0:550  === [ ScanVolumes ] =============================
31:397  0:563  Found 13 volumes with blockIO
31:538  0:141  - [00]: Volume: PcieRoot(0x0)\Pci(0x1D,0x7)\USB(0x1,0x0)
32:230  0:692          Result of bootcode detection: bootable unknown (legacy)
32:372  0:142  - [01]: Volume: PcieRoot(0x0)\Pci(0x1D,0x7)\USB(0x1,0x0)\HD(1,MBR,0x00058E69,0x3F,0x3BB7C1)
32:668  0:295          Result of bootcode detection: bootable unknown (legacy)
32:808  0:139            label : BDU
32:955  0:146          This is SelfVolume !!
33:094  0:139  - [02]: Volume: PcieRoot(0x0)\Pci(0x1F,0x1)\Ata(0x0)
33:373  0:279  - [03]: Volume: PcieRoot(0x0)\Pci(0x1F,0x2)\Sata(0x0,0x0,0x0)
34:014  0:641          Result of bootcode detection: bootable unknown (legacy)
34:695  0:681  - [04]: Volume: PcieRoot(0x0)\Pci(0x1F,0x2)\Sata(0x0,0x0,0x0)\HD(1,MBR,0xF0000000,0x3F,0x65F5B)
34:985  0:289          Result of bootcode detection: bootable unknown (legacy)
35:134  0:148            label : Unknown HD1
35:670  0:535  - [05]: Volume: PcieRoot(0x0)\Pci(0x1F,0x2)\Sata(0x0,0x0,0x0)\HD(2,MBR,0xF0000000,0x66000,0x32000)
36:375  0:705          Result of bootcode detection: bootable Windows (vista,win)
36:525  0:150            label : System Reservation
37:093  0:567          hiding this volume
37:239  0:145  - [06]: Volume: PcieRoot(0x0)\Pci(0x1F,0x2)\Sata(0x0,0x0,0x0)\HD(3,MBR,0xF0000000,0x98000,0xDC35800)
37:547  0:308          Result of bootcode detection: bootable Windows (vista,win)
37:697  0:149            label : WIN7
37:844  0:147  - [07]: Volume: PcieRoot(0x0)\Pci(0x1F,0x2)\Sata(0x0,0x0,0x0)\HD(4,MBR,0xF0000000,0xDCCD94C,0xF4F6C35)
38:123  0:279          Result of bootcode detection: bootable Windows (win)
38:288  0:164            label : MIX
38:427  0:139          hiding this volume
38:567  0:139  - [08]: Volume: PcieRoot(0x0)\Pci(0x1C,0x3)\Pci(0x0,0x0)\NVMe(0x1,01-00-00-00-00-00-00-00)
39:203  0:635  - [09]: Volume: PcieRoot(0x0)\Pci(0x1C,0x3)\Pci(0x0,0x0)\NVMe(0x1,01-00-00-00-00-00-00-00)\HD(1,GPT,D3E11C9D-6CAC-4A3B-ACC6-CF574429F244,0x800,0x32000)
39:494  0:291          Result of bootcode detection: bootable Windows (vista,win)
40:049  0:554            label : EFI
40:584  0:535  - [10]: Volume: PcieRoot(0x0)\Pci(0x1C,0x3)\Pci(0x0,0x0)\NVMe(0x1,01-00-00-00-00-00-00-00)\HD(2,GPT,0059DF20-848F-4B16-B15B-62DBED23F50F,0x32800,0x8000)
40:877  0:292  - [11]: Volume: PcieRoot(0x0)\Pci(0x1C,0x3)\Pci(0x0,0x0)\NVMe(0x1,01-00-00-00-00-00-00-00)\HD(3,GPT,9313C411-8C5B-4CEB-8205-9182457A20B6,0x3A800,0x1DBB3B15)
41:150  0:273          Result of bootcode detection: bootable Windows (vista,win)
41:295  0:145            label : .
41:429  0:134  - [12]: Volume: PcieRoot(0x0)\Pci(0x1C,0x3)\Pci(0x0,0x0)\NVMe(0x1,01-00-00-00-00-00-00-00)\HD(4,GPT,0C5FBC1B-3799-4F5F-ACD0-1A928EF488DB,0x1DBEE800,0x104000)
41:714  0:284          Result of bootcode detection: bootable Windows (vista,win)
41:850  0:136            label : .
41:999  0:148  Searching volumes for latest nvram.plist ...
42:304  0:304   - [0] no nvram.plist
42:450  0:145  LoadLatestNvramPlist loaded Status=Not Found
42:595  0:145  PutNvramPlistToRtVars: no nvram.plist
42:729  0:134  found 3 handles with audio
42:870  0:140  No AudioIoDevice stored
43:014  0:143  no stored audio parameters
43:576  0:562  Found Audio Device Silicon Image (Unknown) (HDMI) at index 0
44:118  0:541  Found Audio Device Sigmatel STAC9228X (Headphones) at index 1
44:259  0:141  Found Audio Device Sigmatel STAC9228X (Speaker) at index 2
44:397  0:137  Found Audio Device Sigmatel STAC9228X (LineOut) at index 3
44:935  0:537  Found Audio Device Sigmatel STAC9228X (Other) at index 4
45:074  0:138  === [ InitXTheme ] ==============================
45:215  0:141  use night theme
45:354  0:139   using embedded theme
45:527  0:172  sound play end with status=Device Error
45:676  0:149  Using embedded font
45:813  0:136  theme inited
45:953  0:139  Chosen embedded theme
46:095  0:141  after NVRAM boot-args=
46:234  0:139  === [ Dump SMC keys from NVRAM ] ================
46:370  0:136  found AppleSMC protocol
46:514  0:143  Registered 0 SMC keys
46:656  0:141  === [ ScanLoader ] ==============================
46:796  0:140  - [01]: 'BDU'
47:485  0:689        AddLoaderEntry for Volume Name=BDU, idx=0
48:008  0:522        OSVersion= 
48:153  0:145        IconName=unknown comma=-1 size=7
48:295  0:141        Full=unknown
48:435  0:140        Loader entry created for 'PcieRoot(0x0)\Pci(0x1D,0x7)\USB(0x1,0x0)\HD(1,MBR,0x00058E69,0x3F,0x3BB7C1)\EFI\BOOT\BOOTX64.efi'
48:578  0:143       hiding entry: \EFI\BOOT\BOOTX64.efi
48:725  0:146        Menu entry added at index 0
48:866  0:141       hiding entry because DiskKind is DISK_KIND_EXTERNAL: \EFI\BOOT\BOOTX64.efi
49:010  0:144  - [04]: 'Unknown HD1'
49:293  0:283  - [05]: 'System Reservation'
49:588  0:295  - [06]: 'WIN7'
49:875  0:286  - [07]: 'MIX'
50:163  0:288  - [09]: 'EFI'
50:498  0:334        AddLoaderEntry for Volume Name=EFI, idx=1
51:034  0:536        OSVersion= 
51:576  0:541        IconName=vista,win comma=5 size=9
51:720  0:144        first=os_vista
51:858  0:138        Second=os_win
52:405  0:547        IconName=unknown comma=-1 size=7
52:544  0:138        Full=unknown
52:686  0:141        Loader entry created for 'PcieRoot(0x0)\Pci(0x1C,0x3)\Pci(0x0,0x0)\NVMe(0x1,01-00-00-00-00-00-00-00)\HD(1,GPT,D3E11C9D-6CAC-4A3B-ACC6-CF574429F244,0x800,0x32000)\EFI\microsoft\Boot\bootmgfw.efi'
52:825  0:139        Menu entry added at index 1
53:014  0:189        AddLoaderEntry for Volume Name=EFI, idx=2
53:156  0:141        OSVersion= 
53:294  0:138        IconName=unknown comma=-1 size=7
53:434  0:140        Full=unknown
53:575  0:141        Loader entry created for 'PcieRoot(0x0)\Pci(0x1C,0x3)\Pci(0x0,0x0)\NVMe(0x1,01-00-00-00-00-00-00-00)\HD(1,GPT,D3E11C9D-6CAC-4A3B-ACC6-CF574429F244,0x800,0x32000)\EFI\BOOT\BOOTX64.efi'
53:714  0:138       hiding entry: \EFI\BOOT\BOOTX64.efi
53:854  0:140        Menu entry added at index 2
54:063  0:208       hiding entry because DiskKind is DISK_KIND_INTERNAL: \EFI\BOOT\BOOTX64.efi
54:204  0:140  - [11]: '.'
54:507  0:303  - [12]: '.'
55:600  1:093  Entries list before ordering
55:740  0:139      Entry 0 : Boot UEFI external from BDU (hidden)
55:884  0:144      Entry 1 : Boot Microsoft EFI Boot from EFI
56:019  0:135      Entry 2 : Boot UEFI internal from EFI (hidden)
56:163  0:143  Entries after before ordering
56:305  0:142    Entry 0 : Boot UEFI external from BDU (hidden)
56:440  0:134    Entry 1 : Boot Microsoft EFI Boot from EFI
56:580  0:140    Entry 2 : Boot UEFI internal from EFI (hidden)
56:725  0:144  Scanning legacy ...
56:865  0:140   hidden
57:010  0:144      AddLegacyEntry:
57:154  0:143        FullTitle=
57:294  0:140        LoaderTitle=
57:444  0:149        Volume->LegacyOS->Name=Windows
57:594  0:150        Entry->Title=Boot Windows from WIN7
57:729  0:135        IconName=vista,win comma=5 size=9
57:870  0:141        first=os_vista
58:012  0:142        Second=os_win
58:549  0:536        IconName=unknown comma=-1 size=7
59:088  0:539        Full=unknown
59:236  0:147   hidden
59:377  0:140      AddLegacyEntry:
59:925  0:548        FullTitle=
60:064  0:138        LoaderTitle=
60:206  0:141        Volume->LegacyOS->Name=Windows
60:344  0:138        Entry->Title=Boot Windows from EFI
60:485  0:140        IconName=vista,win comma=5 size=9
60:629  0:143        first=os_vista
60:769  0:140        Second=os_win
60:908  0:138        IconName=unknown comma=-1 size=7
61:054  0:146        Full=unknown
61:194  0:140      AddLegacyEntry:
61:336  0:141        FullTitle=
61:486  0:150        LoaderTitle=
61:629  0:143        Volume->LegacyOS->Name=Windows
61:769  0:139        Entry->Title=Boot Windows from .
61:915  0:146        IconName=vista,win comma=5 size=9
62:459  0:543        first=os_vista
62:993  0:534        Second=os_win
63:140  0:146        IconName=unknown comma=-1 size=7
63:286  0:145        Full=unknown
63:425  0:139      AddLegacyEntry:
63:569  0:143        FullTitle=
63:715  0:145        LoaderTitle=
63:850  0:135        Volume->LegacyOS->Name=Windows
63:994  0:144        Entry->Title=Boot Windows from .
64:154  0:159        IconName=vista,win comma=5 size=9
64:297  0:142        first=os_vista
64:440  0:143        Second=os_win
64:585  0:144        IconName=unknown comma=-1 size=7
64:725  0:140        Full=unknown
64:869  0:144  === [ AddCustomTool ] ===========================
65:034  0:165  EmuVariable UninstallEmulation: CloseEvent = Success, original var services restored
65:465  0:430  EmuVariable InstallEmulation: orig vars copied, emu.var.services installed, CreateEvent VirtualAddressChange = Success, CreateEvent ExitBootServices = Success, set Status=Success
67:526  2:060  === [ GetEfiBootDeviceFromNvram ] ===============
67:674  0:148   - [!] efi-boot-device-data not found
67:816  0:142  Default boot entry not found
67:955  0:139  EmuVariable UninstallEmulation: CloseEvent = Success, original var services restored
68:375  0:420  BannerPlace at Clear Screen [576,84]
68:555  0:179  AnimeRun=0
68:747  0:191  GUI ready
127:475  58:728  BootVariable of the entry is empty
128:507  1:031  === [ StartLoader ] =============================
128:655  0:147  Starting PcieRoot(0x0)\Pci(0x1C,0x3)\Pci(0x0,0x0)\NVMe(0x1,01-00-00-00-00-00-00-00)\HD(1,GPT,D3E11C9D-6CAC-4A3B-ACC6-CF574429F244,0x800,0x32000)\EFI\microsoft\Boot\bootmgfw.efi
128:801  0:146  Finally: ExternalClock=200MHz BusSpeed=199501kHz CPUFreq=2494MHz PIS: hw.busfrequency=800000000Hz
129:511  0:710  Loading bootmgfw.efi status=Success
130:440  0:929  Closing events for Windows
131:007  0:567  EmuVariable UninstallEmulation: CloseEvent = Invalid Parameter, original var services restored
131:435  0:428  OtherOS: Found Acpi 2.0 RSDP 0xDF2A2000
131:575  0:139  RSDT at 0xDF66D93A
131:726  0:151  XSDT at 0xDF66F200
131:865  0:138  FADT pointer = 0xDF66F09C
132:007  0:141  Dir '\\EFI\CLOVER\ACPI\Windows' not found. No patching will be done.
132:497  0:490  DeleteNvramVariable (efi-boot-device, 7C436110-AB2A-4BBB-A880-FE41995C9F82):
132:636  0:139  DeleteNvramVariable (efi-boot-device-data, 7C436110-AB2A-4BBB-A880-FE41995C9F82):
132:777  0:140  DeleteNvramVariable (BootCampHD, 7C436110-AB2A-4BBB-A880-FE41995C9F82):
132:917  0:140  start image 'bootmgfw.efi'
133:056  0:139  Using load options '-v '
