0:100  0:100  MemLog inited, TSC freq: 2493751333
0:100  0:000  CPU was calibrated with ACPI PM Timer
0:100  0:000  LegacyRegion2: Chipset/proc: 0x2A008086
0:100  0:000   Intel Series 4 and similar (PAM 0x90-0x96)
0:100  0:000   Test PAM1=(0x41=50, 0x5a=00, 0x81=00, 0x91=11) at chipset 2A008086
0:100  0:000  , Install = Success
0:115  0:015  BiosVideoDriverBindingStart!
0:115  0:000  BiosVideoCheckForVbe
0:115  0:000  EdidOverride not found
0:127  0:012   Edid1+
0:127  0:000   found Detail Timing 1280x800
0:127  0:000  timing string after 0xFE:X949H
0:127  0:000  timing string after 0xFE:&6@GjÆÿ
  
0:127  0:000     0 1280x800 attr=9B - ok, edid+, working, highest, pref=0
0:128  0:001     1 1024x768 attr=9B - ok, edid-, 1024x768, working
0:129  0:000     2 640x480 attr=9B - ok, edid-, 640x480, working
0:129  0:000     3 800x600 attr=9B - ok, edid-, 800x600, working
0:129  0:000  BV new mode: 0 1280x800
0:211  0:081   SetMode pref 0 (0) = Success
3:012  2:801  CloverX64 : Image base = 0xDD581000
3:012  0:000  Clover ImageHandle = de95be18
3:012  0:000  === [ Starting Clover ] =========================
3:012  0:000  Now is 11.05.2023,  16:07:49 (GMT)
3:012  0:000  Starting Clover revision: 5146 (master, commit 31187f6e1) on CLOVER EFI
3:012  0:000  Build id: 20220324214945-31187f6-5146-dirty
3:012  0:000  Build with: [Args: -D NO_GRUB_DRIVERS_EMBEDDED -D LESS_DEBUG -t GCC53 | --cmd-len=50000 -D NO_GRUB_DRIVERS_EMBEDDED -D LESS_DEBUG --conf=/Users/sergey/src/CloverBootloader/Conf -D USE_LOW_EBDA -a X64 -b RELEASE -t GCC53 -n 5 | OS: 12.3]
3:012  0:000  === [ Get Smbios ] ==============================
3:012  0:000  Type 16 Index = 0
3:012  0:000  Total Memory Slots Count = 2
3:012  0:000  Type 17 Index = 0
3:012  0:000  SmbiosTable.Type17->SlotIndex = 0
3:012  0:000  SmbiosTable.Type17->ModuleSize = 2048MB
3:012  0:000  SmbiosTable.Type17->Type = 0
3:012  0:000  SmbiosTable.Type17->Frequency = 667MHz
3:012  0:000  SmbiosTable.Type17->Bank/Device =  DIMM_A
3:012  0:000  SmbiosTable.Type17->Vendor = 7F98000000000000
3:012  0:000  SmbiosTable.Type17->SerialNo = 69CC526E
3:012  0:000  SmbiosTable.Type17->PartNo = 9905295-052.A00LF
3:012  0:000  Type 17 Index = 1
3:012  0:000  SmbiosTable.Type17->SlotIndex = 1
3:012  0:000  SmbiosTable.Type17->ModuleSize = 2048MB
3:012  0:000  SmbiosTable.Type17->Type = 0
3:012  0:000  SmbiosTable.Type17->Frequency = 667MHz
3:012  0:000  SmbiosTable.Type17->Bank/Device =  DIMM_B
3:012  0:000  SmbiosTable.Type17->Vendor = 7F98000000000000
3:012  0:000  SmbiosTable.Type17->SerialNo = 69CC526E
3:012  0:000  SmbiosTable.Type17->PartNo = 9905295-052.A00LF
3:012  0:000  Boot status=0
3:012  0:000  Running on: 'Inspiron 1525' with board '0U990C'
3:012  0:000  === [ GetCPUProperties ] ========================
3:012  0:000  CPU Vendor = 756E6547 Model=10676
3:012  0:000   The CPU supported SSE4.1
3:012  0:000   The CPU not supported RDRAND
3:012  0:000  BrandString = Intel(R) Core(TM)2 Duo CPU     T9300  @ 2.50GHz
3:012  0:000  got cores from CPUID_1 = 2
3:012  0:000   The CPU supported turbo
3:012  0:000   Energy PerfBias is  not visible:
3:012  0:000  MSR dumps:
3:012  0:000  	@0x00CD=1a2
3:012  0:000  	@0x0198=6174c2206004c22
3:012  0:000  FSBFrequency = 200 MHz, DMI FSBFrequency = 200 MHz, Corrected FSBFrequency = 200 MHz
3:012  0:000  MaxDiv/MinDiv: 12.5/6
3:012  0:000  Turbo: 13/0/0/0
3:012  0:000  Features: 0x8E3BDBFEBFBFF
3:012  0:000  Threads: 2
3:012  0:000  Cores: 2
3:012  0:000  FSB: 200 MHz
3:012  0:000  CPU: 2500 MHz
3:012  0:000  TSC: 2500 MHz
3:012  0:000  PIS: 800 MHz
3:012  0:000  ExternalClock: 200 MHz
3:012  0:000  === [ GetDevices ] ==============================
3:012  0:000  Found more than one GOP protocol ??? Using the first one
3:012  0:000  GOP found at: PcieRoot(0x0)/Pci(0x2,0x0)/AcpiAdr(0x80010100)
3:012  0:000  PCI (00|00:00.00) : 8086 2A00 class=060000
3:012  0:000  PCI (00|00:02.00) : 8086 2A02 class=030000
3:012  0:000   - GFX: Model=Intel GMA X3100 (Intel)
3:012  0:000   - GOP: Provided by device
3:012  0:000  PCI (00|00:02.01) : 8086 2A03 class=038000
3:012  0:000   - GFX: Model=Intel GMA X3100 (Intel)
3:012  0:000  PCI (00|00:1A.00) : 8086 2834 class=0C0300
3:013  0:000  PCI (00|00:1A.01) : 8086 2835 class=0C0300
3:013  0:000  PCI (00|00:1A.07) : 8086 283A class=0C0320
3:013  0:000  PCI (00|00:1B.00) : 8086 284B class=040300
3:013  0:000  PCI (00|00:1C.00) : 8086 283F class=060400
3:013  0:000  PCI (00|09:00.00) : 11AB 4354 class=020000
3:013  0:000   - LAN: 1 Vendor=Marvell
3:013  0:000  Legacy MAC address of LAN #0= 00:21:9B:D7:9D:C2:
3:013  0:000  PCI (00|00:1C.01) : 8086 2841 class=060400
3:013  0:000  PCI (00|0B:00.00) : 14E4 4315 class=028000
3:013  0:000   - WIFI: Vendor= Broadcom
3:013  0:000  PCI (00|00:1C.03) : 8086 2845 class=060400
3:013  0:000  PCI (00|0C:00.00) : 1E4B 1202 class=010802
3:013  0:000  PCI (00|00:1C.04) : 8086 2847 class=060400
3:013  0:000  PCI (00|0D:00.00) : 1912 0015 class=0C0330
3:013  0:000  PCI (00|00:1D.00) : 8086 2830 class=0C0300
3:013  0:000  PCI (00|00:1D.01) : 8086 2831 class=0C0300
3:013  0:000  PCI (00|00:1D.02) : 8086 2832 class=0C0300
3:013  0:000  PCI (00|00:1D.07) : 8086 2836 class=0C0320
3:013  0:000  PCI (00|00:1E.00) : 8086 2448 class=060401
3:013  0:000  PCI (00|02:09.00) : 1180 0832 class=0C0010
3:013  0:000  PCI (00|02:09.01) : 1180 0822 class=080501
3:013  0:000  PCI (00|02:09.02) : 1180 0843 class=088000
3:013  0:000  PCI (00|02:09.03) : 1180 0592 class=088000
3:013  0:000  PCI (00|02:09.04) : 1180 0852 class=088000
3:013  0:000  PCI (00|00:1F.00) : 8086 2815 class=060100
3:013  0:000  PCI (00|00:1F.01) : 8086 2850 class=01018A
3:013  0:000  PCI (00|00:1F.02) : 8086 2829 class=010601
3:013  0:000  PCI (00|00:1F.03) : 8086 283E class=0C0500
3:027  0:014  _checkOEMPath Look for oem dir at path '\EFI\CLOVER\OEM\Inspiron 1525--00-21-9B-D7-9D-C2'. Dir doesn't exist.
3:027  0:000  _checkOEMPath Look for oem dir at path '\EFI\CLOVER\OEM\Inspiron 1525'. Dir doesn't exist.
3:027  0:000  _checkOEMPath Look for oem dir at path '\EFI\CLOVER\OEM\Inspiron 1525-2500'. Dir doesn't exist.
3:027  0:000  _checkOEMPath Look for oem dir at path '\EFI\CLOVER\OEM\0U990C'. Dir doesn't exist.
3:027  0:000  _checkOEMPath Look for oem dir at path '\EFI\CLOVER\OEM\0U990C-2500'. Dir doesn't exist.
3:027  0:000  === [ GetUserSettings ] =========================
3:027  0:000  GetDefaultModel()=MacBook4,1
3:027  0:000  Using config.plist at path: \EFI\CLOVER
3:029  0:001  Cannot find smbios.plist at path '\EFI\CLOVER' : Not Found
3:029  0:000  '\EFI\CLOVER\smbios.plist' not loaded. Efi error Not Found
3:029  0:000  BiosVersion: MB41.88Z.00C1.B00.0802091535
4:485  1:456  BiosReleaseDate: 02/09/08
4:623  0:138  EfiVersion: 
4:748  0:124  Calibrated TSC Frequency = 2493751333 = 2493MHz
5:312  0:564  GOP found at: PcieRoot(0x0)/Pci(0x2,0x0)/AcpiAdr(0x80010100)
5:884  0:571  === [ GetListOfThemes ] =========================
6:023  0:139  === [ Found config plists ] =====================
6:152  0:128  - config.plist
6:277  0:125  === [ LoadDrivers ] =============================
6:417  0:140  Loading ApfsDriverLoader.efi status=Success
7:233  0:816   - driver needs connecting
7:363  0:129  Loading AudioDxe.efi status=Success
7:757  0:394   - driver needs connecting
7:878  0:121  Loading FSInject.efi status=Success
8:256  0:378  Loading Ps2MouseDxe.efi status=Success
9:035  0:778   - driver needs connecting
9:564  0:528  Loading SMCHelper.efi status=Success
9:950  0:386  Loading UsbMouseDxe.efi status=Success
10:331  0:380   - driver needs connecting
10:461  0:129  Loading XhciDxe.efi status=Success
10:857  0:395   - driver needs connecting
10:982  0:124  Loading NTFS.efi status=Success
11:406  0:424   - driver needs connecting
11:531  0:125  Loading NvmExpressDxe.efi status=Success
12:336  0:804   - driver needs connecting
12:851  0:515  Loading Fat.efi status=Success
13:230  0:378   - driver needs connecting
13:355  0:125  Loading EmuVariableUefi.efi status=Success
14:146  0:791  EmuVariableUefi Initialize: VariableCommonInitialize = Success, orig services stored, install gEmuVariableControlProtocolGuid = Success
14:716  0:570  8 drivers needs connecting ...
14:837  0:120  PlatformDriverOverrideProtocol->GetDriver overriden
14:966  0:128  APFS driver loaded
20:972  6:006  EmuVariable InstallEmulation: orig vars copied, emu.var.services installed, CreateEvent VirtualAddressChange = Success, CreateEvent ExitBootServices = Success, set Status=Success
23:569  2:596  === [ InitScreen ] ==============================
23:710  0:141  Console modes reported: 4, available modes:
23:854  0:144   - [01]: 80x25
23:988  0:133   - [03]: 100x31
24:568  0:580   - [04]: 160x42 (current mode)
24:706  0:138  SetScreenResolution: 1280x1024 - not found!
24:989  0:282  SetScreenResolution: 1280x800 - already set
25:267  0:277  Using embedded font
25:415  0:147  === [ ScanSPD ] =================================
25:553  0:138  Scanning SMBus [8086:283E], mmio: 0xFE9FB700, ioport: 0x10C0, hostc: 0x1
25:716  0:163  Slot: 0 Type 19 2048MB 667MHz Vendor=Kingston PartNo=9905295-052.A00LF SerialNo=69CC526E
25:876  0:159  Slot: 2 Type 19 2048MB 667MHz Vendor=Kingston PartNo=9905295-052.A00LF SerialNo=69CC526E
26:018  0:141  === [ GetAcpiTablesList ] =======================
26:164  0:146  Get Acpi Tables List from RSDT:
26:450  0:285   - [00]: FACP  M08     len=116
26:992  0:541   - [01]: HPET  M08     len=56
27:533  0:540   - [02]: APIC  M08     len=104
27:673  0:140   - [03]: MCFG  M08     len=62
27:814  0:140   - [04]: SLIC  M08     len=374
27:955  0:140   - [05]: OSFR  M08     len=44
28:093  0:138   - [06]: BOOT  M08     len=40
28:235  0:141   - [07]: SSDT  CpuPm len=1228
28:374  0:139   - [00]: Drop table : DMAR,                0 :  no
28:663  0:288   - [01]: Drop table : SSDT,       6d50757043 :  yes
28:946  0:283   - [02]: Drop table : SSDT,   74734930757043 :  no
29:235  0:288   - [03]: Drop table : BGRT,                0 :  no
29:515  0:280  Custom boot CUSTOM_BOOT_USER_DISABLED (0x0)
29:653  0:138  Default theme: embedded
29:795  0:141  === [ Found DSDT tables ] =======================
29:934  0:139  === [ InitKextList ] ============================
30:493  0:558  === [ ScanVolumes ] =============================
31:045  0:552  Found 13 volumes with blockIO
31:193  0:147  - [00]: Volume: PcieRoot(0x0)\Pci(0x1D,0x7)\USB(0x1,0x0)
31:490  0:297          Result of bootcode detection: bootable unknown (legacy)
32:033  0:543  - [01]: Volume: PcieRoot(0x0)\Pci(0x1D,0x7)\USB(0x1,0x0)\HD(1,MBR,0x00058E69,0x3F,0x3BB7C1)
32:328  0:295          Result of bootcode detection: bootable unknown (legacy)
32:469  0:140            label : BDU
32:608  0:138          This is SelfVolume !!
32:746  0:138  - [02]: Volume: PcieRoot(0x0)\Pci(0x1F,0x1)\Ata(0x0)
33:032  0:286  - [03]: Volume: PcieRoot(0x0)\Pci(0x1F,0x2)\Sata(0x0,0x0,0x0)
33:676  0:643          Result of bootcode detection: bootable unknown (legacy)
34:357  0:680  - [04]: Volume: PcieRoot(0x0)\Pci(0x1F,0x2)\Sata(0x0,0x0,0x0)\HD(1,MBR,0xF0000000,0x3F,0x65F5B)
34:643  0:286          Result of bootcode detection: bootable unknown (legacy)
34:788  0:145            label : Unknown HD1
35:329  0:541  - [05]: Volume: PcieRoot(0x0)\Pci(0x1F,0x2)\Sata(0x0,0x0,0x0)\HD(2,MBR,0xF0000000,0x66000,0x32000)
36:047  0:717          Result of bootcode detection: bootable Windows (vista,win)
36:194  0:146            label : System Reservation
36:329  0:135          hiding this volume
36:919  0:589  - [06]: Volume: PcieRoot(0x0)\Pci(0x1F,0x2)\Sata(0x0,0x0,0x0)\HD(3,MBR,0xF0000000,0x98000,0xDC35800)
37:234  0:314          Result of bootcode detection: bootable Windows (vista,win)
37:394  0:160            label : WIN7
37:537  0:142  - [07]: Volume: PcieRoot(0x0)\Pci(0x1F,0x2)\Sata(0x0,0x0,0x0)\HD(4,MBR,0xF0000000,0xDCCD94C,0xF4F6C35)
37:819  0:282          Result of bootcode detection: bootable Windows (win)
37:983  0:163            label : MIX
38:124  0:141          hiding this volume
38:270  0:145  - [08]: Volume: PcieRoot(0x0)\Pci(0x1C,0x3)\Pci(0x0,0x0)\NVMe(0x1,01-00-00-00-00-00-00-00)
38:899  0:629  - [09]: Volume: PcieRoot(0x0)\Pci(0x1C,0x3)\Pci(0x0,0x0)\NVMe(0x1,01-00-00-00-00-00-00-00)\HD(1,GPT,D3E11C9D-6CAC-4A3B-ACC6-CF574429F244,0x800,0x32000)
39:187  0:287          Result of bootcode detection: bootable Windows (vista,win)
39:739  0:551            label : EFI
40:277  0:538  - [10]: Volume: PcieRoot(0x0)\Pci(0x1C,0x3)\Pci(0x0,0x0)\NVMe(0x1,01-00-00-00-00-00-00-00)\HD(2,GPT,0059DF20-848F-4B16-B15B-62DBED23F50F,0x32800,0x8000)
40:564  0:286  - [11]: Volume: PcieRoot(0x0)\Pci(0x1C,0x3)\Pci(0x0,0x0)\NVMe(0x1,01-00-00-00-00-00-00-00)\HD(3,GPT,9313C411-8C5B-4CEB-8205-9182457A20B6,0x3A800,0x1DBB3B15)
40:848  0:284          Result of bootcode detection: bootable Windows (vista,win)
40:994  0:145            label : .
41:133  0:139  - [12]: Volume: PcieRoot(0x0)\Pci(0x1C,0x3)\Pci(0x0,0x0)\NVMe(0x1,01-00-00-00-00-00-00-00)\HD(4,GPT,0C5FBC1B-3799-4F5F-ACD0-1A928EF488DB,0x1DBEE800,0x104000)
41:425  0:291          Result of bootcode detection: bootable Windows (vista,win)
41:575  0:150            label : .
41:714  0:139  Searching volumes for latest nvram.plist ...
42:015  0:300   - [0] no nvram.plist
42:155  0:140  LoadLatestNvramPlist loaded Status=Not Found
42:305  0:150  PutNvramPlistToRtVars: no nvram.plist
42:443  0:138  found 3 handles with audio
42:584  0:140  No AudioIoDevice stored
42:725  0:141  no stored audio parameters
43:267  0:542  Found Audio Device Silicon Image (Unknown) (HDMI) at index 0
43:816  0:548  Found Audio Device Sigmatel STAC9228X (Headphones) at index 1
43:960  0:144  Found Audio Device Sigmatel STAC9228X (Speaker) at index 2
44:104  0:143  Found Audio Device Sigmatel STAC9228X (LineOut) at index 3
44:245  0:140  Found Audio Device Sigmatel STAC9228X (Other) at index 4
44:788  0:543  === [ InitXTheme ] ==============================
44:927  0:139  use Daylight theme
45:067  0:139   using embedded theme
45:234  0:166  sound play end with status=Device Error
45:376  0:142  Using embedded font
45:516  0:139  theme inited
45:660  0:143  Chosen embedded theme
45:805  0:145  after NVRAM boot-args=
45:944  0:138  === [ Dump SMC keys from NVRAM ] ================
46:089  0:145  found AppleSMC protocol
46:233  0:143  Registered 0 SMC keys
46:376  0:142  === [ ScanLoader ] ==============================
46:520  0:144  - [01]: 'BDU'
47:199  0:678        AddLoaderEntry for Volume Name=BDU, idx=0
47:736  0:537        OSVersion= 
47:876  0:139        IconName=unknown comma=-1 size=7
48:023  0:147        Full=unknown
48:165  0:142        Loader entry created for 'PcieRoot(0x0)\Pci(0x1D,0x7)\USB(0x1,0x0)\HD(1,MBR,0x00058E69,0x3F,0x3BB7C1)\EFI\BOOT\BOOTX64.efi'
48:308  0:142       hiding entry: \EFI\BOOT\BOOTX64.efi
48:454  0:145        Menu entry added at index 0
48:594  0:140       hiding entry because DiskKind is DISK_KIND_EXTERNAL: \EFI\BOOT\BOOTX64.efi
48:735  0:140  - [04]: 'Unknown HD1'
49:016  0:280  - [05]: 'System Reservation'
49:300  0:284  - [06]: 'WIN7'
49:588  0:287  - [07]: 'MIX'
49:880  0:292  - [09]: 'EFI'
50:192  0:312        AddLoaderEntry for Volume Name=EFI, idx=1
50:730  0:537        OSVersion= 
51:254  0:524        IconName=vista,win comma=5 size=9
51:399  0:145        first=os_vista
51:543  0:143        Second=os_win
51:685  0:141        IconName=unknown comma=-1 size=7
52:219  0:533        Full=unknown
52:362  0:143        Loader entry created for 'PcieRoot(0x0)\Pci(0x1C,0x3)\Pci(0x0,0x0)\NVMe(0x1,01-00-00-00-00-00-00-00)\HD(1,GPT,D3E11C9D-6CAC-4A3B-ACC6-CF574429F244,0x800,0x32000)\EFI\microsoft\Boot\bootmgfw.efi'
52:504  0:141        Menu entry added at index 1
52:692  0:187        AddLoaderEntry for Volume Name=EFI, idx=2
52:832  0:140        OSVersion= 
52:975  0:142        IconName=unknown comma=-1 size=7
53:119  0:144        Full=unknown
53:258  0:139        Loader entry created for 'PcieRoot(0x0)\Pci(0x1C,0x3)\Pci(0x0,0x0)\NVMe(0x1,01-00-00-00-00-00-00-00)\HD(1,GPT,D3E11C9D-6CAC-4A3B-ACC6-CF574429F244,0x800,0x32000)\EFI\BOOT\BOOTX64.efi'
53:395  0:136       hiding entry: \EFI\BOOT\BOOTX64.efi
53:539  0:144        Menu entry added at index 2
53:743  0:203       hiding entry because DiskKind is DISK_KIND_INTERNAL: \EFI\BOOT\BOOTX64.efi
53:883  0:140  - [11]: '.'
54:174  0:290  - [12]: '.'
55:286  1:112  Entries list before ordering
55:426  0:139      Entry 0 : Boot UEFI external from BDU (hidden)
55:575  0:149      Entry 1 : Boot Microsoft EFI Boot from EFI
55:716  0:140      Entry 2 : Boot UEFI internal from EFI (hidden)
55:856  0:140  Entries after before ordering
56:003  0:147    Entry 0 : Boot UEFI external from BDU (hidden)
56:145  0:142    Entry 1 : Boot Microsoft EFI Boot from EFI
56:284  0:138    Entry 2 : Boot UEFI internal from EFI (hidden)
56:426  0:141  Scanning legacy ...
56:566  0:140   hidden
56:703  0:137      AddLegacyEntry:
56:844  0:140        FullTitle=
56:986  0:141        LoaderTitle=
57:124  0:138        Volume->LegacyOS->Name=Windows
57:265  0:140        Entry->Title=Boot Windows from WIN7
57:403  0:137        IconName=vista,win comma=5 size=9
57:543  0:140        first=os_vista
57:684  0:141        Second=os_win
58:226  0:541        IconName=unknown comma=-1 size=7
58:765  0:539        Full=unknown
58:910  0:144   hidden
59:054  0:143      AddLegacyEntry:
59:189  0:135        FullTitle=
59:730  0:540        LoaderTitle=
59:867  0:137        Volume->LegacyOS->Name=Windows
60:004  0:137        Entry->Title=Boot Windows from EFI
60:149  0:144        IconName=vista,win comma=5 size=9
60:288  0:139        first=os_vista
60:435  0:146        Second=os_win
60:584  0:149        IconName=unknown comma=-1 size=7
60:733  0:149        Full=unknown
60:876  0:143      AddLegacyEntry:
61:020  0:143        FullTitle=
61:164  0:144        LoaderTitle=
61:306  0:142        Volume->LegacyOS->Name=Windows
61:450  0:143        Entry->Title=Boot Windows from .
61:587  0:137        IconName=vista,win comma=5 size=9
62:126  0:539        first=os_vista
62:665  0:538        Second=os_win
62:805  0:139        IconName=unknown comma=-1 size=7
62:956  0:150        Full=unknown
63:096  0:140      AddLegacyEntry:
63:237  0:141        FullTitle=
63:384  0:147        LoaderTitle=
63:526  0:141        Volume->LegacyOS->Name=Windows
63:668  0:142        Entry->Title=Boot Windows from .
63:814  0:145        IconName=vista,win comma=5 size=9
63:954  0:139        first=os_vista
64:095  0:141        Second=os_win
64:244  0:148        IconName=unknown comma=-1 size=7
64:385  0:140        Full=unknown
64:524  0:139  === [ AddCustomTool ] ===========================
64:679  0:154  EmuVariable UninstallEmulation: CloseEvent = Success, original var services restored
65:105  0:426  EmuVariable InstallEmulation: orig vars copied, emu.var.services installed, CreateEvent VirtualAddressChange = Success, CreateEvent ExitBootServices = Success, set Status=Success
67:139  2:033  === [ GetEfiBootDeviceFromNvram ] ===============
67:277  0:138   - [!] efi-boot-device-data not found
67:415  0:137  Default boot entry not found
67:560  0:145  EmuVariable UninstallEmulation: CloseEvent = Success, original var services restored
67:990  0:429  BannerPlace at Clear Screen [576,84]
68:167  0:177  AnimeRun=0
68:358  0:190  GUI ready
80:681  12:323  BootVariable of the entry is empty
81:710  1:028  EmuVariable UninstallEmulation: CloseEvent = Invalid Parameter, original var services restored
82:135  0:425  DeleteNvramVariable (efi-boot-device, 7C436110-AB2A-4BBB-A880-FE41995C9F82):
82:713  0:578  DeleteNvramVariable (efi-boot-device-data, 7C436110-AB2A-4BBB-A880-FE41995C9F82):
83:288  0:574  DeleteNvramVariable (BootCampHD, 7C436110-AB2A-4BBB-A880-FE41995C9F82):
