0:100  0:100  MemLog inited, TSC freq: 2493749233
0:100  0:000  CPU was calibrated with ACPI PM Timer
0:100  0:000  LegacyRegion2: Chipset/proc: 0x2A008086
0:100  0:000   Intel Series 4 and similar (PAM 0x90-0x96)
0:100  0:000   Test PAM1=(0x41=50, 0x5a=00, 0x81=00, 0x91=11) at chipset 2A008086
0:100  0:000  , Install = Success
0:115  0:015  BiosVideoDriverBindingStart!
0:115  0:000  BiosVideoCheckForVbe
0:115  0:000  EdidOverride not found
0:127  0:012   Edid1+
0:127  0:000   found Detail Timing 1280x800
0:127  0:000  timing string after 0xFE:X949H
0:127  0:000  timing string after 0xFE:&6@GjÆÿ
  
0:127  0:000     0 1280x800 attr=9B - ok, edid+, working, highest, pref=0
0:129  0:001     1 1024x768 attr=9B - ok, edid-, 1024x768, working
0:129  0:000     2 640x480 attr=9B - ok, edid-, 640x480, working
0:129  0:000     3 800x600 attr=9B - ok, edid-, 800x600, working
0:129  0:000  BV new mode: 0 1280x800
0:200  0:070   SetMode pref 0 (0) = Success
3:002  2:802  CloverX64 : Image base = 0xDD581000
3:002  0:000  Clover ImageHandle = de95be18
3:002  0:000  === [ Starting Clover ] =========================
3:002  0:000  Now is 11.05.2023,  15:35:02 (GMT)
3:002  0:000  Starting Clover revision: 5146 (master, commit 31187f6e1) on CLOVER EFI
3:002  0:000  Build id: 20220324214945-31187f6-5146-dirty
3:002  0:000  Build with: [Args: -D NO_GRUB_DRIVERS_EMBEDDED -D LESS_DEBUG -t GCC53 | --cmd-len=50000 -D NO_GRUB_DRIVERS_EMBEDDED -D LESS_DEBUG --conf=/Users/sergey/src/CloverBootloader/Conf -D USE_LOW_EBDA -a X64 -b RELEASE -t GCC53 -n 5 | OS: 12.3]
3:002  0:000  === [ Get Smbios ] ==============================
3:002  0:000  Type 16 Index = 0
3:002  0:000  Total Memory Slots Count = 2
3:002  0:000  Type 17 Index = 0
3:002  0:000  SmbiosTable.Type17->SlotIndex = 0
3:002  0:000  SmbiosTable.Type17->ModuleSize = 2048MB
3:002  0:000  SmbiosTable.Type17->Type = 0
3:002  0:000  SmbiosTable.Type17->Frequency = 667MHz
3:002  0:000  SmbiosTable.Type17->Bank/Device =  DIMM_A
3:002  0:000  SmbiosTable.Type17->Vendor = 7F98000000000000
3:002  0:000  SmbiosTable.Type17->SerialNo = 69CC526E
3:002  0:000  SmbiosTable.Type17->PartNo = 9905295-052.A00LF
3:002  0:000  Type 17 Index = 1
3:002  0:000  SmbiosTable.Type17->SlotIndex = 1
3:002  0:000  SmbiosTable.Type17->ModuleSize = 2048MB
3:002  0:000  SmbiosTable.Type17->Type = 0
3:002  0:000  SmbiosTable.Type17->Frequency = 667MHz
3:002  0:000  SmbiosTable.Type17->Bank/Device =  DIMM_B
3:002  0:000  SmbiosTable.Type17->Vendor = 7F98000000000000
3:002  0:000  SmbiosTable.Type17->SerialNo = 69CC526E
3:002  0:000  SmbiosTable.Type17->PartNo = 9905295-052.A00LF
3:002  0:000  Boot status=0
3:002  0:000  Running on: 'Inspiron 1525' with board '0U990C'
3:002  0:000  === [ GetCPUProperties ] ========================
3:002  0:000  CPU Vendor = 756E6547 Model=10676
3:002  0:000   The CPU supported SSE4.1
3:002  0:000   The CPU not supported RDRAND
3:002  0:000  BrandString = Intel(R) Core(TM)2 Duo CPU     T9300  @ 2.50GHz
3:002  0:000  got cores from CPUID_1 = 2
3:002  0:000   The CPU supported turbo
3:002  0:000   Energy PerfBias is  not visible:
3:002  0:000  MSR dumps:
3:002  0:000  	@0x00CD=1a2
3:002  0:000  	@0x0198=6174c2206004c22
3:002  0:000  FSBFrequency = 200 MHz, DMI FSBFrequency = 200 MHz, Corrected FSBFrequency = 200 MHz
3:002  0:000  MaxDiv/MinDiv: 12.5/6
3:002  0:000  Turbo: 13/0/0/0
3:002  0:000  Features: 0x8E3BDBFEBFBFF
3:002  0:000  Threads: 2
3:002  0:000  Cores: 2
3:002  0:000  FSB: 200 MHz
3:002  0:000  CPU: 2500 MHz
3:002  0:000  TSC: 2500 MHz
3:002  0:000  PIS: 800 MHz
3:002  0:000  ExternalClock: 200 MHz
3:002  0:000  === [ GetDevices ] ==============================
3:002  0:000  Found more than one GOP protocol ??? Using the first one
3:002  0:000  GOP found at: PcieRoot(0x0)/Pci(0x2,0x0)/AcpiAdr(0x80010100)
3:002  0:000  PCI (00|00:00.00) : 8086 2A00 class=060000
3:002  0:000  PCI (00|00:02.00) : 8086 2A02 class=030000
3:002  0:000   - GFX: Model=Intel GMA X3100 (Intel)
3:002  0:000   - GOP: Provided by device
3:002  0:000  PCI (00|00:02.01) : 8086 2A03 class=038000
3:002  0:000   - GFX: Model=Intel GMA X3100 (Intel)
3:002  0:000  PCI (00|00:1A.00) : 8086 2834 class=0C0300
3:002  0:000  PCI (00|00:1A.01) : 8086 2835 class=0C0300
3:002  0:000  PCI (00|00:1A.07) : 8086 283A class=0C0320
3:002  0:000  PCI (00|00:1B.00) : 8086 284B class=040300
3:002  0:000  PCI (00|00:1C.00) : 8086 283F class=060400
3:003  0:000  PCI (00|09:00.00) : 11AB 4354 class=020000
3:003  0:000   - LAN: 1 Vendor=Marvell
3:003  0:000  Legacy MAC address of LAN #0= 00:21:9B:D7:9D:C2:
3:003  0:000  PCI (00|00:1C.01) : 8086 2841 class=060400
3:003  0:000  PCI (00|0B:00.00) : 14E4 4315 class=028000
3:003  0:000   - WIFI: Vendor= Broadcom
3:003  0:000  PCI (00|00:1C.03) : 8086 2845 class=060400
3:003  0:000  PCI (00|0C:00.00) : 1E4B 1202 class=010802
3:003  0:000  PCI (00|00:1C.04) : 8086 2847 class=060400
3:003  0:000  PCI (00|0D:00.00) : 1912 0015 class=0C0330
3:003  0:000  PCI (00|00:1D.00) : 8086 2830 class=0C0300
3:003  0:000  PCI (00|00:1D.01) : 8086 2831 class=0C0300
3:003  0:000  PCI (00|00:1D.02) : 8086 2832 class=0C0300
3:003  0:000  PCI (00|00:1D.07) : 8086 2836 class=0C0320
3:003  0:000  PCI (00|00:1E.00) : 8086 2448 class=060401
3:003  0:000  PCI (00|02:09.00) : 1180 0832 class=0C0010
3:003  0:000  PCI (00|02:09.01) : 1180 0822 class=080501
3:003  0:000  PCI (00|02:09.02) : 1180 0843 class=088000
3:003  0:000  PCI (00|02:09.03) : 1180 0592 class=088000
3:003  0:000  PCI (00|02:09.04) : 1180 0852 class=088000
3:003  0:000  PCI (00|00:1F.00) : 8086 2815 class=060100
3:003  0:000  PCI (00|00:1F.01) : 8086 2850 class=01018A
3:003  0:000  PCI (00|00:1F.02) : 8086 2829 class=010601
3:003  0:000  PCI (00|00:1F.03) : 8086 283E class=0C0500
3:017  0:014  _checkOEMPath Look for oem dir at path '\EFI\CLOVER\OEM\Inspiron 1525--00-21-9B-D7-9D-C2'. Dir doesn't exist.
3:017  0:000  _checkOEMPath Look for oem dir at path '\EFI\CLOVER\OEM\Inspiron 1525'. Dir doesn't exist.
3:017  0:000  _checkOEMPath Look for oem dir at path '\EFI\CLOVER\OEM\Inspiron 1525-2500'. Dir doesn't exist.
3:017  0:000  _checkOEMPath Look for oem dir at path '\EFI\CLOVER\OEM\0U990C'. Dir doesn't exist.
3:017  0:000  _checkOEMPath Look for oem dir at path '\EFI\CLOVER\OEM\0U990C-2500'. Dir doesn't exist.
3:017  0:000  === [ GetUserSettings ] =========================
3:017  0:000  GetDefaultModel()=MacBook4,1
3:017  0:000  Using config.plist at path: \EFI\CLOVER
3:018  0:001  Cannot find smbios.plist at path '\EFI\CLOVER' : Not Found
3:018  0:000  '\EFI\CLOVER\smbios.plist' not loaded. Efi error Not Found
3:019  0:000  BiosVersion: MB41.88Z.00C1.B00.0802091535
4:520  1:501  BiosReleaseDate: 02/09/08
4:655  0:135  EfiVersion: 
4:785  0:129  Calibrated TSC Frequency = 2493749233 = 2493MHz
5:336  0:551  GOP found at: PcieRoot(0x0)/Pci(0x2,0x0)/AcpiAdr(0x80010100)
5:889  0:553  === [ GetListOfThemes ] =========================
6:033  0:144  === [ Found config plists ] =====================
6:163  0:130  - config.plist
6:286  0:122  === [ LoadDrivers ] =============================
6:431  0:145  Loading ApfsDriverLoader.efi status=Success
7:246  0:815   - driver needs connecting
7:372  0:125  Loading AudioDxe.efi status=Success
7:769  0:397   - driver needs connecting
7:894  0:125  Loading FSInject.efi status=Success
8:276  0:381  Loading Ps2MouseDxe.efi status=Success
9:054  0:777   - driver needs connecting
9:577  0:523  Loading SMCHelper.efi status=Success
9:962  0:384  Loading UsbMouseDxe.efi status=Success
10:341  0:379   - driver needs connecting
10:466  0:125  Loading XhciDxe.efi status=Success
10:860  0:394   - driver needs connecting
10:989  0:128  Loading NTFS.efi status=Success
11:412  0:423   - driver needs connecting
11:537  0:125  Loading NvmExpressDxe.efi status=Success
12:335  0:797   - driver needs connecting
12:859  0:524  Loading Fat.efi status=Success
13:240  0:380   - driver needs connecting
13:369  0:128  Loading EmuVariableUefi.efi status=Success
14:171  0:801  EmuVariableUefi Initialize: VariableCommonInitialize = Success, orig services stored, install gEmuVariableControlProtocolGuid = Success
14:729  0:558  8 drivers needs connecting ...
14:853  0:124  PlatformDriverOverrideProtocol->GetDriver overriden
14:983  0:129  APFS driver loaded
21:018  6:035  EmuVariable InstallEmulation: orig vars copied, emu.var.services installed, CreateEvent VirtualAddressChange = Success, CreateEvent ExitBootServices = Success, set Status=Success
23:574  2:556  === [ InitScreen ] ==============================
23:718  0:143  Console modes reported: 4, available modes:
23:858  0:139   - [01]: 80x25
23:995  0:137   - [03]: 100x31
24:579  0:583   - [04]: 160x42 (current mode)
24:717  0:138  SetScreenResolution: 1280x1024 - not found!
24:995  0:277  SetScreenResolution: 1280x800 - already set
25:276  0:281  Using embedded font
25:416  0:140  === [ ScanSPD ] =================================
25:568  0:151  Scanning SMBus [8086:283E], mmio: 0xFE9FB700, ioport: 0x10C0, hostc: 0x1
25:724  0:156  Slot: 0 Type 19 2048MB 667MHz Vendor=Kingston PartNo=9905295-052.A00LF SerialNo=69CC526E
25:880  0:155  Slot: 2 Type 19 2048MB 667MHz Vendor=Kingston PartNo=9905295-052.A00LF SerialNo=69CC526E
26:025  0:144  === [ GetAcpiTablesList ] =======================
26:174  0:148  Get Acpi Tables List from RSDT:
26:455  0:281   - [00]: FACP  M08     len=116
26:992  0:537   - [01]: HPET  M08     len=56
27:524  0:531   - [02]: APIC  M08     len=104
27:668  0:143   - [03]: MCFG  M08     len=62
27:814  0:146   - [04]: SLIC  M08     len=374
27:948  0:133   - [05]: OSFR  M08     len=44
28:089  0:140   - [06]: BOOT  M08     len=40
28:234  0:144   - [07]: SSDT  CpuPm len=1228
28:377  0:143   - [00]: Drop table : DMAR,                0 :  no
28:664  0:287   - [01]: Drop table : SSDT,       6d50757043 :  yes
28:943  0:278   - [02]: Drop table : SSDT,   74734930757043 :  no
29:225  0:282   - [03]: Drop table : BGRT,                0 :  no
29:514  0:288  Custom boot CUSTOM_BOOT_USER_DISABLED (0x0)
29:649  0:135  Default theme: embedded
29:792  0:142  === [ Found DSDT tables ] =======================
29:943  0:150  === [ InitKextList ] ============================
30:499  0:556  === [ ScanVolumes ] =============================
31:057  0:557  Found 10 volumes with blockIO
31:200  0:142  - [00]: Volume: PcieRoot(0x0)\Pci(0x1D,0x7)\USB(0x1,0x0)
31:492  0:292          Result of bootcode detection: bootable unknown (legacy)
32:040  0:547  - [01]: Volume: PcieRoot(0x0)\Pci(0x1D,0x7)\USB(0x1,0x0)\HD(1,MBR,0x00058E69,0x3F,0x3BB7C1)
32:337  0:296          Result of bootcode detection: bootable unknown (legacy)
32:478  0:141            label : BDU
32:623  0:145          This is SelfVolume !!
32:765  0:142  - [02]: Volume: PcieRoot(0x0)\Pci(0x1F,0x1)\Ata(0x0)
33:044  0:279  - [03]: Volume: PcieRoot(0x0)\Pci(0x1F,0x2)\Sata(0x0,0x0,0x0)
33:690  0:645          Result of bootcode detection: bootable unknown (legacy)
34:347  0:657  - [04]: Volume: PcieRoot(0x0)\Pci(0x1F,0x2)\Sata(0x0,0x0,0x0)\HD(1,MBR,0xF0000000,0x3F,0x65F5B)
34:633  0:286          Result of bootcode detection: bootable unknown (legacy)
34:778  0:144            label : Unknown HD1
35:326  0:547  - [05]: Volume: PcieRoot(0x0)\Pci(0x1F,0x2)\Sata(0x0,0x0,0x0)\HD(2,MBR,0xF0000000,0x66000,0x32000)
36:039  0:713          Result of bootcode detection: bootable Windows (vista,win)
36:184  0:144            label : System Reservation
36:334  0:150          hiding this volume
36:915  0:580  - [06]: Volume: PcieRoot(0x0)\Pci(0x1F,0x2)\Sata(0x0,0x0,0x0)\HD(3,MBR,0xF0000000,0x98000,0xDC35800)
37:222  0:307          Result of bootcode detection: bootable Windows (vista,win)
37:438  0:215            label : WIN7
37:583  0:144  - [07]: Volume: PcieRoot(0x0)\Pci(0x1F,0x2)\Sata(0x0,0x0,0x0)\HD(4,MBR,0xF0000000,0xDCCD94C,0xF4F6C35)
37:866  0:282          Result of bootcode detection: bootable Windows (win)
38:029  0:163            label : MIX
38:175  0:145          hiding this volume
38:315  0:139  - [08]: Volume: PcieRoot(0x0)\Pci(0x1C,0x3)\Pci(0x0,0x0)\NVMe(0x1,01-00-00-00-00-00-00-00)
38:960  0:645  - [09]: Volume: PcieRoot(0x0)\Pci(0x1C,0x3)\Pci(0x0,0x0)\NVMe(0x1,01-00-00-00-00-00-00-00)\HD(1,MBR,0xDD1EA487,0x800,0x1DCF2000)
39:245  0:284          Result of bootcode detection: bootable Windows (vista,win)
39:785  0:539            label : SSD
40:319  0:534  Searching volumes for latest nvram.plist ...
40:604  0:285  LoadLatestNvramPlist loaded Status=Not Found
40:745  0:140  PutNvramPlistToRtVars: no nvram.plist
40:889  0:143  found 3 handles with audio
41:033  0:144  No AudioIoDevice stored
41:168  0:134  no stored audio parameters
41:309  0:141  Found Audio Device Silicon Image (Unknown) (HDMI) at index 0
41:457  0:147  Found Audio Device Sigmatel STAC9228X (Headphones) at index 1
41:593  0:135  Found Audio Device Sigmatel STAC9228X (Speaker) at index 2
41:740  0:147  Found Audio Device Sigmatel STAC9228X (LineOut) at index 3
41:885  0:144  Found Audio Device Sigmatel STAC9228X (Other) at index 4
42:020  0:134  === [ InitXTheme ] ==============================
42:163  0:143  use Daylight theme
42:305  0:141   using embedded theme
42:464  0:159  sound play end with status=Device Error
42:613  0:149  Using embedded font
42:755  0:141  theme inited
43:288  0:532  Chosen embedded theme
43:826  0:537  after NVRAM boot-args=
43:969  0:142  === [ Dump SMC keys from NVRAM ] ================
44:107  0:138  found AppleSMC protocol
44:243  0:135  Registered 0 SMC keys
44:785  0:541  === [ ScanLoader ] ==============================
44:930  0:145  - [01]: 'BDU'
45:214  0:283        AddLoaderEntry for Volume Name=BDU, idx=0
45:355  0:140        OSVersion= 
45:494  0:139        IconName=unknown comma=-1 size=7
45:635  0:140        Full=unknown
45:785  0:149        Loader entry created for 'PcieRoot(0x0)\Pci(0x1D,0x7)\USB(0x1,0x0)\HD(1,MBR,0x00058E69,0x3F,0x3BB7C1)\EFI\BOOT\BOOTX64.efi'
45:924  0:138       hiding entry: \EFI\BOOT\BOOTX64.efi
46:073  0:149        Menu entry added at index 0
46:215  0:141       hiding entry because DiskKind is DISK_KIND_EXTERNAL: \EFI\BOOT\BOOTX64.efi
46:354  0:139  - [04]: 'Unknown HD1'
46:637  0:283  - [05]: 'System Reservation'
47:713  1:076  - [06]: 'WIN7'
48:009  0:295  - [07]: 'MIX'
48:297  0:287  - [09]: 'SSD'
48:592  0:295  Entries list before ordering
48:738  0:146      Entry 0 : Boot UEFI external from BDU (hidden)
48:882  0:144  Entries after before ordering
49:019  0:136    Entry 0 : Boot UEFI external from BDU (hidden)
49:159  0:140  Scanning legacy ...
49:302  0:142   hidden
49:439  0:136      AddLegacyEntry:
49:579  0:140        FullTitle=
49:723  0:144        LoaderTitle=
49:863  0:139        Volume->LegacyOS->Name=Windows
50:008  0:145        Entry->Title=Boot Windows from WIN7
50:154  0:145        IconName=vista,win comma=5 size=9
50:688  0:534        first=os_vista
51:236  0:547        Second=os_win
51:379  0:143        IconName=unknown comma=-1 size=7
51:518  0:139        Full=unknown
51:658  0:139   hidden
52:205  0:547      AddLegacyEntry:
52:343  0:138        FullTitle=
52:487  0:143        LoaderTitle=
52:625  0:138        Volume->LegacyOS->Name=Windows
52:766  0:140        Entry->Title=Boot Windows from SSD
52:904  0:137        IconName=vista,win comma=5 size=9
53:046  0:142        first=os_vista
53:194  0:148        Second=os_win
53:334  0:139        IconName=unknown comma=-1 size=7
53:475  0:140        Full=unknown
53:616  0:141  === [ AddCustomTool ] ===========================
53:757  0:141  EmuVariable InstallEmulation: EFI_ALREADY_STARTED
54:036  0:278  === [ GetEfiBootDeviceFromNvram ] ===============
54:583  0:547   - [!] efi-boot-device-data not found
55:116  0:532  Default boot entry not found
55:260  0:144  EmuVariable UninstallEmulation: CloseEvent = Success, original var services restored
55:695  0:434  BannerPlace at Clear Screen [576,84]
55:884  0:189  AnimeRun=0
56:072  0:188  GUI ready
80:238  24:165  ConnectAll after refresh menu
81:835  1:596  ReinitRefitLib after theme change
82:396  0:560  === [ ScanVolumes ] =============================
82:536  0:140  Found 13 volumes with blockIO
82:741  0:204  - [00]: Volume: PcieRoot(0x0)\Pci(0x1D,0x7)\USB(0x1,0x0)
83:900  1:159          Result of bootcode detection: bootable unknown (legacy)
84:046  0:145  - [01]: Volume: PcieRoot(0x0)\Pci(0x1D,0x7)\USB(0x1,0x0)\HD(1,MBR,0x00058E69,0x3F,0x3BB7C1)
84:350  0:303          Result of bootcode detection: bootable unknown (legacy)
84:934  0:584            label : BDU
85:071  0:137          This is SelfVolume !!
85:216  0:145  - [02]: Volume: PcieRoot(0x0)\Pci(0x1F,0x1)\Ata(0x0)
85:491  0:274  - [03]: Volume: PcieRoot(0x0)\Pci(0x1F,0x2)\Sata(0x0,0x0,0x0)
85:775  0:284          Result of bootcode detection: bootable unknown (legacy)
85:911  0:135  - [04]: Volume: PcieRoot(0x0)\Pci(0x1F,0x2)\Sata(0x0,0x0,0x0)\HD(1,MBR,0xF0000000,0x3F,0x65F5B)
86:194  0:282          Result of bootcode detection: bootable unknown (legacy)
86:331  0:137            label : Unknown HD1
86:484  0:152  - [05]: Volume: PcieRoot(0x0)\Pci(0x1F,0x2)\Sata(0x0,0x0,0x0)\HD(2,MBR,0xF0000000,0x66000,0x32000)
86:770  0:286          Result of bootcode detection: bootable Windows (vista,win)
86:916  0:145            label : System Reservation
87:853  0:937          hiding this volume
88:007  0:153  - [06]: Volume: PcieRoot(0x0)\Pci(0x1F,0x2)\Sata(0x0,0x0,0x0)\HD(3,MBR,0xF0000000,0x98000,0xDC35800)
88:287  0:280          Result of bootcode detection: bootable Windows (vista,win)
88:436  0:148            label : WIN7
88:574  0:138  - [07]: Volume: PcieRoot(0x0)\Pci(0x1F,0x2)\Sata(0x0,0x0,0x0)\HD(4,MBR,0xF0000000,0xDCCD94C,0xF4F6C35)
88:856  0:281          Result of bootcode detection: bootable Windows (win)
88:999  0:143            label : MIX
89:138  0:138          hiding this volume
89:286  0:148  - [08]: Volume: PcieRoot(0x0)\Pci(0x1C,0x3)\Pci(0x0,0x0)\NVMe(0x1,01-00-00-00-00-00-00-00)
89:571  0:284  - [09]: Volume: PcieRoot(0x0)\Pci(0x1C,0x3)\Pci(0x0,0x0)\NVMe(0x1,01-00-00-00-00-00-00-00)\HD(1,MBR,0xDD1EA487,0x800,0x1DCF2000)
89:851  0:279          Result of bootcode detection: bootable Windows (vista,win)
89:989  0:138            label : SSD
90:136  0:147  - [10]: Volume: PcieRoot(0x0)\Pci(0x1D,0x7)\USB(0x2,0x0)
90:429  0:293          Result of bootcode detection: bootable unknown (legacy)
91:386  0:956  - [11]: Volume: PcieRoot(0x0)\Pci(0x1D,0x7)\USB(0x2,0x0)\HD(1,GPT,83538FDA-D87E-4C7F-944B-ED7840263926,0x800,0x1CE0498)
91:674  0:287          Result of bootcode detection: bootable Windows (vista,win)
91:846  0:171            label : CCCOMA_X64FRE_RU-RU_DV9
92:385  0:539  - [12]: Volume: PcieRoot(0x0)\Pci(0x1D,0x7)\USB(0x2,0x0)\HD(2,GPT,ADA99269-7BFF-4074-871A-1D7159C26875,0x1CE0C98,0x800)
92:680  0:295          Result of bootcode detection: bootable unknown (legacy)
92:847  0:166            label : UEFI_NTFS
92:991  0:144  Searching volumes for latest nvram.plist ...
93:286  0:295  LoadLatestNvramPlist loaded Status=Not Found
93:430  0:144  PutNvramPlistToRtVars: no nvram.plist
93:575  0:144  found 3 handles with audio
93:716  0:140  No AudioIoDevice stored
93:854  0:138  no stored audio parameters
93:996  0:142  Found Audio Device Silicon Image (Unknown) (HDMI) at index 0
94:136  0:139  Found Audio Device Sigmatel STAC9228X (Headphones) at index 1
94:274  0:138  Found Audio Device Sigmatel STAC9228X (Speaker) at index 2
94:416  0:142  Found Audio Device Sigmatel STAC9228X (LineOut) at index 3
95:355  0:939  Found Audio Device Sigmatel STAC9228X (Other) at index 4
95:498  0:142  theme inited
95:640  0:142  Chosen embedded theme
95:779  0:138  after NVRAM boot-args=
95:926  0:147  === [ ScanLoader ] ==============================
96:066  0:140  - [01]: 'BDU'
96:347  0:280        AddLoaderEntry for Volume Name=BDU, idx=0
96:497  0:149        OSVersion= 
96:635  0:137        IconName=unknown comma=-1 size=7
96:777  0:142        Full=unknown
96:920  0:143        Loader entry created for 'PcieRoot(0x0)\Pci(0x1D,0x7)\USB(0x1,0x0)\HD(1,MBR,0x00058E69,0x3F,0x3BB7C1)\EFI\BOOT\BOOTX64.efi'
97:066  0:145       hiding entry: \EFI\BOOT\BOOTX64.efi
97:207  0:141        Menu entry added at index 0
97:405  0:197       hiding entry because DiskKind is DISK_KIND_EXTERNAL: \EFI\BOOT\BOOTX64.efi
97:545  0:140  - [04]: 'Unknown HD1'
97:830  0:285  - [05]: 'System Reservation'
98:900  1:069  - [06]: 'WIN7'
99:185  0:285  - [07]: 'MIX'
99:870  0:684  - [09]: 'SSD'
100:157  0:286  - [11]: 'CCCOMA_X64FRE_RU-RU_DV9'
100:736  0:579        AddLoaderEntry for Volume Name=CCCOMA_X64FRE_RU-RU_DV9, idx=1
101:227  0:490        OSVersion= 
101:365  0:138        IconName=vista,win comma=5 size=9
101:501  0:135        first=os_vista
101:644  0:143        Second=os_win
101:786  0:142        IconName=unknown comma=-1 size=7
101:921  0:135        Full=unknown
102:063  0:142        Loader entry created for 'PcieRoot(0x0)\Pci(0x1D,0x7)\USB(0x2,0x0)\HD(1,GPT,83538FDA-D87E-4C7F-944B-ED7840263926,0x800,0x1CE0498)\EFI\MICROSOFT\BOOT\cdboot.efi'
102:206  0:142        Menu entry added at index 1
102:608  0:401        AddLoaderEntry for Volume Name=CCCOMA_X64FRE_RU-RU_DV9, idx=2
103:384  0:776        OSVersion= 
104:330  0:946        IconName=unknown comma=-1 size=7
104:477  0:146        Full=unknown
104:620  0:143        Loader entry created for 'PcieRoot(0x0)\Pci(0x1D,0x7)\USB(0x2,0x0)\HD(1,GPT,83538FDA-D87E-4C7F-944B-ED7840263926,0x800,0x1CE0498)\EFI\BOOT\BOOTX64.efi'
104:757  0:137       hiding entry: \EFI\BOOT\BOOTX64.efi
104:906  0:148        Menu entry added at index 2
105:046  0:140       hiding entry because DiskKind is DISK_KIND_EXTERNAL: \EFI\BOOT\BOOTX64.efi
105:186  0:139  - [12]: 'UEFI_NTFS'
105:937  0:750        AddLoaderEntry for Volume Name=UEFI_NTFS, idx=3
106:076  0:138        OSVersion= 
106:216  0:140        IconName=unknown comma=-1 size=7
106:350  0:133        Full=unknown
106:494  0:144        Loader entry created for 'PcieRoot(0x0)\Pci(0x1D,0x7)\USB(0x2,0x0)\HD(2,GPT,ADA99269-7BFF-4074-871A-1D7159C26875,0x1CE0C98,0x800)\EFI\BOOT\BOOTX64.efi'
106:635  0:140       hiding entry: \EFI\BOOT\BOOTX64.efi
106:770  0:135        Menu entry added at index 3
106:915  0:144       hiding entry because DiskKind is DISK_KIND_EXTERNAL: \EFI\BOOT\BOOTX64.efi
107:056  0:141  Entries list before ordering
107:191  0:134      Entry 0 : Boot UEFI external from BDU (hidden)
107:335  0:144      Entry 1 : Boot Microsoft EFI cdboot from CCCOMA_X64FRE_RU-RU_DV9
108:296  0:961      Entry 2 : Boot UEFI external from CCCOMA_X64FRE_RU-RU_DV9 (hidden)
108:436  0:140      Entry 3 : Boot UEFI external from UEFI_NTFS (hidden)
108:581  0:145  Entries after before ordering
108:727  0:145    Entry 0 : Boot UEFI external from BDU (hidden)
108:869  0:142    Entry 1 : Boot Microsoft EFI cdboot from CCCOMA_X64FRE_RU-RU_DV9
109:010  0:140    Entry 2 : Boot UEFI external from CCCOMA_X64FRE_RU-RU_DV9 (hidden)
109:148  0:138    Entry 3 : Boot UEFI external from UEFI_NTFS (hidden)
109:288  0:139  Scanning legacy ...
109:429  0:140   hidden
109:567  0:138      AddLegacyEntry:
109:707  0:139        FullTitle=
109:849  0:142        LoaderTitle=
109:995  0:146        Volume->LegacyOS->Name=Windows
110:136  0:140        Entry->Title=Boot Windows from WIN7
110:274  0:138        IconName=vista,win comma=5 size=9
110:416  0:142        first=os_vista
110:555  0:138        Second=os_win
110:691  0:136        IconName=unknown comma=-1 size=7
110:835  0:144        Full=unknown
111:774  0:938   hidden
111:918  0:143      AddLegacyEntry:
112:059  0:141        FullTitle=
112:195  0:135        LoaderTitle=
112:336  0:141        Volume->LegacyOS->Name=Windows
112:481  0:144        Entry->Title=Boot Windows from SSD
112:627  0:145        IconName=vista,win comma=5 size=9
112:776  0:149        first=os_vista
113:314  0:538        Second=os_win
113:457  0:142        IconName=unknown comma=-1 size=7
113:596  0:139        Full=unknown
113:736  0:139      AddLegacyEntry:
113:877  0:141        FullTitle=
114:019  0:142        LoaderTitle=
114:156  0:136        Volume->LegacyOS->Name=Windows
114:297  0:141        Entry->Title=Boot Windows from CCCOMA_X64FRE_RU-RU_DV9
114:440  0:142        IconName=vista,win comma=5 size=9
114:919  0:479        first=os_vista
115:065  0:146        Second=os_win
115:986  0:921        IconName=unknown comma=-1 size=7
116:125  0:138        Full=unknown
116:261  0:135  === [ AddCustomTool ] ===========================
116:405  0:144  EmuVariable InstallEmulation: orig vars copied, emu.var.services installed, CreateEvent VirtualAddressChange = Success, CreateEvent ExitBootServices = Success, set Status=Success
117:256  0:851  === [ GetEfiBootDeviceFromNvram ] ===============
117:405  0:149   - [!] efi-boot-device-data not found
117:541  0:135  Default boot entry not found
117:687  0:145  EmuVariable UninstallEmulation: CloseEvent = Success, original var services restored
118:105  0:418  AnimeRun=0
132:838  14:732  Start Tool: \EFI\CLOVER\tools\Shell64U.efi
133:882  1:043  Loading Shell64U.efi status=Success
