0:100  0:100  MemLog inited, TSC freq: 2493749636
0:100  0:000  CPU was calibrated with ACPI PM Timer
0:100  0:000  LegacyRegion2: Chipset/proc: 0x2A008086
0:100  0:000   Intel Series 4 and similar (PAM 0x90-0x96)
0:100  0:000   Test PAM1=(0x41=50, 0x5a=00, 0x81=00, 0x91=11) at chipset 2A008086
0:100  0:000  , Install = Success
0:115  0:015  BiosVideoDriverBindingStart!
0:115  0:000  BiosVideoCheckForVbe
0:115  0:000  EdidOverride not found
0:127  0:012   Edid1+
0:127  0:000   found Detail Timing 1280x800
0:127  0:000  timing string after 0xFE:X949H
0:127  0:000  timing string after 0xFE:&6@GjÆÿ
  
0:128  0:000     0 1280x800 attr=9B - ok, edid+, working, highest, pref=0
0:129  0:001     1 1024x768 attr=9B - ok, edid-, 1024x768, working
0:129  0:000     2 640x480 attr=9B - ok, edid-, 640x480, working
0:129  0:000     3 800x600 attr=9B - ok, edid-, 800x600, working
0:129  0:000  BV new mode: 0 1280x800
0:210  0:081   SetMode pref 0 (0) = Success
3:342  3:131  CloverX64 : Image base = 0xDD581000
3:342  0:000  Clover ImageHandle = de95be18
3:342  0:000  === [ Starting Clover ] =========================
3:342  0:000  Now is 11.05.2023,  16:09:34 (GMT)
3:342  0:000  Starting Clover revision: 5146 (master, commit 31187f6e1) on CLOVER EFI
3:342  0:000  Build id: 20220324214945-31187f6-5146-dirty
3:342  0:000  Build with: [Args: -D NO_GRUB_DRIVERS_EMBEDDED -D LESS_DEBUG -t GCC53 | --cmd-len=50000 -D NO_GRUB_DRIVERS_EMBEDDED -D LESS_DEBUG --conf=/Users/sergey/src/CloverBootloader/Conf -D USE_LOW_EBDA -a X64 -b RELEASE -t GCC53 -n 5 | OS: 12.3]
3:342  0:000  === [ Get Smbios ] ==============================
3:342  0:000  Type 16 Index = 0
3:342  0:000  Total Memory Slots Count = 2
3:342  0:000  Type 17 Index = 0
3:342  0:000  SmbiosTable.Type17->SlotIndex = 0
3:342  0:000  SmbiosTable.Type17->ModuleSize = 2048MB
3:342  0:000  SmbiosTable.Type17->Type = 0
3:342  0:000  SmbiosTable.Type17->Frequency = 667MHz
3:342  0:000  SmbiosTable.Type17->Bank/Device =  DIMM_A
3:342  0:000  SmbiosTable.Type17->Vendor = 7F98000000000000
3:342  0:000  SmbiosTable.Type17->SerialNo = 69CC526E
3:342  0:000  SmbiosTable.Type17->PartNo = 9905295-052.A00LF
3:342  0:000  Type 17 Index = 1
3:342  0:000  SmbiosTable.Type17->SlotIndex = 1
3:342  0:000  SmbiosTable.Type17->ModuleSize = 2048MB
3:342  0:000  SmbiosTable.Type17->Type = 0
3:342  0:000  SmbiosTable.Type17->Frequency = 667MHz
3:342  0:000  SmbiosTable.Type17->Bank/Device =  DIMM_B
3:342  0:000  SmbiosTable.Type17->Vendor = 7F98000000000000
3:342  0:000  SmbiosTable.Type17->SerialNo = 69CC526E
3:342  0:000  SmbiosTable.Type17->PartNo = 9905295-052.A00LF
3:342  0:000  Boot status=0
3:342  0:000  Running on: 'Inspiron 1525' with board '0U990C'
3:342  0:000  === [ GetCPUProperties ] ========================
3:342  0:000  CPU Vendor = 756E6547 Model=10676
3:342  0:000   The CPU supported SSE4.1
3:342  0:000   The CPU not supported RDRAND
3:342  0:000  BrandString = Intel(R) Core(TM)2 Duo CPU     T9300  @ 2.50GHz
3:342  0:000  got cores from CPUID_1 = 2
3:342  0:000   The CPU supported turbo
3:342  0:000   Energy PerfBias is  not visible:
3:342  0:000  MSR dumps:
3:342  0:000  	@0x00CD=1a2
3:342  0:000  	@0x0198=6174c2206004c22
3:342  0:000  FSBFrequency = 200 MHz, DMI FSBFrequency = 200 MHz, Corrected FSBFrequency = 200 MHz
3:342  0:000  MaxDiv/MinDiv: 12.5/6
3:342  0:000  Turbo: 13/0/0/0
3:342  0:000  Features: 0x8E3BDBFEBFBFF
3:342  0:000  Threads: 2
3:342  0:000  Cores: 2
3:342  0:000  FSB: 200 MHz
3:342  0:000  CPU: 2500 MHz
3:342  0:000  TSC: 2500 MHz
3:342  0:000  PIS: 800 MHz
3:342  0:000  ExternalClock: 200 MHz
3:342  0:000  === [ GetDevices ] ==============================
3:342  0:000  Found more than one GOP protocol ??? Using the first one
3:342  0:000  GOP found at: PcieRoot(0x0)/Pci(0x2,0x0)/AcpiAdr(0x80010100)
3:342  0:000  PCI (00|00:00.00) : 8086 2A00 class=060000
3:342  0:000  PCI (00|00:02.00) : 8086 2A02 class=030000
3:342  0:000   - GFX: Model=Intel GMA X3100 (Intel)
3:342  0:000   - GOP: Provided by device
3:342  0:000  PCI (00|00:02.01) : 8086 2A03 class=038000
3:342  0:000   - GFX: Model=Intel GMA X3100 (Intel)
3:342  0:000  PCI (00|00:1A.00) : 8086 2834 class=0C0300
3:342  0:000  PCI (00|00:1A.01) : 8086 2835 class=0C0300
3:342  0:000  PCI (00|00:1A.07) : 8086 283A class=0C0320
3:343  0:000  PCI (00|00:1B.00) : 8086 284B class=040300
3:343  0:000  PCI (00|00:1C.00) : 8086 283F class=060400
3:343  0:000  PCI (00|09:00.00) : 11AB 4354 class=020000
3:343  0:000   - LAN: 1 Vendor=Marvell
3:343  0:000  Legacy MAC address of LAN #0= 00:21:9B:D7:9D:C2:
3:343  0:000  PCI (00|00:1C.01) : 8086 2841 class=060400
3:343  0:000  PCI (00|0B:00.00) : 14E4 4315 class=028000
3:343  0:000   - WIFI: Vendor= Broadcom
3:343  0:000  PCI (00|00:1C.03) : 8086 2845 class=060400
3:343  0:000  PCI (00|0C:00.00) : 1E4B 1202 class=010802
3:343  0:000  PCI (00|00:1C.04) : 8086 2847 class=060400
3:343  0:000  PCI (00|0D:00.00) : 1912 0015 class=0C0330
3:343  0:000  PCI (00|00:1D.00) : 8086 2830 class=0C0300
3:343  0:000  PCI (00|00:1D.01) : 8086 2831 class=0C0300
3:343  0:000  PCI (00|00:1D.02) : 8086 2832 class=0C0300
3:343  0:000  PCI (00|00:1D.07) : 8086 2836 class=0C0320
3:343  0:000  PCI (00|00:1E.00) : 8086 2448 class=060401
3:343  0:000  PCI (00|02:09.00) : 1180 0832 class=0C0010
3:343  0:000  PCI (00|02:09.01) : 1180 0822 class=080501
3:343  0:000  PCI (00|02:09.02) : 1180 0843 class=088000
3:343  0:000  PCI (00|02:09.03) : 1180 0592 class=088000
3:343  0:000  PCI (00|02:09.04) : 1180 0852 class=088000
3:343  0:000  PCI (00|00:1F.00) : 8086 2815 class=060100
3:343  0:000  PCI (00|00:1F.01) : 8086 2850 class=01018A
3:343  0:000  PCI (00|00:1F.02) : 8086 2829 class=010601
3:343  0:000  PCI (00|00:1F.03) : 8086 283E class=0C0500
3:357  0:014  _checkOEMPath Look for oem dir at path '\EFI\CLOVER\OEM\Inspiron 1525--00-21-9B-D7-9D-C2'. Dir doesn't exist.
3:357  0:000  _checkOEMPath Look for oem dir at path '\EFI\CLOVER\OEM\Inspiron 1525'. Dir doesn't exist.
3:357  0:000  _checkOEMPath Look for oem dir at path '\EFI\CLOVER\OEM\Inspiron 1525-2500'. Dir doesn't exist.
3:357  0:000  _checkOEMPath Look for oem dir at path '\EFI\CLOVER\OEM\0U990C'. Dir doesn't exist.
3:357  0:000  _checkOEMPath Look for oem dir at path '\EFI\CLOVER\OEM\0U990C-2500'. Dir doesn't exist.
3:357  0:000  === [ GetUserSettings ] =========================
3:357  0:000  GetDefaultModel()=MacBook4,1
3:357  0:000  Using config.plist at path: \EFI\CLOVER
3:359  0:001  Cannot find smbios.plist at path '\EFI\CLOVER' : Not Found
3:359  0:000  '\EFI\CLOVER\smbios.plist' not loaded. Efi error Not Found
3:359  0:000  BiosVersion: MB41.88Z.00C1.B00.0802091535
4:819  1:460  BiosReleaseDate: 02/09/08
4:953  0:133  EfiVersion: 
5:079  0:125  Calibrated TSC Frequency = 2493749636 = 2493MHz
5:639  0:559  GOP found at: PcieRoot(0x0)/Pci(0x2,0x0)/AcpiAdr(0x80010100)
6:206  0:567  === [ GetListOfThemes ] =========================
6:345  0:139  === [ Found config plists ] =====================
6:474  0:128  - config.plist
6:599  0:125  === [ LoadDrivers ] =============================
6:740  0:140  Loading ApfsDriverLoader.efi status=Success
7:555  0:814   - driver needs connecting
7:684  0:129  Loading AudioDxe.efi status=Success
8:080  0:396   - driver needs connecting
8:202  0:121  Loading FSInject.efi status=Success
8:583  0:381  Loading Ps2MouseDxe.efi status=Success
9:368  0:784   - driver needs connecting
9:884  0:516  Loading SMCHelper.efi status=Success
10:274  0:389  Loading UsbMouseDxe.efi status=Success
10:656  0:382   - driver needs connecting
10:786  0:130  Loading XhciDxe.efi status=Success
11:183  0:396   - driver needs connecting
11:308  0:125  Loading NTFS.efi status=Success
11:734  0:426   - driver needs connecting
11:860  0:125  Loading NvmExpressDxe.efi status=Success
12:657  0:797   - driver needs connecting
13:184  0:526  Loading Fat.efi status=Success
13:567  0:383   - driver needs connecting
13:694  0:126  Loading EmuVariableUefi.efi status=Success
14:494  0:799  EmuVariableUefi Initialize: VariableCommonInitialize = Success, orig services stored, install gEmuVariableControlProtocolGuid = Success
15:061  0:567  8 drivers needs connecting ...
15:183  0:121  PlatformDriverOverrideProtocol->GetDriver overriden
15:313  0:130  APFS driver loaded
21:333  6:019  EmuVariable InstallEmulation: orig vars copied, emu.var.services installed, CreateEvent VirtualAddressChange = Success, CreateEvent ExitBootServices = Success, set Status=Success
23:945  2:612  === [ InitScreen ] ==============================
24:089  0:143  Console modes reported: 4, available modes:
24:235  0:146   - [01]: 80x25
24:376  0:140   - [03]: 100x31
24:958  0:582   - [04]: 160x42 (current mode)
25:097  0:139  SetScreenResolution: 1280x1024 - not found!
25:378  0:280  SetScreenResolution: 1280x800 - already set
25:659  0:280  Using embedded font
25:803  0:144  === [ ScanSPD ] =================================
25:943  0:140  Scanning SMBus [8086:283E], mmio: 0xFE9FB700, ioport: 0x10C0, hostc: 0x1
26:104  0:160  Slot: 0 Type 19 2048MB 667MHz Vendor=Kingston PartNo=9905295-052.A00LF SerialNo=69CC526E
26:267  0:162  Slot: 2 Type 19 2048MB 667MHz Vendor=Kingston PartNo=9905295-052.A00LF SerialNo=69CC526E
26:408  0:141  === [ GetAcpiTablesList ] =======================
26:556  0:147  Get Acpi Tables List from RSDT:
26:835  0:279   - [00]: FACP  M08     len=116
27:362  0:526   - [01]: HPET  M08     len=56
27:927  0:564   - [02]: APIC  M08     len=104
28:068  0:141   - [03]: MCFG  M08     len=62
28:214  0:146   - [04]: SLIC  M08     len=374
28:355  0:140   - [05]: OSFR  M08     len=44
28:495  0:139   - [06]: BOOT  M08     len=40
28:635  0:140   - [07]: SSDT  CpuPm len=1228
28:774  0:139   - [00]: Drop table : DMAR,                0 :  no
29:055  0:281   - [01]: Drop table : SSDT,       6d50757043 :  yes
29:333  0:278   - [02]: Drop table : SSDT,   74734930757043 :  no
29:615  0:281   - [03]: Drop table : BGRT,                0 :  no
29:904  0:289  Custom boot CUSTOM_BOOT_USER_DISABLED (0x0)
30:044  0:139  Default theme: embedded
30:185  0:141  === [ Found DSDT tables ] =======================
30:338  0:152  === [ InitKextList ] ============================
30:889  0:550  === [ ScanVolumes ] =============================
31:443  0:554  Found 13 volumes with blockIO
31:590  0:146  - [00]: Volume: PcieRoot(0x0)\Pci(0x1D,0x7)\USB(0x1,0x0)
31:884  0:293          Result of bootcode detection: bootable unknown (legacy)
32:433  0:549  - [01]: Volume: PcieRoot(0x0)\Pci(0x1D,0x7)\USB(0x1,0x0)\HD(1,MBR,0x00058E69,0x3F,0x3BB7C1)
32:735  0:301          Result of bootcode detection: bootable unknown (legacy)
32:878  0:142            label : BDU
33:017  0:139          This is SelfVolume !!
33:155  0:138  - [02]: Volume: PcieRoot(0x0)\Pci(0x1F,0x1)\Ata(0x0)
33:444  0:288  - [03]: Volume: PcieRoot(0x0)\Pci(0x1F,0x2)\Sata(0x0,0x0,0x0)
34:084  0:639          Result of bootcode detection: bootable unknown (legacy)
34:782  0:698  - [04]: Volume: PcieRoot(0x0)\Pci(0x1F,0x2)\Sata(0x0,0x0,0x0)\HD(1,MBR,0xF0000000,0x3F,0x65F5B)
35:065  0:283          Result of bootcode detection: bootable unknown (legacy)
35:217  0:151            label : Unknown HD1
35:755  0:538  - [05]: Volume: PcieRoot(0x0)\Pci(0x1F,0x2)\Sata(0x0,0x0,0x0)\HD(2,MBR,0xF0000000,0x66000,0x32000)
36:467  0:712          Result of bootcode detection: bootable Windows (vista,win)
36:616  0:149            label : System Reservation
36:758  0:141          hiding this volume
37:339  0:581  - [06]: Volume: PcieRoot(0x0)\Pci(0x1F,0x2)\Sata(0x0,0x0,0x0)\HD(3,MBR,0xF0000000,0x98000,0xDC35800)
37:638  0:299          Result of bootcode detection: bootable Windows (vista,win)
37:843  0:205            label : WIN7
37:983  0:140  - [07]: Volume: PcieRoot(0x0)\Pci(0x1F,0x2)\Sata(0x0,0x0,0x0)\HD(4,MBR,0xF0000000,0xDCCD94C,0xF4F6C35)
38:270  0:286          Result of bootcode detection: bootable Windows (win)
38:423  0:153            label : MIX
38:565  0:141          hiding this volume
38:708  0:143  - [08]: Volume: PcieRoot(0x0)\Pci(0x1C,0x3)\Pci(0x0,0x0)\NVMe(0x1,01-00-00-00-00-00-00-00)
39:384  0:675  - [09]: Volume: PcieRoot(0x0)\Pci(0x1C,0x3)\Pci(0x0,0x0)\NVMe(0x1,01-00-00-00-00-00-00-00)\HD(1,GPT,D3E11C9D-6CAC-4A3B-ACC6-CF574429F244,0x800,0x32000)
39:673  0:289          Result of bootcode detection: bootable Windows (vista,win)
40:228  0:554            label : EFI
40:796  0:567  - [10]: Volume: PcieRoot(0x0)\Pci(0x1C,0x3)\Pci(0x0,0x0)\NVMe(0x1,01-00-00-00-00-00-00-00)\HD(2,GPT,0059DF20-848F-4B16-B15B-62DBED23F50F,0x32800,0x8000)
41:085  0:289  - [11]: Volume: PcieRoot(0x0)\Pci(0x1C,0x3)\Pci(0x0,0x0)\NVMe(0x1,01-00-00-00-00-00-00-00)\HD(3,GPT,9313C411-8C5B-4CEB-8205-9182457A20B6,0x3A800,0x1DBB3B15)
41:359  0:273          Result of bootcode detection: bootable Windows (vista,win)
41:505  0:146            label : .
41:644  0:139  - [12]: Volume: PcieRoot(0x0)\Pci(0x1C,0x3)\Pci(0x0,0x0)\NVMe(0x1,01-00-00-00-00-00-00-00)\HD(4,GPT,0C5FBC1B-3799-4F5F-ACD0-1A928EF488DB,0x1DBEE800,0x104000)
41:933  0:288          Result of bootcode detection: bootable Windows (vista,win)
42:074  0:141            label : .
42:220  0:146  Searching volumes for latest nvram.plist ...
42:519  0:298   - [0] no nvram.plist
42:659  0:140  LoadLatestNvramPlist loaded Status=Not Found
42:804  0:145  PutNvramPlistToRtVars: no nvram.plist
42:940  0:135  found 3 handles with audio
43:086  0:146  No AudioIoDevice stored
43:232  0:146  no stored audio parameters
43:755  0:522  Found Audio Device Silicon Image (Unknown) (HDMI) at index 0
44:294  0:538  Found Audio Device Sigmatel STAC9228X (Headphones) at index 1
44:440  0:146  Found Audio Device Sigmatel STAC9228X (Speaker) at index 2
44:577  0:136  Found Audio Device Sigmatel STAC9228X (LineOut) at index 3
45:114  0:537  Found Audio Device Sigmatel STAC9228X (Other) at index 4
45:254  0:139  === [ InitXTheme ] ==============================
45:395  0:141  use Daylight theme
45:535  0:140   using embedded theme
45:699  0:164  sound play end with status=Device Error
45:845  0:145  Using embedded font
45:984  0:139  theme inited
46:126  0:142  Chosen embedded theme
46:275  0:148  after NVRAM boot-args=
46:415  0:140  === [ Dump SMC keys from NVRAM ] ================
46:555  0:139  found AppleSMC protocol
46:703  0:148  Registered 0 SMC keys
46:845  0:141  === [ ScanLoader ] ==============================
46:984  0:139  - [01]: 'BDU'
47:667  0:683        AddLoaderEntry for Volume Name=BDU, idx=0
48:205  0:538        OSVersion= 
48:350  0:145        IconName=unknown comma=-1 size=7
48:493  0:143        Full=unknown
48:630  0:137        Loader entry created for 'PcieRoot(0x0)\Pci(0x1D,0x7)\USB(0x1,0x0)\HD(1,MBR,0x00058E69,0x3F,0x3BB7C1)\EFI\BOOT\BOOTX64.efi'
48:779  0:149       hiding entry: \EFI\BOOT\BOOTX64.efi
48:924  0:144        Menu entry added at index 0
49:059  0:135       hiding entry because DiskKind is DISK_KIND_EXTERNAL: \EFI\BOOT\BOOTX64.efi
49:205  0:145  - [04]: 'Unknown HD1'
49:495  0:290  - [05]: 'System Reservation'
49:788  0:292  - [06]: 'WIN7'
50:076  0:287  - [07]: 'MIX'
50:364  0:287  - [09]: 'EFI'
50:689  0:325        AddLoaderEntry for Volume Name=EFI, idx=1
51:225  0:535        OSVersion= 
51:773  0:548        IconName=vista,win comma=5 size=9
51:920  0:146        first=os_vista
52:069  0:148        Second=os_win
52:610  0:541        IconName=unknown comma=-1 size=7
52:747  0:137        Full=unknown
52:894  0:146        Loader entry created for 'PcieRoot(0x0)\Pci(0x1C,0x3)\Pci(0x0,0x0)\NVMe(0x1,01-00-00-00-00-00-00-00)\HD(1,GPT,D3E11C9D-6CAC-4A3B-ACC6-CF574429F244,0x800,0x32000)\EFI\microsoft\Boot\bootmgfw.efi'
53:033  0:139        Menu entry added at index 1
53:218  0:184        AddLoaderEntry for Volume Name=EFI, idx=2
53:365  0:147        OSVersion= 
53:504  0:138        IconName=unknown comma=-1 size=7
53:643  0:139        Full=unknown
53:785  0:141        Loader entry created for 'PcieRoot(0x0)\Pci(0x1C,0x3)\Pci(0x0,0x0)\NVMe(0x1,01-00-00-00-00-00-00-00)\HD(1,GPT,D3E11C9D-6CAC-4A3B-ACC6-CF574429F244,0x800,0x32000)\EFI\BOOT\BOOTX64.efi'
53:924  0:139       hiding entry: \EFI\BOOT\BOOTX64.efi
54:067  0:143        Menu entry added at index 2
54:275  0:207       hiding entry because DiskKind is DISK_KIND_INTERNAL: \EFI\BOOT\BOOTX64.efi
54:415  0:140  - [11]: '.'
54:701  0:285  - [12]: '.'
55:778  1:077  Entries list before ordering
55:920  0:141      Entry 0 : Boot UEFI external from BDU (hidden)
56:064  0:144      Entry 1 : Boot Microsoft EFI Boot from EFI
56:201  0:136      Entry 2 : Boot UEFI internal from EFI (hidden)
56:350  0:149  Entries after before ordering
56:496  0:146    Entry 0 : Boot UEFI external from BDU (hidden)
56:634  0:137    Entry 1 : Boot Microsoft EFI Boot from EFI
56:779  0:144    Entry 2 : Boot UEFI internal from EFI (hidden)
56:924  0:144  Scanning legacy ...
57:058  0:134   hidden
57:200  0:142      AddLegacyEntry:
57:344  0:143        FullTitle=
57:483  0:139        LoaderTitle=
57:625  0:141        Volume->LegacyOS->Name=Windows
57:765  0:140        Entry->Title=Boot Windows from WIN7
57:904  0:139        IconName=vista,win comma=5 size=9
58:049  0:145        first=os_vista
58:194  0:145        Second=os_win
58:734  0:539        IconName=unknown comma=-1 size=7
59:283  0:548        Full=unknown
59:430  0:147   hidden
59:569  0:139      AddLegacyEntry:
60:116  0:546        FullTitle=
60:259  0:143        LoaderTitle=
60:406  0:146        Volume->LegacyOS->Name=Windows
60:548  0:142        Entry->Title=Boot Windows from EFI
60:689  0:140        IconName=vista,win comma=5 size=9
60:834  0:145        first=os_vista
60:985  0:151        Second=os_win
61:133  0:147        IconName=unknown comma=-1 size=7
61:277  0:143        Full=unknown
61:416  0:139      AddLegacyEntry:
61:565  0:148        FullTitle=
61:715  0:150        LoaderTitle=
61:857  0:141        Volume->LegacyOS->Name=Windows
61:996  0:139        Entry->Title=Boot Windows from .
62:146  0:149        IconName=vista,win comma=5 size=9
62:676  0:530        first=os_vista
63:225  0:549        Second=os_win
63:370  0:144        IconName=unknown comma=-1 size=7
63:514  0:144        Full=unknown
63:655  0:141      AddLegacyEntry:
63:804  0:149        FullTitle=
63:946  0:141        LoaderTitle=
64:086  0:140        Volume->LegacyOS->Name=Windows
64:229  0:142        Entry->Title=Boot Windows from .
64:375  0:146        IconName=vista,win comma=5 size=9
64:509  0:133        first=os_vista
64:650  0:140        Second=os_win
64:793  0:142        IconName=unknown comma=-1 size=7
64:928  0:135        Full=unknown
65:070  0:141  === [ AddCustomTool ] ===========================
65:228  0:157  EmuVariable UninstallEmulation: CloseEvent = Success, original var services restored
65:653  0:425  EmuVariable InstallEmulation: orig vars copied, emu.var.services installed, CreateEvent VirtualAddressChange = Success, CreateEvent ExitBootServices = Success, set Status=Success
67:696  2:042  === [ GetEfiBootDeviceFromNvram ] ===============
67:845  0:148   - [!] efi-boot-device-data not found
67:984  0:139  Default boot entry not found
68:123  0:139  EmuVariable UninstallEmulation: CloseEvent = Success, original var services restored
68:544  0:420  BannerPlace at Clear Screen [576,84]
68:725  0:181  AnimeRun=0
68:916  0:191  GUI ready
91:750  22:833  BootVariable of the entry is empty
92:787  1:036  === [ StartLoader ] =============================
92:937  0:150  Starting PcieRoot(0x0)\Pci(0x1C,0x3)\Pci(0x0,0x0)\NVMe(0x1,01-00-00-00-00-00-00-00)\HD(1,GPT,D3E11C9D-6CAC-4A3B-ACC6-CF574429F244,0x800,0x32000)\EFI\microsoft\Boot\bootmgfw.efi
93:084  0:146  Finally: ExternalClock=200MHz BusSpeed=199500kHz CPUFreq=2494MHz PIS: hw.busfrequency=800000000Hz
93:796  0:712  Loading bootmgfw.efi status=Success
94:736  0:939  Closing events for Windows
95:315  0:579  EmuVariable UninstallEmulation: CloseEvent = Invalid Parameter, original var services restored
95:748  0:433  OtherOS: Found Acpi 2.0 RSDP 0xDF2A2000
95:887  0:139  RSDT at 0xDF66D93A
96:037  0:149  XSDT at 0xDF66F200
96:174  0:137  FADT pointer = 0xDF66F09C
96:315  0:140  Dir '\\EFI\CLOVER\ACPI\Windows' not found. No patching will be done.
96:797  0:481  DeleteNvramVariable (efi-boot-device, 7C436110-AB2A-4BBB-A880-FE41995C9F82):
96:935  0:138  DeleteNvramVariable (efi-boot-device-data, 7C436110-AB2A-4BBB-A880-FE41995C9F82):
97:076  0:140  DeleteNvramVariable (BootCampHD, 7C436110-AB2A-4BBB-A880-FE41995C9F82):
97:225  0:149  start image 'bootmgfw.efi'
97:366  0:140  Using load options '-v '
