0:100  0:100  MemLog inited, TSC freq: 2493749520
0:100  0:000  CPU was calibrated with ACPI PM Timer
0:100  0:000  LegacyRegion2: Chipset/proc: 0x2A008086
0:100  0:000   Intel Series 4 and similar (PAM 0x90-0x96)
0:100  0:000   Test PAM1=(0x41=50, 0x5a=00, 0x81=00, 0x91=11) at chipset 2A008086
0:100  0:000  , Install = Success
0:115  0:015  BiosVideoDriverBindingStart!
0:115  0:000  BiosVideoCheckForVbe
0:115  0:000  EdidOverride not found
0:127  0:012   Edid1+
0:127  0:000   found Detail Timing 1280x800
0:127  0:000  timing string after 0xFE:X949H
0:127  0:000  timing string after 0xFE:&6@GjÆÿ
  
0:128  0:000     0 1280x800 attr=9B - ok, edid+, working, highest, pref=0
0:129  0:001     1 1024x768 attr=9B - ok, edid-, 1024x768, working
0:129  0:000     2 640x480 attr=9B - ok, edid-, 640x480, working
0:129  0:000     3 800x600 attr=9B - ok, edid-, 800x600, working
0:129  0:000  BV new mode: 0 1280x800
0:195  0:066   SetMode pref 0 (0) = Success
2:992  2:796  CloverX64 : Image base = 0xDD581000
2:992  0:000  Clover ImageHandle = de95be18
2:993  0:000  === [ Starting Clover ] =========================
2:993  0:000  Now is 10.05.2023,  22:25:58 (GMT)
2:993  0:000  Starting Clover revision: 5146 (master, commit 31187f6e1) on CLOVER EFI
2:993  0:000  Build id: 20220324214945-31187f6-5146-dirty
2:993  0:000  Build with: [Args: -D NO_GRUB_DRIVERS_EMBEDDED -D LESS_DEBUG -t GCC53 | --cmd-len=50000 -D NO_GRUB_DRIVERS_EMBEDDED -D LESS_DEBUG --conf=/Users/sergey/src/CloverBootloader/Conf -D USE_LOW_EBDA -a X64 -b RELEASE -t GCC53 -n 5 | OS: 12.3]
2:993  0:000  === [ Get Smbios ] ==============================
2:993  0:000  Type 16 Index = 0
2:993  0:000  Total Memory Slots Count = 2
2:993  0:000  Type 17 Index = 0
2:993  0:000  SmbiosTable.Type17->SlotIndex = 0
2:993  0:000  SmbiosTable.Type17->ModuleSize = 2048MB
2:993  0:000  SmbiosTable.Type17->Type = 0
2:993  0:000  SmbiosTable.Type17->Frequency = 667MHz
2:993  0:000  SmbiosTable.Type17->Bank/Device =  DIMM_A
2:993  0:000  SmbiosTable.Type17->Vendor = 7F98000000000000
2:993  0:000  SmbiosTable.Type17->SerialNo = 69CC526E
2:993  0:000  SmbiosTable.Type17->PartNo = 9905295-052.A00LF
2:993  0:000  Type 17 Index = 1
2:993  0:000  SmbiosTable.Type17->SlotIndex = 1
2:993  0:000  SmbiosTable.Type17->ModuleSize = 2048MB
2:993  0:000  SmbiosTable.Type17->Type = 0
2:993  0:000  SmbiosTable.Type17->Frequency = 667MHz
2:993  0:000  SmbiosTable.Type17->Bank/Device =  DIMM_B
2:993  0:000  SmbiosTable.Type17->Vendor = 7F98000000000000
2:993  0:000  SmbiosTable.Type17->SerialNo = 69CC526E
2:993  0:000  SmbiosTable.Type17->PartNo = 9905295-052.A00LF
2:993  0:000  Boot status=0
2:993  0:000  Running on: 'Inspiron 1525' with board '0U990C'
2:993  0:000  === [ GetCPUProperties ] ========================
2:993  0:000  CPU Vendor = 756E6547 Model=10676
2:993  0:000   The CPU supported SSE4.1
2:993  0:000   The CPU not supported RDRAND
2:993  0:000  BrandString = Intel(R) Core(TM)2 Duo CPU     T9300  @ 2.50GHz
2:993  0:000  got cores from CPUID_1 = 2
2:993  0:000   The CPU supported turbo
2:993  0:000   Energy PerfBias is  not visible:
2:993  0:000  MSR dumps:
2:993  0:000  	@0x00CD=1a2
2:993  0:000  	@0x0198=6174c2206004c22
2:993  0:000  FSBFrequency = 200 MHz, DMI FSBFrequency = 200 MHz, Corrected FSBFrequency = 200 MHz
2:993  0:000  MaxDiv/MinDiv: 12.5/6
2:993  0:000  Turbo: 13/0/0/0
2:993  0:000  Features: 0x8E3BDBFEBFBFF
2:993  0:000  Threads: 2
2:993  0:000  Cores: 2
2:993  0:000  FSB: 200 MHz
2:993  0:000  CPU: 2500 MHz
2:993  0:000  TSC: 2500 MHz
2:993  0:000  PIS: 800 MHz
2:993  0:000  ExternalClock: 200 MHz
2:993  0:000  === [ GetDevices ] ==============================
2:993  0:000  Found more than one GOP protocol ??? Using the first one
2:993  0:000  GOP found at: PcieRoot(0x0)/Pci(0x2,0x0)/AcpiAdr(0x80010100)
2:993  0:000  PCI (00|00:00.00) : 8086 2A00 class=060000
2:993  0:000  PCI (00|00:02.00) : 8086 2A02 class=030000
2:993  0:000   - GFX: Model=Intel GMA X3100 (Intel)
2:993  0:000   - GOP: Provided by device
2:993  0:000  PCI (00|00:02.01) : 8086 2A03 class=038000
2:993  0:000   - GFX: Model=Intel GMA X3100 (Intel)
2:993  0:000  PCI (00|00:1A.00) : 8086 2834 class=0C0300
2:993  0:000  PCI (00|00:1A.01) : 8086 2835 class=0C0300
2:993  0:000  PCI (00|00:1A.07) : 8086 283A class=0C0320
2:993  0:000  PCI (00|00:1B.00) : 8086 284B class=040300
2:993  0:000  PCI (00|00:1C.00) : 8086 283F class=060400
2:993  0:000  PCI (00|09:00.00) : 11AB 4354 class=020000
2:993  0:000   - LAN: 1 Vendor=Marvell
2:993  0:000  Legacy MAC address of LAN #0= 00:21:9B:D7:9D:C2:
2:993  0:000  PCI (00|00:1C.01) : 8086 2841 class=060400
2:993  0:000  PCI (00|0B:00.00) : 14E4 4315 class=028000
2:993  0:000   - WIFI: Vendor= Broadcom
2:993  0:000  PCI (00|00:1C.03) : 8086 2845 class=060400
2:993  0:000  PCI (00|0C:00.00) : 1E4B 1202 class=010802
2:993  0:000  PCI (00|00:1C.04) : 8086 2847 class=060400
2:993  0:000  PCI (00|0D:00.00) : 1912 0015 class=0C0330
2:993  0:000  PCI (00|00:1D.00) : 8086 2830 class=0C0300
2:993  0:000  PCI (00|00:1D.01) : 8086 2831 class=0C0300
2:993  0:000  PCI (00|00:1D.02) : 8086 2832 class=0C0300
2:993  0:000  PCI (00|00:1D.07) : 8086 2836 class=0C0320
2:993  0:000  PCI (00|00:1E.00) : 8086 2448 class=060401
2:993  0:000  PCI (00|02:09.00) : 1180 0832 class=0C0010
2:993  0:000  PCI (00|02:09.01) : 1180 0822 class=080501
2:993  0:000  PCI (00|02:09.02) : 1180 0843 class=088000
2:993  0:000  PCI (00|02:09.03) : 1180 0592 class=088000
2:993  0:000  PCI (00|02:09.04) : 1180 0852 class=088000
2:994  0:000  PCI (00|00:1F.00) : 8086 2815 class=060100
2:994  0:000  PCI (00|00:1F.01) : 8086 2850 class=01018A
2:994  0:000  PCI (00|00:1F.02) : 8086 2829 class=010601
2:994  0:000  PCI (00|00:1F.03) : 8086 283E class=0C0500
3:008  0:014  _checkOEMPath Look for oem dir at path '\EFI\CLOVER\OEM\Inspiron 1525--00-21-9B-D7-9D-C2'. Dir doesn't exist.
3:008  0:000  _checkOEMPath Look for oem dir at path '\EFI\CLOVER\OEM\Inspiron 1525'. Dir doesn't exist.
3:008  0:000  _checkOEMPath Look for oem dir at path '\EFI\CLOVER\OEM\Inspiron 1525-2500'. Dir doesn't exist.
3:008  0:000  _checkOEMPath Look for oem dir at path '\EFI\CLOVER\OEM\0U990C'. Dir doesn't exist.
3:008  0:000  _checkOEMPath Look for oem dir at path '\EFI\CLOVER\OEM\0U990C-2500'. Dir doesn't exist.
3:008  0:000  === [ GetUserSettings ] =========================
3:008  0:000  GetDefaultModel()=MacBook4,1
3:008  0:000  Using config.plist at path: \EFI\CLOVER
3:009  0:001  Cannot find smbios.plist at path '\EFI\CLOVER' : Not Found
3:009  0:000  '\EFI\CLOVER\smbios.plist' not loaded. Efi error Not Found
3:009  0:000  BiosVersion: MB41.88Z.00C1.B00.0802091535
3:907  0:897  BiosReleaseDate: 02/09/08
4:036  0:129  EfiVersion: 
4:161  0:124  Calibrated TSC Frequency = 2493749520 = 2493MHz
4:720  0:559  GOP found at: PcieRoot(0x0)/Pci(0x2,0x0)/AcpiAdr(0x80010100)
5:289  0:568  === [ GetListOfThemes ] =========================
5:429  0:139  === [ Found config plists ] =====================
5:557  0:128  - config.plist
5:683  0:125  === [ LoadDrivers ] =============================
5:824  0:140  Loading ApfsDriverLoader.efi status=Success
6:645  0:820   - driver needs connecting
6:770  0:125  Loading AudioDxe.efi status=Success
7:166  0:395   - driver needs connecting
7:290  0:124  Loading FSInject.efi status=Success
7:670  0:379  Loading Ps2MouseDxe.efi status=Success
8:454  0:784   - driver needs connecting
9:008  0:554  Loading SMCHelper.efi status=Success
9:390  0:381  Loading UsbMouseDxe.efi status=Success
9:772  0:381   - driver needs connecting
9:897  0:125  Loading XhciDxe.efi status=Success
10:293  0:395   - driver needs connecting
10:421  0:128  Loading NTFS.efi status=Success
10:846  0:424   - driver needs connecting
10:972  0:125  Loading NvmExpressDxe.efi status=Success
11:770  0:797   - driver needs connecting
12:313  0:543  Loading Fat.efi status=Success
12:697  0:384   - driver needs connecting
12:827  0:130  Loading EmuVariableUefi.efi status=Success
13:623  0:795  EmuVariableUefi Initialize: VariableCommonInitialize = Success, orig services stored, install gEmuVariableControlProtocolGuid = Success
14:184  0:560  8 drivers needs connecting ...
14:310  0:126  PlatformDriverOverrideProtocol->GetDriver overriden
14:441  0:131  APFS driver loaded
20:474  6:033  EmuVariable InstallEmulation: orig vars copied, emu.var.services installed, CreateEvent VirtualAddressChange = Success, CreateEvent ExitBootServices = Success, set Status=Success
23:055  2:580  === [ InitScreen ] ==============================
23:199  0:143  Console modes reported: 4, available modes:
23:342  0:143   - [01]: 80x25
23:483  0:141   - [03]: 100x31
23:628  0:144   - [04]: 160x42 (current mode)
23:766  0:138  SetScreenResolution: 1280x1024 - not found!
24:485  0:718  SetScreenResolution: 1280x800 - already set
24:767  0:282  Using embedded font
24:919  0:152  === [ ScanSPD ] =================================
25:064  0:144  Scanning SMBus [8086:283E], mmio: 0xFE9FB700, ioport: 0x10C0, hostc: 0x1
25:223  0:159  Slot: 0 Type 19 2048MB 667MHz Vendor=Kingston PartNo=9905295-052.A00LF SerialNo=69CC526E
25:387  0:163  Slot: 2 Type 19 2048MB 667MHz Vendor=Kingston PartNo=9905295-052.A00LF SerialNo=69CC526E
25:533  0:146  === [ GetAcpiTablesList ] =======================
25:682  0:148  Get Acpi Tables List from RSDT:
25:973  0:291   - [00]: FACP  M08     len=116
26:506  0:532   - [01]: HPET  M08     len=56
27:046  0:540   - [02]: APIC  M08     len=104
27:184  0:137   - [03]: MCFG  M08     len=62
27:325  0:141   - [04]: SLIC  M08     len=374
27:463  0:138   - [05]: OSFR  M08     len=44
27:603  0:140   - [06]: BOOT  M08     len=40
27:746  0:142   - [07]: SSDT  CpuPm len=1228
27:884  0:138   - [00]: Drop table : DMAR,                0 :  no
28:174  0:290   - [01]: Drop table : SSDT,       6d50757043 :  yes
28:454  0:279   - [02]: Drop table : SSDT,   74734930757043 :  no
28:733  0:279   - [03]: Drop table : BGRT,                0 :  no
29:025  0:292  Custom boot CUSTOM_BOOT_USER_DISABLED (0x0)
29:168  0:142  Default theme: embedded
29:305  0:137  === [ Found DSDT tables ] =======================
29:455  0:150  === [ InitKextList ] ============================
30:017  0:561  === [ ScanVolumes ] =============================
30:573  0:556  Found 10 volumes with blockIO
30:719  0:145  - [00]: Volume: PcieRoot(0x0)\Pci(0x1D,0x7)\USB(0x1,0x0)
31:019  0:299          Result of bootcode detection: bootable unknown (legacy)
31:160  0:141  - [01]: Volume: PcieRoot(0x0)\Pci(0x1D,0x7)\USB(0x1,0x0)\HD(1,MBR,0x00058E69,0x3F,0x3BB7C1)
31:458  0:297          Result of bootcode detection: bootable unknown (legacy)
31:995  0:537            label : BDU
32:137  0:141          This is SelfVolume !!
32:275  0:138  - [02]: Volume: PcieRoot(0x0)\Pci(0x1F,0x1)\Ata(0x0)
32:564  0:288  - [03]: Volume: PcieRoot(0x0)\Pci(0x1F,0x2)\Sata(0x0,0x0,0x0)
33:213  0:648          Result of bootcode detection: bootable unknown (legacy)
33:857  0:643  - [04]: Volume: PcieRoot(0x0)\Pci(0x1F,0x2)\Sata(0x0,0x0,0x0)\HD(1,MBR,0xF0000000,0x3F,0x65F5B)
34:149  0:292          Result of bootcode detection: bootable unknown (legacy)
34:299  0:149            label : Unknown HD1
34:834  0:535  - [05]: Volume: PcieRoot(0x0)\Pci(0x1F,0x2)\Sata(0x0,0x0,0x0)\HD(2,MBR,0xF0000000,0x66000,0x32000)
35:554  0:719          Result of bootcode detection: bootable Windows (vista,win)
35:695  0:141            label : System Reservation
35:845  0:149          hiding this volume
35:990  0:145  - [06]: Volume: PcieRoot(0x0)\Pci(0x1F,0x2)\Sata(0x0,0x0,0x0)\HD(3,MBR,0xF0000000,0x98000,0xDC35800)
36:304  0:313          Result of bootcode detection: bootable Windows (vista,win)
36:907  0:602            label : WIN7
37:048  0:141  - [07]: Volume: PcieRoot(0x0)\Pci(0x1F,0x2)\Sata(0x0,0x0,0x0)\HD(4,MBR,0xF0000000,0xDCCD94C,0xF4F6C35)
37:345  0:296          Result of bootcode detection: bootable Windows (win)
37:564  0:219            label : MIX
37:704  0:140          hiding this volume
37:849  0:144  - [08]: Volume: PcieRoot(0x0)\Pci(0x1C,0x3)\Pci(0x0,0x0)\NVMe(0x1,01-00-00-00-00-00-00-00)
38:483  0:634  - [09]: Volume: PcieRoot(0x0)\Pci(0x1C,0x3)\Pci(0x0,0x0)\NVMe(0x1,01-00-00-00-00-00-00-00)\HD(1,MBR,0xDD1EA487,0x800,0x1DCF2000)
38:773  0:290          Result of bootcode detection: bootable Windows (vista,win)
39:315  0:541            label : SSD
39:864  0:549  Searching volumes for latest nvram.plist ...
40:155  0:290  LoadLatestNvramPlist loaded Status=Not Found
40:298  0:142  PutNvramPlistToRtVars: no nvram.plist
40:436  0:137  found 3 handles with audio
40:585  0:148  No AudioIoDevice stored
40:734  0:149  no stored audio parameters
40:880  0:145  Found Audio Device Silicon Image (Unknown) (HDMI) at index 0
41:023  0:143  Found Audio Device Sigmatel STAC9228X (Headphones) at index 1
41:163  0:140  Found Audio Device Sigmatel STAC9228X (Speaker) at index 2
41:306  0:142  Found Audio Device Sigmatel STAC9228X (LineOut) at index 3
41:455  0:149  Found Audio Device Sigmatel STAC9228X (Other) at index 4
41:595  0:139  === [ InitXTheme ] ==============================
41:738  0:143  use night theme
41:884  0:146   using embedded theme
42:052  0:168  sound play end with status=Device Error
42:199  0:146  Using embedded font
42:344  0:145  theme inited
42:890  0:545  Chosen embedded theme
43:429  0:538  after NVRAM boot-args=
43:569  0:140  === [ Dump SMC keys from NVRAM ] ================
43:709  0:139  found AppleSMC protocol
43:848  0:139  Registered 0 SMC keys
43:989  0:141  === [ ScanLoader ] ==============================
44:136  0:146  - [01]: 'BDU'
44:819  0:683        AddLoaderEntry for Volume Name=BDU, idx=0
44:965  0:145        OSVersion= 
45:107  0:142        IconName=unknown comma=-1 size=7
45:250  0:142        Full=unknown
45:390  0:140        Loader entry created for 'PcieRoot(0x0)\Pci(0x1D,0x7)\USB(0x1,0x0)\HD(1,MBR,0x00058E69,0x3F,0x3BB7C1)\EFI\BOOT\BOOTX64.efi'
45:544  0:153       hiding entry: \EFI\BOOT\BOOTX64.efi
45:684  0:139        Menu entry added at index 0
45:823  0:138       hiding entry because DiskKind is DISK_KIND_EXTERNAL: \EFI\BOOT\BOOTX64.efi
45:964  0:140  - [04]: 'Unknown HD1'
46:248  0:284  - [05]: 'System Reservation'
47:347  1:099  - [06]: 'WIN7'
47:638  0:290  - [07]: 'MIX'
47:920  0:282  - [09]: 'SSD'
48:216  0:295  Entries list before ordering
48:355  0:138      Entry 0 : Boot UEFI external from BDU (hidden)
48:503  0:147  Entries after before ordering
48:645  0:141    Entry 0 : Boot UEFI external from BDU (hidden)
48:784  0:138  Scanning legacy ...
48:927  0:143   hidden
49:068  0:140      AddLegacyEntry:
49:206  0:138        FullTitle=
49:354  0:147        LoaderTitle=
49:495  0:141        Volume->LegacyOS->Name=Windows
49:635  0:139        Entry->Title=Boot Windows from WIN7
49:784  0:148        IconName=vista,win comma=5 size=9
50:327  0:543        first=os_vista
50:869  0:541        Second=os_win
51:010  0:140        IconName=unknown comma=-1 size=7
51:154  0:144        Full=unknown
51:290  0:136   hidden
51:431  0:140      AddLegacyEntry:
51:576  0:145        FullTitle=
51:715  0:139        LoaderTitle=
52:269  0:553        Volume->LegacyOS->Name=Windows
52:413  0:143        Entry->Title=Boot Windows from SSD
52:555  0:142        IconName=vista,win comma=5 size=9
52:698  0:143        first=os_vista
52:838  0:139        Second=os_win
52:976  0:137        IconName=unknown comma=-1 size=7
53:120  0:144        Full=unknown
53:259  0:138  === [ AddCustomTool ] ===========================
53:398  0:139  EmuVariable InstallEmulation: EFI_ALREADY_STARTED
53:685  0:287  === [ GetEfiBootDeviceFromNvram ] ===============
54:226  0:540   - [!] efi-boot-device-data not found
54:766  0:540  Default boot entry not found
54:913  0:146  EmuVariable UninstallEmulation: CloseEvent = Success, original var services restored
55:345  0:432  BannerPlace at Clear Screen [576,84]
55:527  0:181  AnimeRun=0
55:710  0:183  GUI ready
86:400  30:689  BootVariable of the entry is empty
87:397  0:997  EmuVariable UninstallEmulation: CloseEvent = Invalid Parameter, original var services restored
87:836  0:438  DeleteNvramVariable (efi-boot-device, 7C436110-AB2A-4BBB-A880-FE41995C9F82):
88:467  0:631  DeleteNvramVariable (efi-boot-device-data, 7C436110-AB2A-4BBB-A880-FE41995C9F82):
89:058  0:590  DeleteNvramVariable (BootCampHD, 7C436110-AB2A-4BBB-A880-FE41995C9F82):
