0:100  0:100  MemLog inited, TSC freq: 2493746833
0:100  0:000  CPU was calibrated with ACPI PM Timer
0:100  0:000  LegacyRegion2: Chipset/proc: 0x2A008086
0:100  0:000   Intel Series 4 and similar (PAM 0x90-0x96)
0:100  0:000   Test PAM1=(0x41=50, 0x5a=00, 0x81=00, 0x91=11) at chipset 2A008086
0:100  0:000  , Install = Success
0:116  0:016  BiosVideoDriverBindingStart!
0:116  0:000  BiosVideoCheckForVbe
0:116  0:000  EdidOverride not found
0:128  0:012   Edid1+
0:128  0:000   found Detail Timing 1280x800
0:128  0:000  timing string after 0xFE:X949H
0:128  0:000  timing string after 0xFE:&6@GjÆÿ
  
0:128  0:000     0 1280x800 attr=9B - ok, edid+, working, highest, pref=0
0:129  0:001     1 1024x768 attr=9B - ok, edid-, 1024x768, working
0:129  0:000     2 640x480 attr=9B - ok, edid-, 640x480, working
0:130  0:000     3 800x600 attr=9B - ok, edid-, 800x600, working
0:130  0:000  BV new mode: 0 1280x800
0:212  0:081   SetMode pref 0 (0) = Success
3:022  2:810  CloverX64 : Image base = 0xDD581000
3:022  0:000  Clover ImageHandle = de95be18
3:022  0:000  === [ Starting Clover ] =========================
3:022  0:000  Now is 11.05.2023,  17:32:52 (GMT)
3:022  0:000  Starting Clover revision: 5146 (master, commit 31187f6e1) on CLOVER EFI
3:022  0:000  Build id: 20220324214945-31187f6-5146-dirty
3:022  0:000  Build with: [Args: -D NO_GRUB_DRIVERS_EMBEDDED -D LESS_DEBUG -t GCC53 | --cmd-len=50000 -D NO_GRUB_DRIVERS_EMBEDDED -D LESS_DEBUG --conf=/Users/sergey/src/CloverBootloader/Conf -D USE_LOW_EBDA -a X64 -b RELEASE -t GCC53 -n 5 | OS: 12.3]
3:022  0:000  === [ Get Smbios ] ==============================
3:022  0:000  Type 16 Index = 0
3:022  0:000  Total Memory Slots Count = 2
3:022  0:000  Type 17 Index = 0
3:022  0:000  SmbiosTable.Type17->SlotIndex = 0
3:022  0:000  SmbiosTable.Type17->ModuleSize = 2048MB
3:022  0:000  SmbiosTable.Type17->Type = 0
3:022  0:000  SmbiosTable.Type17->Frequency = 667MHz
3:022  0:000  SmbiosTable.Type17->Bank/Device =  DIMM_A
3:022  0:000  SmbiosTable.Type17->Vendor = 7F98000000000000
3:022  0:000  SmbiosTable.Type17->SerialNo = 69CC526E
3:022  0:000  SmbiosTable.Type17->PartNo = 9905295-052.A00LF
3:022  0:000  Type 17 Index = 1
3:022  0:000  SmbiosTable.Type17->SlotIndex = 1
3:022  0:000  SmbiosTable.Type17->ModuleSize = 2048MB
3:022  0:000  SmbiosTable.Type17->Type = 0
3:022  0:000  SmbiosTable.Type17->Frequency = 667MHz
3:022  0:000  SmbiosTable.Type17->Bank/Device =  DIMM_B
3:022  0:000  SmbiosTable.Type17->Vendor = 7F98000000000000
3:022  0:000  SmbiosTable.Type17->SerialNo = 69CC526E
3:022  0:000  SmbiosTable.Type17->PartNo = 9905295-052.A00LF
3:022  0:000  Boot status=0
3:022  0:000  Running on: 'Inspiron 1525' with board '0U990C'
3:022  0:000  === [ GetCPUProperties ] ========================
3:022  0:000  CPU Vendor = 756E6547 Model=10676
3:022  0:000   The CPU supported SSE4.1
3:022  0:000   The CPU not supported RDRAND
3:022  0:000  BrandString = Intel(R) Core(TM)2 Duo CPU     T9300  @ 2.50GHz
3:022  0:000  got cores from CPUID_1 = 2
3:022  0:000   The CPU supported turbo
3:022  0:000   Energy PerfBias is  not visible:
3:022  0:000  MSR dumps:
3:022  0:000  	@0x00CD=1a2
3:022  0:000  	@0x0198=6174c2206004c22
3:022  0:000  FSBFrequency = 200 MHz, DMI FSBFrequency = 200 MHz, Corrected FSBFrequency = 200 MHz
3:022  0:000  MaxDiv/MinDiv: 12.5/6
3:022  0:000  Turbo: 13/0/0/0
3:022  0:000  Features: 0x8E3BDBFEBFBFF
3:022  0:000  Threads: 2
3:022  0:000  Cores: 2
3:022  0:000  FSB: 200 MHz
3:022  0:000  CPU: 2500 MHz
3:022  0:000  TSC: 2500 MHz
3:022  0:000  PIS: 800 MHz
3:022  0:000  ExternalClock: 200 MHz
3:022  0:000  === [ GetDevices ] ==============================
3:022  0:000  Found more than one GOP protocol ??? Using the first one
3:022  0:000  GOP found at: PcieRoot(0x0)/Pci(0x2,0x0)/AcpiAdr(0x80010100)
3:022  0:000  PCI (00|00:00.00) : 8086 2A00 class=060000
3:022  0:000  PCI (00|00:02.00) : 8086 2A02 class=030000
3:022  0:000   - GFX: Model=Intel GMA X3100 (Intel)
3:022  0:000   - GOP: Provided by device
3:022  0:000  PCI (00|00:02.01) : 8086 2A03 class=038000
3:022  0:000   - GFX: Model=Intel GMA X3100 (Intel)
3:022  0:000  PCI (00|00:1A.00) : 8086 2834 class=0C0300
3:022  0:000  PCI (00|00:1A.01) : 8086 2835 class=0C0300
3:023  0:000  PCI (00|00:1A.07) : 8086 283A class=0C0320
3:023  0:000  PCI (00|00:1B.00) : 8086 284B class=040300
3:023  0:000  PCI (00|00:1C.00) : 8086 283F class=060400
3:023  0:000  PCI (00|09:00.00) : 11AB 4354 class=020000
3:023  0:000   - LAN: 1 Vendor=Marvell
3:023  0:000  Legacy MAC address of LAN #0= 00:21:9B:D7:9D:C2:
3:023  0:000  PCI (00|00:1C.01) : 8086 2841 class=060400
3:023  0:000  PCI (00|0B:00.00) : 14E4 4315 class=028000
3:023  0:000   - WIFI: Vendor= Broadcom
3:023  0:000  PCI (00|00:1C.03) : 8086 2845 class=060400
3:023  0:000  PCI (00|0C:00.00) : 1E4B 1202 class=010802
3:023  0:000  PCI (00|00:1C.04) : 8086 2847 class=060400
3:023  0:000  PCI (00|0D:00.00) : 1912 0015 class=0C0330
3:023  0:000  PCI (00|00:1D.00) : 8086 2830 class=0C0300
3:023  0:000  PCI (00|00:1D.01) : 8086 2831 class=0C0300
3:023  0:000  PCI (00|00:1D.02) : 8086 2832 class=0C0300
3:023  0:000  PCI (00|00:1D.07) : 8086 2836 class=0C0320
3:023  0:000  PCI (00|00:1E.00) : 8086 2448 class=060401
3:023  0:000  PCI (00|02:09.00) : 1180 0832 class=0C0010
3:023  0:000  PCI (00|02:09.01) : 1180 0822 class=080501
3:023  0:000  PCI (00|02:09.02) : 1180 0843 class=088000
3:023  0:000  PCI (00|02:09.03) : 1180 0592 class=088000
3:023  0:000  PCI (00|02:09.04) : 1180 0852 class=088000
3:023  0:000  PCI (00|00:1F.00) : 8086 2815 class=060100
3:023  0:000  PCI (00|00:1F.01) : 8086 2850 class=01018A
3:023  0:000  PCI (00|00:1F.02) : 8086 2829 class=010601
3:023  0:000  PCI (00|00:1F.03) : 8086 283E class=0C0500
3:037  0:014  _checkOEMPath Look for oem dir at path '\EFI\CLOVER\OEM\Inspiron 1525--00-21-9B-D7-9D-C2'. Dir doesn't exist.
3:037  0:000  _checkOEMPath Look for oem dir at path '\EFI\CLOVER\OEM\Inspiron 1525'. Dir doesn't exist.
3:037  0:000  _checkOEMPath Look for oem dir at path '\EFI\CLOVER\OEM\Inspiron 1525-2500'. Dir doesn't exist.
3:037  0:000  _checkOEMPath Look for oem dir at path '\EFI\CLOVER\OEM\0U990C'. Dir doesn't exist.
3:037  0:000  _checkOEMPath Look for oem dir at path '\EFI\CLOVER\OEM\0U990C-2500'. Dir doesn't exist.
3:037  0:000  === [ GetUserSettings ] =========================
3:037  0:000  GetDefaultModel()=MacBook4,1
3:037  0:000  Using config.plist at path: \EFI\CLOVER
3:039  0:001  Cannot find smbios.plist at path '\EFI\CLOVER' : Not Found
3:039  0:000  '\EFI\CLOVER\smbios.plist' not loaded. Efi error Not Found
3:039  0:000  BiosVersion: MB41.88Z.00C1.B00.0802091535
4:492  1:453  BiosReleaseDate: 02/09/08
4:626  0:133  EfiVersion: 
4:760  0:134  Calibrated TSC Frequency = 2493746833 = 2493MHz
5:319  0:559  GOP found at: PcieRoot(0x0)/Pci(0x2,0x0)/AcpiAdr(0x80010100)
5:883  0:563  === [ GetListOfThemes ] =========================
6:026  0:142  === [ Found config plists ] =====================
6:154  0:128  - config.plist
6:716  0:561  === [ LoadDrivers ] =============================
6:857  0:141  Loading ApfsDriverLoader.efi status=Success
7:237  0:380   - driver needs connecting
7:366  0:128  Loading AudioDxe.efi status=Success
7:761  0:394   - driver needs connecting
7:886  0:125  Loading FSInject.efi status=Success
8:266  0:379  Loading Ps2MouseDxe.efi status=Success
9:047  0:781   - driver needs connecting
9:568  0:520  Loading SMCHelper.efi status=Success
9:955  0:386  Loading UsbMouseDxe.efi status=Success
10:335  0:379   - driver needs connecting
10:464  0:128  Loading XhciDxe.efi status=Success
10:858  0:393   - driver needs connecting
10:987  0:128  Loading NTFS.efi status=Success
11:410  0:423   - driver needs connecting
11:531  0:121  Loading NvmExpressDxe.efi status=Success
12:322  0:790   - driver needs connecting
12:849  0:527  Loading Fat.efi status=Success
13:631  0:782   - driver needs connecting
13:757  0:125  Loading EmuVariableUefi.efi status=Success
14:151  0:394  EmuVariableUefi Initialize: VariableCommonInitialize = Success, orig services stored, install gEmuVariableControlProtocolGuid = Success
14:719  0:568  8 drivers needs connecting ...
14:845  0:125  PlatformDriverOverrideProtocol->GetDriver overriden
14:970  0:125  APFS driver loaded
20:974  6:004  EmuVariable InstallEmulation: orig vars copied, emu.var.services installed, CreateEvent VirtualAddressChange = Success, CreateEvent ExitBootServices = Success, set Status=Success
23:586  2:612  === [ InitScreen ] ==============================
23:729  0:143  Console modes reported: 4, available modes:
24:307  0:577   - [01]: 80x25
24:446  0:139   - [03]: 100x31
24:589  0:143   - [04]: 160x42 (current mode)
24:732  0:143  SetScreenResolution: 1280x1024 - not found!
25:009  0:276  SetScreenResolution: 1280x800 - already set
25:293  0:283  Using embedded font
25:442  0:149  === [ ScanSPD ] =================================
25:586  0:143  Scanning SMBus [8086:283E], mmio: 0xFE9FB700, ioport: 0x10C0, hostc: 0x1
25:737  0:150  Slot: 0 Type 19 2048MB 667MHz Vendor=Kingston PartNo=9905295-052.A00LF SerialNo=69CC526E
25:905  0:168  Slot: 2 Type 19 2048MB 667MHz Vendor=Kingston PartNo=9905295-052.A00LF SerialNo=69CC526E
26:054  0:148  === [ GetAcpiTablesList ] =======================
26:197  0:143  Get Acpi Tables List from RSDT:
26:486  0:288   - [00]: FACP  M08     len=116
27:023  0:537   - [01]: HPET  M08     len=56
27:566  0:542   - [02]: APIC  M08     len=104
27:706  0:140   - [03]: MCFG  M08     len=62
27:852  0:146   - [04]: SLIC  M08     len=374
27:993  0:140   - [05]: OSFR  M08     len=44
28:137  0:143   - [06]: BOOT  M08     len=40
28:277  0:139   - [07]: SSDT  CpuPm len=1228
28:416  0:138   - [00]: Drop table : DMAR,                0 :  no
28:697  0:281   - [01]: Drop table : SSDT,       6d50757043 :  yes
28:975  0:277   - [02]: Drop table : SSDT,   74734930757043 :  no
29:264  0:289   - [03]: Drop table : BGRT,                0 :  no
29:538  0:273  Custom boot CUSTOM_BOOT_USER_DISABLED (0x0)
29:674  0:136  Default theme: embedded
29:816  0:141  === [ Found DSDT tables ] =======================
29:960  0:144  === [ InitKextList ] ============================
30:529  0:569  === [ ScanVolumes ] =============================
31:085  0:556  Found 13 volumes with blockIO
31:225  0:139  - [00]: Volume: PcieRoot(0x0)\Pci(0x1D,0x7)\USB(0x1,0x0)
31:924  0:699          Result of bootcode detection: bootable unknown (legacy)
32:070  0:145  - [01]: Volume: PcieRoot(0x0)\Pci(0x1D,0x7)\USB(0x1,0x0)\HD(1,MBR,0x00058E69,0x3F,0x3BB7C1)
32:368  0:298          Result of bootcode detection: bootable unknown (legacy)
32:510  0:141            label : BDU
32:655  0:145          This is SelfVolume !!
32:794  0:139  - [02]: Volume: PcieRoot(0x0)\Pci(0x1F,0x1)\Ata(0x0)
33:083  0:288  - [03]: Volume: PcieRoot(0x0)\Pci(0x1F,0x2)\Sata(0x0,0x0,0x0)
33:734  0:651          Result of bootcode detection: bootable unknown (legacy)
34:435  0:700  - [04]: Volume: PcieRoot(0x0)\Pci(0x1F,0x2)\Sata(0x0,0x0,0x0)\HD(1,MBR,0xF0000000,0x3F,0x65F5B)
34:723  0:288          Result of bootcode detection: bootable unknown (legacy)
34:870  0:146            label : Unknown HD1
35:403  0:533  - [05]: Volume: PcieRoot(0x0)\Pci(0x1F,0x2)\Sata(0x0,0x0,0x0)\HD(2,MBR,0xF0000000,0x66000,0x32000)
36:817  1:414          Result of bootcode detection: bootable Windows (vista,win)
37:275  0:457            label : System Reservation
37:418  0:142          hiding this volume
37:560  0:142  - [06]: Volume: PcieRoot(0x0)\Pci(0x1F,0x2)\Sata(0x0,0x0,0x0)\HD(3,MBR,0xF0000000,0x98000,0xDC35800)
37:867  0:307          Result of bootcode detection: bootable Windows (vista,win)
38:017  0:149            label : WIN7
38:163  0:146  - [07]: Volume: PcieRoot(0x0)\Pci(0x1F,0x2)\Sata(0x0,0x0,0x0)\HD(4,MBR,0xF0000000,0xDCCD94C,0xF4F6C35)
38:883  0:719          Result of bootcode detection: bootable Windows (win)
39:044  0:161            label : MIX
39:184  0:139          hiding this volume
39:322  0:138  - [08]: Volume: PcieRoot(0x0)\Pci(0x1C,0x3)\Pci(0x0,0x0)\NVMe(0x1,01-00-00-00-00-00-00-00)
39:950  0:627  - [09]: Volume: PcieRoot(0x0)\Pci(0x1C,0x3)\Pci(0x0,0x0)\NVMe(0x1,01-00-00-00-00-00-00-00)\HD(1,GPT,D3E11C9D-6CAC-4A3B-ACC6-CF574429F244,0x800,0x32000)
40:235  0:285          Result of bootcode detection: bootable Windows (vista,win)
40:789  0:553            label : EFI
41:329  0:540  - [10]: Volume: PcieRoot(0x0)\Pci(0x1C,0x3)\Pci(0x0,0x0)\NVMe(0x1,01-00-00-00-00-00-00-00)\HD(2,GPT,0059DF20-848F-4B16-B15B-62DBED23F50F,0x32800,0x8000)
41:616  0:286  - [11]: Volume: PcieRoot(0x0)\Pci(0x1C,0x3)\Pci(0x0,0x0)\NVMe(0x1,01-00-00-00-00-00-00-00)\HD(3,GPT,9313C411-8C5B-4CEB-8205-9182457A20B6,0x3A800,0x1DBB3B15)
41:889  0:273          Result of bootcode detection: bootable Windows (vista,win)
42:035  0:145            label : .
42:169  0:134  - [12]: Volume: PcieRoot(0x0)\Pci(0x1C,0x3)\Pci(0x0,0x0)\NVMe(0x1,01-00-00-00-00-00-00-00)\HD(4,GPT,0C5FBC1B-3799-4F5F-ACD0-1A928EF488DB,0x1DBEE800,0x104000)
42:453  0:284          Result of bootcode detection: bootable Windows (vista,win)
42:588  0:134            label : .
42:735  0:146  Searching volumes for latest nvram.plist ...
43:033  0:298   - [0] no nvram.plist
43:179  0:146  LoadLatestNvramPlist loaded Status=Not Found
43:325  0:145  PutNvramPlistToRtVars: no nvram.plist
43:458  0:133  found 3 handles with audio
43:600  0:141  No AudioIoDevice stored
43:746  0:145  no stored audio parameters
44:280  0:534  Found Audio Device Silicon Image (Unknown) (HDMI) at index 0
44:819  0:539  Found Audio Device Sigmatel STAC9228X (Headphones) at index 1
44:959  0:140  Found Audio Device Sigmatel STAC9228X (Speaker) at index 2
45:103  0:143  Found Audio Device Sigmatel STAC9228X (LineOut) at index 3
45:244  0:141  Found Audio Device Sigmatel STAC9228X (Other) at index 4
45:389  0:144  === [ InitXTheme ] ==============================
45:528  0:139  use night theme
45:669  0:140   using embedded theme
45:836  0:166  sound play end with status=Device Error
45:978  0:142  Using embedded font
46:519  0:540  theme inited
46:655  0:135  Chosen embedded theme
46:795  0:140  after NVRAM boot-args=
46:933  0:137  === [ Dump SMC keys from NVRAM ] ================
47:075  0:142  found AppleSMC protocol
47:217  0:141  Registered 0 SMC keys
47:360  0:143  === [ ScanLoader ] ==============================
47:498  0:138  - [01]: 'BDU'
48:186  0:687        AddLoaderEntry for Volume Name=BDU, idx=0
48:726  0:539        OSVersion= 
48:870  0:144        IconName=unknown comma=-1 size=7
49:015  0:144        Full=unknown
49:155  0:140        Loader entry created for 'PcieRoot(0x0)\Pci(0x1D,0x7)\USB(0x1,0x0)\HD(1,MBR,0x00058E69,0x3F,0x3BB7C1)\EFI\BOOT\BOOTX64.efi'
49:300  0:144       hiding entry: \EFI\BOOT\BOOTX64.efi
49:446  0:145        Menu entry added at index 0
49:584  0:138       hiding entry because DiskKind is DISK_KIND_EXTERNAL: \EFI\BOOT\BOOTX64.efi
49:733  0:149  - [04]: 'Unknown HD1'
50:016  0:282  - [05]: 'System Reservation'
50:308  0:291  - [06]: 'WIN7'
50:595  0:287  - [07]: 'MIX'
50:888  0:293  - [09]: 'EFI'
51:228  0:339        AddLoaderEntry for Volume Name=EFI, idx=1
51:769  0:541        OSVersion= 
52:307  0:537        IconName=vista,win comma=5 size=9
52:449  0:141        first=os_vista
52:593  0:144        Second=os_win
52:736  0:143        IconName=unknown comma=-1 size=7
52:879  0:142        Full=unknown
53:019  0:139        Loader entry created for 'PcieRoot(0x0)\Pci(0x1C,0x3)\Pci(0x0,0x0)\NVMe(0x1,01-00-00-00-00-00-00-00)\HD(1,GPT,D3E11C9D-6CAC-4A3B-ACC6-CF574429F244,0x800,0x32000)\EFI\microsoft\Boot\bootmgfw.efi'
53:159  0:140        Menu entry added at index 1
53:349  0:190        AddLoaderEntry for Volume Name=EFI, idx=2
53:494  0:144        OSVersion= 
54:034  0:540        IconName=unknown comma=-1 size=7
54:174  0:139        Full=unknown
54:315  0:140        Loader entry created for 'PcieRoot(0x0)\Pci(0x1C,0x3)\Pci(0x0,0x0)\NVMe(0x1,01-00-00-00-00-00-00-00)\HD(1,GPT,D3E11C9D-6CAC-4A3B-ACC6-CF574429F244,0x800,0x32000)\EFI\BOOT\BOOTX64.efi'
54:455  0:139       hiding entry: \EFI\BOOT\BOOTX64.efi
54:594  0:139        Menu entry added at index 2
54:804  0:209       hiding entry because DiskKind is DISK_KIND_INTERNAL: \EFI\BOOT\BOOTX64.efi
54:945  0:141  - [11]: '.'
55:230  0:284  - [12]: '.'
56:329  1:099  Entries list before ordering
56:470  0:140      Entry 0 : Boot UEFI external from BDU (hidden)
56:612  0:142      Entry 1 : Boot Microsoft EFI Boot from EFI
56:750  0:137      Entry 2 : Boot UEFI internal from EFI (hidden)
56:890  0:140  Entries after before ordering
57:033  0:142    Entry 0 : Boot UEFI external from BDU (hidden)
57:169  0:135    Entry 1 : Boot Microsoft EFI Boot from EFI
57:318  0:148    Entry 2 : Boot UEFI internal from EFI (hidden)
57:465  0:146  Scanning legacy ...
57:599  0:134   hidden
57:740  0:140      AddLegacyEntry:
57:883  0:143        FullTitle=
58:017  0:133        LoaderTitle=
58:159  0:142        Volume->LegacyOS->Name=Windows
58:304  0:145        Entry->Title=Boot Windows from WIN7
58:444  0:139        IconName=vista,win comma=5 size=9
58:589  0:145        first=os_vista
58:735  0:146        Second=os_win
59:269  0:534        IconName=unknown comma=-1 size=7
59:807  0:537        Full=unknown
59:949  0:142   hidden
60:087  0:138      AddLegacyEntry:
60:229  0:141        FullTitle=
60:370  0:141        LoaderTitle=
60:509  0:138        Volume->LegacyOS->Name=Windows
60:650  0:140        Entry->Title=Boot Windows from EFI
60:791  0:141        IconName=vista,win comma=5 size=9
60:934  0:142        first=os_vista
61:474  0:540        Second=os_win
61:615  0:141        IconName=unknown comma=-1 size=7
61:756  0:140        Full=unknown
61:898  0:141      AddLegacyEntry:
62:038  0:140        FullTitle=
62:186  0:147        LoaderTitle=
62:327  0:140        Volume->LegacyOS->Name=Windows
62:466  0:138        Entry->Title=Boot Windows from .
62:606  0:140        IconName=vista,win comma=5 size=9
63:131  0:524        first=os_vista
63:676  0:544        Second=os_win
63:819  0:143        IconName=unknown comma=-1 size=7
63:965  0:145        Full=unknown
64:106  0:141      AddLegacyEntry:
64:250  0:143        FullTitle=
64:395  0:144        LoaderTitle=
64:530  0:135        Volume->LegacyOS->Name=Windows
64:680  0:149        Entry->Title=Boot Windows from .
64:823  0:142        IconName=vista,win comma=5 size=9
64:958  0:135        first=os_vista
65:100  0:141        Second=os_win
65:245  0:144        IconName=unknown comma=-1 size=7
65:385  0:140        Full=unknown
65:528  0:143  === [ AddCustomTool ] ===========================
65:693  0:164  EmuVariable UninstallEmulation: CloseEvent = Success, original var services restored
66:133  0:440  EmuVariable InstallEmulation: orig vars copied, emu.var.services installed, CreateEvent VirtualAddressChange = Success, CreateEvent ExitBootServices = Success, set Status=Success
67:784  1:650  === [ GetEfiBootDeviceFromNvram ] ===============
67:924  0:139   - [!] efi-boot-device-data not found
68:064  0:140  Default boot entry not found
68:211  0:147  EmuVariable UninstallEmulation: CloseEvent = Success, original var services restored
69:035  0:824  BannerPlace at Clear Screen [576,84]
69:225  0:189  AnimeRun=0
69:419  0:194  GUI ready
121:961  52:542  BootVariable of the entry is empty
122:998  1:036  === [ StartLoader ] =============================
123:144  0:146  Starting PcieRoot(0x0)\Pci(0x1C,0x3)\Pci(0x0,0x0)\NVMe(0x1,01-00-00-00-00-00-00-00)\HD(1,GPT,D3E11C9D-6CAC-4A3B-ACC6-CF574429F244,0x800,0x32000)\EFI\microsoft\Boot\bootmgfw.efi
123:289  0:145  Finally: ExternalClock=200MHz BusSpeed=199500kHz CPUFreq=2494MHz PIS: hw.busfrequency=800000000Hz
124:006  0:716  Loading bootmgfw.efi status=Success
125:373  1:367  Closing events for Windows
125:515  0:141  EmuVariable UninstallEmulation: CloseEvent = Invalid Parameter, original var services restored
125:951  0:436  OtherOS: Found Acpi 2.0 RSDP 0xDF2A2000
126:104  0:152  RSDT at 0xDF66D93A
126:246  0:141  XSDT at 0xDF66F200
126:380  0:133  FADT pointer = 0xDF66F09C
126:520  0:140  Dir '\\EFI\CLOVER\ACPI\Windows' not found. No patching will be done.
127:007  0:486  DeleteNvramVariable (efi-boot-device, 7C436110-AB2A-4BBB-A880-FE41995C9F82):
127:140  0:133  DeleteNvramVariable (efi-boot-device-data, 7C436110-AB2A-4BBB-A880-FE41995C9F82):
127:281  0:140  DeleteNvramVariable (BootCampHD, 7C436110-AB2A-4BBB-A880-FE41995C9F82):
127:425  0:143  start image 'bootmgfw.efi'
127:560  0:135  Using load options '-v '
