0:100  0:100  MemLog inited, TSC freq: 2493750833
0:100  0:000  CPU was calibrated with ACPI PM Timer
0:100  0:000  LegacyRegion2: Chipset/proc: 0x2A008086
0:100  0:000   Intel Series 4 and similar (PAM 0x90-0x96)
0:100  0:000   Test PAM1=(0x41=50, 0x5a=00, 0x81=00, 0x91=11) at chipset 2A008086
0:100  0:000  , Install = Success
0:115  0:015  BiosVideoDriverBindingStart!
0:115  0:000  BiosVideoCheckForVbe
0:115  0:000  EdidOverride not found
0:127  0:012   Edid1+
0:127  0:000   found Detail Timing 1280x800
0:127  0:000  timing string after 0xFE:X949H
0:127  0:000  timing string after 0xFE:&6@GjÆÿ
  
0:127  0:000     0 1280x800 attr=9B - ok, edid+, working, highest, pref=0
0:129  0:001     1 1024x768 attr=9B - ok, edid-, 1024x768, working
0:129  0:000     2 640x480 attr=9B - ok, edid-, 640x480, working
0:129  0:000     3 800x600 attr=9B - ok, edid-, 800x600, working
0:129  0:000  BV new mode: 0 1280x800
0:207  0:078   SetMode pref 0 (0) = Success
3:342  3:135  CloverX64 : Image base = 0xDD581000
3:342  0:000  Clover ImageHandle = de8da698
3:343  0:000  === [ Starting Clover ] =========================
3:343  0:000  Now is 11.05.2023,  16:01:30 (GMT)
3:343  0:000  Starting Clover revision: 5146 (master, commit 31187f6e1) on CLOVER EFI
3:343  0:000  Build id: 20220324214945-31187f6-5146-dirty
3:343  0:000  Build with: [Args: -D NO_GRUB_DRIVERS_EMBEDDED -D LESS_DEBUG -t GCC53 | --cmd-len=50000 -D NO_GRUB_DRIVERS_EMBEDDED -D LESS_DEBUG --conf=/Users/sergey/src/CloverBootloader/Conf -D USE_LOW_EBDA -a X64 -b RELEASE -t GCC53 -n 5 | OS: 12.3]
3:343  0:000  === [ Get Smbios ] ==============================
3:343  0:000  Type 16 Index = 0
3:343  0:000  Total Memory Slots Count = 2
3:343  0:000  Type 17 Index = 0
3:343  0:000  SmbiosTable.Type17->SlotIndex = 0
3:343  0:000  SmbiosTable.Type17->ModuleSize = 2048MB
3:343  0:000  SmbiosTable.Type17->Type = 0
3:343  0:000  SmbiosTable.Type17->Frequency = 667MHz
3:343  0:000  SmbiosTable.Type17->Bank/Device =  DIMM_A
3:343  0:000  SmbiosTable.Type17->Vendor = 7F98000000000000
3:343  0:000  SmbiosTable.Type17->SerialNo = 69CC526E
3:343  0:000  SmbiosTable.Type17->PartNo = 9905295-052.A00LF
3:343  0:000  Type 17 Index = 1
3:343  0:000  SmbiosTable.Type17->SlotIndex = 1
3:343  0:000  SmbiosTable.Type17->ModuleSize = 2048MB
3:343  0:000  SmbiosTable.Type17->Type = 0
3:343  0:000  SmbiosTable.Type17->Frequency = 667MHz
3:343  0:000  SmbiosTable.Type17->Bank/Device =  DIMM_B
3:343  0:000  SmbiosTable.Type17->Vendor = 7F98000000000000
3:343  0:000  SmbiosTable.Type17->SerialNo = 69CC526E
3:343  0:000  SmbiosTable.Type17->PartNo = 9905295-052.A00LF
3:343  0:000  Boot status=0
3:343  0:000  Running on: 'Inspiron 1525' with board '0U990C'
3:343  0:000  === [ GetCPUProperties ] ========================
3:343  0:000  CPU Vendor = 756E6547 Model=10676
3:343  0:000   The CPU supported SSE4.1
3:343  0:000   The CPU not supported RDRAND
3:343  0:000  BrandString = Intel(R) Core(TM)2 Duo CPU     T9300  @ 2.50GHz
3:343  0:000  got cores from CPUID_1 = 2
3:343  0:000   The CPU supported turbo
3:343  0:000   Energy PerfBias is  not visible:
3:343  0:000  MSR dumps:
3:343  0:000  	@0x00CD=1a2
3:343  0:000  	@0x0198=6174c2206004c22
3:343  0:000  FSBFrequency = 200 MHz, DMI FSBFrequency = 200 MHz, Corrected FSBFrequency = 200 MHz
3:343  0:000  MaxDiv/MinDiv: 12.5/6
3:343  0:000  Turbo: 13/0/0/0
3:343  0:000  Features: 0x8E3BDBFEBFBFF
3:343  0:000  Threads: 2
3:343  0:000  Cores: 2
3:343  0:000  FSB: 200 MHz
3:343  0:000  CPU: 2500 MHz
3:343  0:000  TSC: 2500 MHz
3:343  0:000  PIS: 800 MHz
3:343  0:000  ExternalClock: 200 MHz
3:343  0:000  === [ GetDevices ] ==============================
3:343  0:000  Found more than one GOP protocol ??? Using the first one
3:343  0:000  GOP found at: PcieRoot(0x0)/Pci(0x2,0x0)/AcpiAdr(0x80010100)
3:343  0:000  PCI (00|00:00.00) : 8086 2A00 class=060000
3:343  0:000  PCI (00|00:02.00) : 8086 2A02 class=030000
3:343  0:000   - GFX: Model=Intel GMA X3100 (Intel)
3:343  0:000   - GOP: Provided by device
3:343  0:000  PCI (00|00:02.01) : 8086 2A03 class=038000
3:343  0:000   - GFX: Model=Intel GMA X3100 (Intel)
3:343  0:000  PCI (00|00:1A.00) : 8086 2834 class=0C0300
3:343  0:000  PCI (00|00:1A.01) : 8086 2835 class=0C0300
3:343  0:000  PCI (00|00:1A.07) : 8086 283A class=0C0320
3:343  0:000  PCI (00|00:1B.00) : 8086 284B class=040300
3:343  0:000  PCI (00|00:1C.00) : 8086 283F class=060400
3:343  0:000  PCI (00|09:00.00) : 11AB 4354 class=020000
3:343  0:000   - LAN: 1 Vendor=Marvell
3:343  0:000  Legacy MAC address of LAN #0= 00:21:9B:D7:9D:C2:
3:343  0:000  PCI (00|00:1C.01) : 8086 2841 class=060400
3:343  0:000  PCI (00|0B:00.00) : 14E4 4315 class=028000
3:343  0:000   - WIFI: Vendor= Broadcom
3:343  0:000  PCI (00|00:1C.03) : 8086 2845 class=060400
3:343  0:000  PCI (00|0C:00.00) : 1E4B 1202 class=010802
3:343  0:000  PCI (00|00:1C.04) : 8086 2847 class=060400
3:343  0:000  PCI (00|0D:00.00) : 1912 0015 class=0C0330
3:343  0:000  PCI (00|00:1D.00) : 8086 2830 class=0C0300
3:343  0:000  PCI (00|00:1D.01) : 8086 2831 class=0C0300
3:344  0:000  PCI (00|00:1D.02) : 8086 2832 class=0C0300
3:344  0:000  PCI (00|00:1D.07) : 8086 2836 class=0C0320
3:344  0:000  PCI (00|00:1E.00) : 8086 2448 class=060401
3:344  0:000  PCI (00|02:09.00) : 1180 0832 class=0C0010
3:344  0:000  PCI (00|02:09.01) : 1180 0822 class=080501
3:344  0:000  PCI (00|02:09.02) : 1180 0843 class=088000
3:344  0:000  PCI (00|02:09.03) : 1180 0592 class=088000
3:344  0:000  PCI (00|02:09.04) : 1180 0852 class=088000
3:344  0:000  PCI (00|00:1F.00) : 8086 2815 class=060100
3:344  0:000  PCI (00|00:1F.01) : 8086 2850 class=01018A
3:344  0:000  PCI (00|00:1F.02) : 8086 2829 class=010601
3:344  0:000  PCI (00|00:1F.03) : 8086 283E class=0C0500
3:358  0:014  _checkOEMPath Look for oem dir at path '\EFI\CLOVER\OEM\Inspiron 1525--00-21-9B-D7-9D-C2'. Dir doesn't exist.
3:358  0:000  _checkOEMPath Look for oem dir at path '\EFI\CLOVER\OEM\Inspiron 1525'. Dir doesn't exist.
3:358  0:000  _checkOEMPath Look for oem dir at path '\EFI\CLOVER\OEM\Inspiron 1525-2500'. Dir doesn't exist.
3:358  0:000  _checkOEMPath Look for oem dir at path '\EFI\CLOVER\OEM\0U990C'. Dir doesn't exist.
3:358  0:000  _checkOEMPath Look for oem dir at path '\EFI\CLOVER\OEM\0U990C-2500'. Dir doesn't exist.
3:358  0:000  === [ GetUserSettings ] =========================
3:358  0:000  GetDefaultModel()=MacBook4,1
3:358  0:000  Using config.plist at path: \EFI\CLOVER
3:359  0:001  Cannot find smbios.plist at path '\EFI\CLOVER' : Not Found
3:359  0:000  '\EFI\CLOVER\smbios.plist' not loaded. Efi error Not Found
3:359  0:000  BiosVersion: MB41.88Z.00C1.B00.0802091535
4:807  1:447  BiosReleaseDate: 02/09/08
4:940  0:133  EfiVersion: 
5:069  0:128  Calibrated TSC Frequency = 2493750833 = 2493MHz
5:620  0:550  GOP found at: PcieRoot(0x0)/Pci(0x2,0x0)/AcpiAdr(0x80010100)
6:179  0:558  === [ GetListOfThemes ] =========================
6:322  0:143  === [ Found config plists ] =====================
6:451  0:129  - config.plist
6:573  0:121  === [ LoadDrivers ] =============================
6:717  0:144  Loading ApfsDriverLoader.efi status=Success
7:545  0:827   - driver needs connecting
7:669  0:124  Loading AudioDxe.efi status=Success
8:064  0:394   - driver needs connecting
8:188  0:124  Loading FSInject.efi status=Success
8:567  0:378  Loading Ps2MouseDxe.efi status=Success
9:348  0:781   - driver needs connecting
9:872  0:523  Loading SMCHelper.efi status=Success
10:250  0:378  Loading UsbMouseDxe.efi status=Success
10:635  0:384   - driver needs connecting
10:760  0:125  Loading XhciDxe.efi status=Success
11:153  0:392   - driver needs connecting
11:281  0:127  Loading NTFS.efi status=Success
11:704  0:422   - driver needs connecting
11:829  0:124  Loading NvmExpressDxe.efi status=Success
12:621  0:792   - driver needs connecting
13:147  0:526  Loading Fat.efi status=Success
13:527  0:380   - driver needs connecting
13:656  0:129  Loading EmuVariableUefi.efi status=Success
14:453  0:796  EmuVariableUefi Initialize: VariableCommonInitialize = Success, orig services stored, install gEmuVariableControlProtocolGuid = Success
15:019  0:566  8 drivers needs connecting ...
15:144  0:124  PlatformDriverOverrideProtocol->GetDriver overriden
15:274  0:129  APFS driver loaded
21:259  5:985  EmuVariable InstallEmulation: orig vars copied, emu.var.services installed, CreateEvent VirtualAddressChange = Success, CreateEvent ExitBootServices = Success, set Status=Success
23:837  2:578  === [ InitScreen ] ==============================
23:979  0:142  Console modes reported: 4, available modes:
24:116  0:136   - [01]: 80x25
24:255  0:139   - [03]: 100x31
24:826  0:570   - [04]: 160x42 (current mode)
24:970  0:144  SetScreenResolution: 1280x1024 - not found!
25:243  0:273  SetScreenResolution: 1280x800 - already set
25:525  0:281  Using embedded font
25:669  0:143  === [ ScanSPD ] =================================
25:814  0:145  Scanning SMBus [8086:283E], mmio: 0xFE9FB700, ioport: 0x10C0, hostc: 0x1
25:969  0:155  Slot: 0 Type 19 2048MB 667MHz Vendor=Kingston PartNo=9905295-052.A00LF SerialNo=69CC526E
26:122  0:152  Slot: 2 Type 19 2048MB 667MHz Vendor=Kingston PartNo=9905295-052.A00LF SerialNo=69CC526E
26:265  0:142  === [ GetAcpiTablesList ] =======================
26:416  0:151  Get Acpi Tables List from RSDT:
26:694  0:278   - [00]: FACP  M08     len=116
27:229  0:534   - [01]: HPET  M08     len=56
27:779  0:550   - [02]: APIC  M08     len=104
27:918  0:139   - [03]: MCFG  M08     len=62
28:065  0:147   - [04]: SLIC  M08     len=374
28:199  0:133   - [05]: OSFR  M08     len=44
28:350  0:150   - [06]: BOOT  M08     len=40
28:495  0:144   - [07]: SSDT  CpuPm len=1228
28:629  0:133   - [00]: Drop table : DMAR,                0 :  no
28:914  0:285   - [01]: Drop table : SSDT,       6d50757043 :  yes
29:189  0:275   - [02]: Drop table : SSDT,   74734930757043 :  no
29:473  0:284   - [03]: Drop table : BGRT,                0 :  no
29:765  0:291  Custom boot CUSTOM_BOOT_USER_DISABLED (0x0)
29:898  0:133  Default theme: embedded
30:039  0:141  === [ Found DSDT tables ] =======================
30:183  0:143  === [ InitKextList ] ============================
30:734  0:550  === [ ScanVolumes ] =============================
31:294  0:560  Found 12 volumes with blockIO
31:440  0:145  - [00]: Volume: PcieRoot(0x0)\Pci(0x1D,0x7)\USB(0x1,0x0)
31:727  0:286          Result of bootcode detection: bootable unknown (legacy)
32:279  0:551  - [01]: Volume: PcieRoot(0x0)\Pci(0x1D,0x7)\USB(0x1,0x0)\HD(1,MBR,0x00058E69,0x3F,0x3BB7C1)
32:580  0:301          Result of bootcode detection: bootable unknown (legacy)
32:723  0:142            label : BDU
32:865  0:142          This is SelfVolume !!
33:004  0:138  - [02]: Volume: PcieRoot(0x0)\Pci(0x1F,0x1)\Ata(0x0)
33:294  0:290  - [03]: Volume: PcieRoot(0x0)\Pci(0x1F,0x2)\Sata(0x0,0x0,0x0)
33:934  0:640          Result of bootcode detection: bootable unknown (legacy)
34:606  0:672  - [04]: Volume: PcieRoot(0x0)\Pci(0x1F,0x2)\Sata(0x0,0x0,0x0)\HD(1,MBR,0xF0000000,0x3F,0x65F5B)
34:889  0:282          Result of bootcode detection: bootable unknown (legacy)
35:039  0:149            label : Unknown HD1
35:569  0:529  - [05]: Volume: PcieRoot(0x0)\Pci(0x1F,0x2)\Sata(0x0,0x0,0x0)\HD(2,MBR,0xF0000000,0x66000,0x32000)
36:283  0:713          Result of bootcode detection: bootable Windows (vista,win)
36:425  0:142            label : System Reservation
36:566  0:141          hiding this volume
37:150  0:583  - [06]: Volume: PcieRoot(0x0)\Pci(0x1F,0x2)\Sata(0x0,0x0,0x0)\HD(3,MBR,0xF0000000,0x98000,0xDC35800)
37:466  0:316          Result of bootcode detection: bootable Windows (vista,win)
37:674  0:208            label : WIN7
37:824  0:149  - [07]: Volume: PcieRoot(0x0)\Pci(0x1F,0x2)\Sata(0x0,0x0,0x0)\HD(4,MBR,0xF0000000,0xDCCD94C,0xF4F6C35)
38:109  0:285          Result of bootcode detection: bootable Windows (win)
38:274  0:164            label : MIX
38:414  0:140          hiding this volume
38:555  0:141  - [08]: Volume: PcieRoot(0x0)\Pci(0x1C,0x3)\Pci(0x0,0x0)\NVMe(0x1,01-00-00-00-00-00-00-00)
39:200  0:645  - [09]: Volume: PcieRoot(0x0)\Pci(0x1C,0x3)\Pci(0x0,0x0)\NVMe(0x1,01-00-00-00-00-00-00-00)\HD(1,GPT,D3E11C9D-6CAC-4A3B-ACC6-CF574429F244,0x800,0x32000)
39:494  0:293          Result of bootcode detection: bootable Windows (vista,win)
40:050  0:556            label : EFI
40:584  0:533  - [10]: Volume: PcieRoot(0x0)\Pci(0x1C,0x3)\Pci(0x0,0x0)\NVMe(0x1,01-00-00-00-00-00-00-00)\HD(2,GPT,0059DF20-848F-4B16-B15B-62DBED23F50F,0x32800,0x8000)
40:874  0:289  - [11]: Volume: PcieRoot(0x0)\Pci(0x1C,0x3)\Pci(0x0,0x0)\NVMe(0x1,01-00-00-00-00-00-00-00)\HD(3,GPT,9313C411-8C5B-4CEB-8205-9182457A20B6,0x3A800,0x1DCB8800)
41:155  0:280          Result of bootcode detection: bootable Windows (vista,win)
41:295  0:140            label : .
41:430  0:134  Searching volumes for latest nvram.plist ...
41:718  0:287   - [0] no nvram.plist
41:856  0:138  LoadLatestNvramPlist loaded Status=Not Found
42:004  0:147  PutNvramPlistToRtVars: no nvram.plist
42:144  0:140  found 3 handles with audio
42:285  0:140  No AudioIoDevice stored
42:428  0:143  no stored audio parameters
42:574  0:145  Found Audio Device Silicon Image (Unknown) (HDMI) at index 0
42:708  0:134  Found Audio Device Sigmatel STAC9228X (Headphones) at index 1
42:849  0:141  Found Audio Device Sigmatel STAC9228X (Speaker) at index 2
42:993  0:143  Found Audio Device Sigmatel STAC9228X (LineOut) at index 3
43:530  0:537  Found Audio Device Sigmatel STAC9228X (Other) at index 4
44:086  0:555  === [ InitXTheme ] ==============================
44:230  0:144  use Daylight theme
44:368  0:138   using embedded theme
44:528  0:160  sound play end with status=Device Error
45:075  0:546  Using embedded font
45:223  0:148  theme inited
45:364  0:140  Chosen embedded theme
45:509  0:145  after NVRAM boot-args=
45:653  0:144  === [ Dump SMC keys from NVRAM ] ================
45:795  0:141  found AppleSMC protocol
45:933  0:138  Registered 0 SMC keys
46:076  0:142  === [ ScanLoader ] ==============================
46:216  0:140  - [01]: 'BDU'
46:505  0:289        AddLoaderEntry for Volume Name=BDU, idx=0
46:645  0:140        OSVersion= 
46:784  0:139        IconName=unknown comma=-1 size=7
46:934  0:149        Full=unknown
47:486  0:551        Loader entry created for 'PcieRoot(0x0)\Pci(0x1D,0x7)\USB(0x1,0x0)\HD(1,MBR,0x00058E69,0x3F,0x3BB7C1)\EFI\BOOT\BOOTX64.efi'
48:026  0:539       hiding entry: \EFI\BOOT\BOOTX64.efi
48:168  0:142        Menu entry added at index 0
48:314  0:145       hiding entry because DiskKind is DISK_KIND_EXTERNAL: \EFI\BOOT\BOOTX64.efi
48:449  0:134  - [04]: 'Unknown HD1'
48:733  0:284  - [05]: 'System Reservation'
49:016  0:283  - [06]: 'WIN7'
49:305  0:288  - [07]: 'MIX'
49:597  0:292  - [09]: 'EFI'
49:920  0:322        AddLoaderEntry for Volume Name=EFI, idx=1
50:062  0:142        OSVersion= 
50:198  0:135        IconName=vista,win comma=5 size=9
50:346  0:147        first=os_vista
50:495  0:148        Second=os_win
51:037  0:541        IconName=unknown comma=-1 size=7
51:575  0:538        Full=unknown
51:719  0:144        Loader entry created for 'PcieRoot(0x0)\Pci(0x1C,0x3)\Pci(0x0,0x0)\NVMe(0x1,01-00-00-00-00-00-00-00)\HD(1,GPT,D3E11C9D-6CAC-4A3B-ACC6-CF574429F244,0x800,0x32000)\EFI\microsoft\Boot\bootmgfw.efi'
51:859  0:139        Menu entry added at index 1
52:047  0:188        AddLoaderEntry for Volume Name=EFI, idx=2
52:593  0:545        OSVersion= 
52:735  0:141        IconName=unknown comma=-1 size=7
52:875  0:139        Full=unknown
53:016  0:140        Loader entry created for 'PcieRoot(0x0)\Pci(0x1C,0x3)\Pci(0x0,0x0)\NVMe(0x1,01-00-00-00-00-00-00-00)\HD(1,GPT,D3E11C9D-6CAC-4A3B-ACC6-CF574429F244,0x800,0x32000)\EFI\BOOT\BOOTX64.efi'
53:163  0:147       hiding entry: \EFI\BOOT\BOOTX64.efi
53:304  0:141        Menu entry added at index 2
53:444  0:139       hiding entry because DiskKind is DISK_KIND_INTERNAL: \EFI\BOOT\BOOTX64.efi
53:586  0:141  - [11]: '.'
53:869  0:282  Entries list before ordering
54:012  0:143      Entry 0 : Boot UEFI external from BDU (hidden)
54:156  0:143      Entry 1 : Boot Microsoft EFI Boot from EFI
54:403  0:247      Entry 2 : Boot UEFI internal from EFI (hidden)
54:545  0:141  Entries after before ordering
55:098  0:553    Entry 0 : Boot UEFI external from BDU (hidden)
55:644  0:546    Entry 1 : Boot Microsoft EFI Boot from EFI
55:790  0:145    Entry 2 : Boot UEFI internal from EFI (hidden)
55:927  0:137  Scanning legacy ...
56:067  0:139   hidden
56:210  0:142      AddLegacyEntry:
56:348  0:138        FullTitle=
56:488  0:140        LoaderTitle=
56:633  0:144        Volume->LegacyOS->Name=Windows
56:777  0:144        Entry->Title=Boot Windows from WIN7
56:917  0:139        IconName=vista,win comma=5 size=9
57:059  0:142        first=os_vista
57:199  0:140        Second=os_win
57:338  0:138        IconName=unknown comma=-1 size=7
57:481  0:142        Full=unknown
57:624  0:143   hidden
57:765  0:140      AddLegacyEntry:
57:910  0:145        FullTitle=
58:049  0:138        LoaderTitle=
58:578  0:528        Volume->LegacyOS->Name=Windows
59:106  0:528        Entry->Title=Boot Windows from EFI
59:244  0:138        IconName=vista,win comma=5 size=9
59:388  0:143        first=os_vista
59:929  0:541        Second=os_win
60:070  0:140        IconName=unknown comma=-1 size=7
60:214  0:144        Full=unknown
60:356  0:141      AddLegacyEntry:
60:499  0:143        FullTitle=
60:645  0:146        LoaderTitle=
60:785  0:140        Volume->LegacyOS->Name=Windows
60:929  0:143        Entry->Title=Boot Windows from .
61:075  0:145        IconName=vista,win comma=5 size=9
61:209  0:134        first=os_vista
61:356  0:147        Second=os_win
61:505  0:149        IconName=unknown comma=-1 size=7
61:639  0:134        Full=unknown
61:780  0:140  === [ AddCustomTool ] ===========================
61:936  0:155  EmuVariable UninstallEmulation: CloseEvent = Success, original var services restored
63:151  1:215  EmuVariable InstallEmulation: orig vars copied, emu.var.services installed, CreateEvent VirtualAddressChange = Success, CreateEvent ExitBootServices = Success, set Status=Success
64:008  0:857  === [ GetEfiBootDeviceFromNvram ] ===============
64:149  0:140   - [!] efi-boot-device-data not found
64:288  0:138  Default boot entry not found
64:430  0:142  EmuVariable UninstallEmulation: CloseEvent = Success, original var services restored
64:861  0:430  BannerPlace at Clear Screen [576,84]
65:044  0:183  AnimeRun=0
65:235  0:191  GUI ready
76:347  11:112  BootVariable of the entry is empty
77:376  1:029  === [ StartLoader ] =============================
77:519  0:143  Starting PcieRoot(0x0)\Pci(0x1C,0x3)\Pci(0x0,0x0)\NVMe(0x1,01-00-00-00-00-00-00-00)\HD(1,GPT,D3E11C9D-6CAC-4A3B-ACC6-CF574429F244,0x800,0x32000)\EFI\microsoft\Boot\bootmgfw.efi
77:665  0:145  Finally: ExternalClock=200MHz BusSpeed=199501kHz CPUFreq=2494MHz PIS: hw.busfrequency=800000000Hz
78:385  0:720  Loading bootmgfw.efi status=Success
79:320  0:934  Closing events for Windows
79:455  0:134  EmuVariable UninstallEmulation: CloseEvent = Invalid Parameter, original var services restored
80:336  0:881  OtherOS: Found Acpi 2.0 RSDP 0xDF2A2000
80:484  0:147  RSDT at 0xDF66D93A
80:627  0:143  XSDT at 0xDF66F200
80:765  0:138  FADT pointer = 0xDF66F09C
80:911  0:145  Dir '\\EFI\CLOVER\ACPI\Windows' not found. No patching will be done.
81:064  0:152  DeleteNvramVariable (efi-boot-device, 7C436110-AB2A-4BBB-A880-FE41995C9F82):
81:206  0:142  DeleteNvramVariable (efi-boot-device-data, 7C436110-AB2A-4BBB-A880-FE41995C9F82):
81:353  0:146  DeleteNvramVariable (BootCampHD, 7C436110-AB2A-4BBB-A880-FE41995C9F82):
81:495  0:142  start image 'bootmgfw.efi'
81:639  0:143  Using load options '-v '
