0:100  0:100  MemLog inited, TSC freq: 2493750603
0:100  0:000  CPU was calibrated with ACPI PM Timer
0:100  0:000  LegacyRegion2: Chipset/proc: 0x2A008086
0:100  0:000   Intel Series 4 and similar (PAM 0x90-0x96)
0:100  0:000   Test PAM1=(0x41=50, 0x5a=00, 0x81=00, 0x91=11) at chipset 2A008086
0:100  0:000  , Install = Success
0:115  0:015  BiosVideoDriverBindingStart!
0:115  0:000  BiosVideoCheckForVbe
0:115  0:000  EdidOverride not found
0:127  0:012   Edid1+
0:127  0:000   found Detail Timing 1280x800
0:127  0:000  timing string after 0xFE:X949H
0:127  0:000  timing string after 0xFE:&6@GjÆÿ
  
0:127  0:000     0 1280x800 attr=9B - ok, edid+, working, highest, pref=0
0:128  0:001     1 1024x768 attr=9B - ok, edid-, 1024x768, working
0:129  0:000     2 640x480 attr=9B - ok, edid-, 640x480, working
0:129  0:000     3 800x600 attr=9B - ok, edid-, 800x600, working
0:129  0:000  BV new mode: 0 1280x800
0:196  0:067   SetMode pref 0 (0) = Success
2:982  2:786  CloverX64 : Image base = 0xDD581000
2:982  0:000  Clover ImageHandle = de956818
2:983  0:000  === [ Starting Clover ] =========================
2:983  0:000  Now is 11.05.2023,  13:55:35 (GMT)
2:983  0:000  Starting Clover revision: 5146 (master, commit 31187f6e1) on CLOVER EFI
2:983  0:000  Build id: 20220324214945-31187f6-5146-dirty
2:983  0:000  Build with: [Args: -D NO_GRUB_DRIVERS_EMBEDDED -D LESS_DEBUG -t GCC53 | --cmd-len=50000 -D NO_GRUB_DRIVERS_EMBEDDED -D LESS_DEBUG --conf=/Users/sergey/src/CloverBootloader/Conf -D USE_LOW_EBDA -a X64 -b RELEASE -t GCC53 -n 5 | OS: 12.3]
2:983  0:000  === [ Get Smbios ] ==============================
2:983  0:000  Type 16 Index = 0
2:983  0:000  Total Memory Slots Count = 2
2:983  0:000  Type 17 Index = 0
2:983  0:000  SmbiosTable.Type17->SlotIndex = 0
2:983  0:000  SmbiosTable.Type17->ModuleSize = 2048MB
2:983  0:000  SmbiosTable.Type17->Type = 0
2:983  0:000  SmbiosTable.Type17->Frequency = 667MHz
2:983  0:000  SmbiosTable.Type17->Bank/Device =  DIMM_A
2:983  0:000  SmbiosTable.Type17->Vendor = 7F98000000000000
2:983  0:000  SmbiosTable.Type17->SerialNo = 69CC526E
2:983  0:000  SmbiosTable.Type17->PartNo = 9905295-052.A00LF
2:983  0:000  Type 17 Index = 1
2:983  0:000  SmbiosTable.Type17->SlotIndex = 1
2:983  0:000  SmbiosTable.Type17->ModuleSize = 2048MB
2:983  0:000  SmbiosTable.Type17->Type = 0
2:983  0:000  SmbiosTable.Type17->Frequency = 667MHz
2:983  0:000  SmbiosTable.Type17->Bank/Device =  DIMM_B
2:983  0:000  SmbiosTable.Type17->Vendor = 7F98000000000000
2:983  0:000  SmbiosTable.Type17->SerialNo = 69CC526E
2:983  0:000  SmbiosTable.Type17->PartNo = 9905295-052.A00LF
2:983  0:000  Boot status=0
2:983  0:000  Running on: 'Inspiron 1525' with board '0U990C'
2:983  0:000  === [ GetCPUProperties ] ========================
2:983  0:000  CPU Vendor = 756E6547 Model=10676
2:983  0:000   The CPU supported SSE4.1
2:983  0:000   The CPU not supported RDRAND
2:983  0:000  BrandString = Intel(R) Core(TM)2 Duo CPU     T9300  @ 2.50GHz
2:983  0:000  got cores from CPUID_1 = 2
2:983  0:000   The CPU supported turbo
2:983  0:000   Energy PerfBias is  not visible:
2:983  0:000  MSR dumps:
2:983  0:000  	@0x00CD=1a2
2:983  0:000  	@0x0198=6174c2206004c22
2:983  0:000  FSBFrequency = 200 MHz, DMI FSBFrequency = 200 MHz, Corrected FSBFrequency = 200 MHz
2:983  0:000  MaxDiv/MinDiv: 12.5/6
2:983  0:000  Turbo: 13/0/0/0
2:983  0:000  Features: 0x8E3BDBFEBFBFF
2:983  0:000  Threads: 2
2:983  0:000  Cores: 2
2:983  0:000  FSB: 200 MHz
2:983  0:000  CPU: 2500 MHz
2:983  0:000  TSC: 2500 MHz
2:983  0:000  PIS: 800 MHz
2:983  0:000  ExternalClock: 200 MHz
2:983  0:000  === [ GetDevices ] ==============================
2:983  0:000  Found more than one GOP protocol ??? Using the first one
2:983  0:000  GOP found at: PcieRoot(0x0)/Pci(0x2,0x0)/AcpiAdr(0x80010100)
2:983  0:000  PCI (00|00:00.00) : 8086 2A00 class=060000
2:983  0:000  PCI (00|00:02.00) : 8086 2A02 class=030000
2:983  0:000   - GFX: Model=Intel GMA X3100 (Intel)
2:983  0:000   - GOP: Provided by device
2:983  0:000  PCI (00|00:02.01) : 8086 2A03 class=038000
2:983  0:000   - GFX: Model=Intel GMA X3100 (Intel)
2:983  0:000  PCI (00|00:1A.00) : 8086 2834 class=0C0300
2:983  0:000  PCI (00|00:1A.01) : 8086 2835 class=0C0300
2:983  0:000  PCI (00|00:1A.07) : 8086 283A class=0C0320
2:983  0:000  PCI (00|00:1B.00) : 8086 284B class=040300
2:983  0:000  PCI (00|00:1C.00) : 8086 283F class=060400
2:983  0:000  PCI (00|09:00.00) : 11AB 4354 class=020000
2:983  0:000   - LAN: 1 Vendor=Marvell
2:983  0:000  Legacy MAC address of LAN #0= 00:21:9B:D7:9D:C2:
2:983  0:000  PCI (00|00:1C.01) : 8086 2841 class=060400
2:983  0:000  PCI (00|0B:00.00) : 14E4 4315 class=028000
2:983  0:000   - WIFI: Vendor= Broadcom
2:983  0:000  PCI (00|00:1C.03) : 8086 2845 class=060400
2:983  0:000  PCI (00|0C:00.00) : 1E4B 1202 class=010802
2:983  0:000  PCI (00|00:1C.04) : 8086 2847 class=060400
2:983  0:000  PCI (00|0D:00.00) : 1912 0015 class=0C0330
2:983  0:000  PCI (00|00:1D.00) : 8086 2830 class=0C0300
2:983  0:000  PCI (00|00:1D.01) : 8086 2831 class=0C0300
2:983  0:000  PCI (00|00:1D.02) : 8086 2832 class=0C0300
2:983  0:000  PCI (00|00:1D.07) : 8086 2836 class=0C0320
2:983  0:000  PCI (00|00:1E.00) : 8086 2448 class=060401
2:983  0:000  PCI (00|02:09.00) : 1180 0832 class=0C0010
2:983  0:000  PCI (00|02:09.01) : 1180 0822 class=080501
2:983  0:000  PCI (00|02:09.02) : 1180 0843 class=088000
2:983  0:000  PCI (00|02:09.03) : 1180 0592 class=088000
2:983  0:000  PCI (00|02:09.04) : 1180 0852 class=088000
2:984  0:000  PCI (00|00:1F.00) : 8086 2815 class=060100
2:984  0:000  PCI (00|00:1F.01) : 8086 2850 class=01018A
2:984  0:000  PCI (00|00:1F.02) : 8086 2829 class=010601
2:984  0:000  PCI (00|00:1F.03) : 8086 283E class=0C0500
2:998  0:014  _checkOEMPath Look for oem dir at path '\EFI\CLOVER\OEM\Inspiron 1525--00-21-9B-D7-9D-C2'. Dir doesn't exist.
2:998  0:000  _checkOEMPath Look for oem dir at path '\EFI\CLOVER\OEM\Inspiron 1525'. Dir doesn't exist.
2:998  0:000  _checkOEMPath Look for oem dir at path '\EFI\CLOVER\OEM\Inspiron 1525-2500'. Dir doesn't exist.
2:998  0:000  _checkOEMPath Look for oem dir at path '\EFI\CLOVER\OEM\0U990C'. Dir doesn't exist.
2:998  0:000  _checkOEMPath Look for oem dir at path '\EFI\CLOVER\OEM\0U990C-2500'. Dir doesn't exist.
2:998  0:000  === [ GetUserSettings ] =========================
2:998  0:000  GetDefaultModel()=MacBook4,1
2:998  0:000  Using config.plist at path: \EFI\CLOVER
2:999  0:001  Cannot find smbios.plist at path '\EFI\CLOVER' : Not Found
2:999  0:000  '\EFI\CLOVER\smbios.plist' not loaded. Efi error Not Found
2:999  0:000  BiosVersion: MB41.88Z.00C1.B00.0802091535
4:182  1:183  BiosReleaseDate: 02/09/08
4:316  0:133  EfiVersion: 
4:445  0:128  Calibrated TSC Frequency = 2493750603 = 2493MHz
4:993  0:547  GOP found at: PcieRoot(0x0)/Pci(0x2,0x0)/AcpiAdr(0x80010100)
5:564  0:571  === [ GetListOfThemes ] =========================
5:708  0:143  === [ Found config plists ] =====================
5:833  0:124  - config.plist
5:957  0:124  === [ LoadDrivers ] =============================
6:102  0:144  Loading ApfsDriverLoader.efi status=Success
6:908  0:805   - driver needs connecting
7:036  0:128  Loading AudioDxe.efi status=Success
7:430  0:393   - driver needs connecting
7:555  0:125  Loading FSInject.efi status=Success
7:934  0:378  Loading Ps2MouseDxe.efi status=Success
8:713  0:778   - driver needs connecting
9:238  0:525  Loading SMCHelper.efi status=Success
9:624  0:385  Loading UsbMouseDxe.efi status=Success
10:003  0:379   - driver needs connecting
10:133  0:129  Loading XhciDxe.efi status=Success
10:527  0:394   - driver needs connecting
10:656  0:128  Loading NTFS.efi status=Success
11:079  0:423   - driver needs connecting
11:201  0:121  Loading NvmExpressDxe.efi status=Success
11:995  0:793   - driver needs connecting
12:524  0:529  Loading Fat.efi status=Success
12:905  0:380   - driver needs connecting
13:034  0:129  Loading EmuVariableUefi.efi status=Success
13:834  0:799  EmuVariableUefi Initialize: VariableCommonInitialize = Success, orig services stored, install gEmuVariableControlProtocolGuid = Success
14:394  0:560  8 drivers needs connecting ...
14:519  0:125  PlatformDriverOverrideProtocol->GetDriver overriden
14:644  0:125  APFS driver loaded
20:757  6:112  EmuVariable InstallEmulation: orig vars copied, emu.var.services installed, CreateEvent VirtualAddressChange = Success, CreateEvent ExitBootServices = Success, set Status=Success
23:325  2:567  === [ InitScreen ] ==============================
23:464  0:138  Console modes reported: 4, available modes:
23:604  0:140   - [01]: 80x25
23:743  0:138   - [03]: 100x31
23:885  0:141   - [04]: 160x42 (current mode)
24:458  0:572  SetScreenResolution: 1280x1024 - not found!
24:739  0:281  SetScreenResolution: 1280x800 - already set
25:026  0:287  Using embedded font
25:169  0:143  === [ ScanSPD ] =================================
25:319  0:149  Scanning SMBus [8086:283E], mmio: 0xFE9FB700, ioport: 0x10C0, hostc: 0x1
25:474  0:155  Slot: 0 Type 19 2048MB 667MHz Vendor=Kingston PartNo=9905295-052.A00LF SerialNo=69CC526E
25:636  0:161  Slot: 2 Type 19 2048MB 667MHz Vendor=Kingston PartNo=9905295-052.A00LF SerialNo=69CC526E
25:784  0:148  === [ GetAcpiTablesList ] =======================
25:933  0:148  Get Acpi Tables List from RSDT:
26:225  0:291   - [00]: FACP  M08     len=116
26:759  0:534   - [01]: HPET  M08     len=56
27:298  0:539   - [02]: APIC  M08     len=104
27:445  0:146   - [03]: MCFG  M08     len=62
27:594  0:148   - [04]: SLIC  M08     len=374
27:733  0:139   - [05]: OSFR  M08     len=44
27:880  0:146   - [06]: BOOT  M08     len=40
28:018  0:138   - [07]: SSDT  CpuPm len=1228
28:158  0:140   - [00]: Drop table : DMAR,                0 :  no
28:437  0:278   - [01]: Drop table : SSDT,       6d50757043 :  yes
28:718  0:281   - [02]: Drop table : SSDT,   74734930757043 :  no
29:005  0:286   - [03]: Drop table : BGRT,                0 :  no
29:286  0:280  Custom boot CUSTOM_BOOT_USER_DISABLED (0x0)
29:423  0:137  Default theme: embedded
29:576  0:152  === [ Found DSDT tables ] =======================
29:717  0:140  === [ InitKextList ] ============================
30:269  0:552  === [ ScanVolumes ] =============================
30:826  0:557  Found 10 volumes with blockIO
30:964  0:138  - [00]: Volume: PcieRoot(0x0)\Pci(0x1D,0x7)\USB(0x1,0x0)
31:257  0:292          Result of bootcode detection: bootable unknown (legacy)
31:396  0:138  - [01]: Volume: PcieRoot(0x0)\Pci(0x1D,0x7)\USB(0x1,0x0)\HD(1,MBR,0x00058E69,0x3F,0x3BB7C1)
32:093  0:696          Result of bootcode detection: bootable unknown (legacy)
32:239  0:146            label : BDU
32:385  0:145          This is SelfVolume !!
32:524  0:139  - [02]: Volume: PcieRoot(0x0)\Pci(0x1F,0x1)\Ata(0x0)
32:812  0:287  - [03]: Volume: PcieRoot(0x0)\Pci(0x1F,0x2)\Sata(0x0,0x0,0x0)
33:452  0:639          Result of bootcode detection: bootable unknown (legacy)
34:115  0:663  - [04]: Volume: PcieRoot(0x0)\Pci(0x1F,0x2)\Sata(0x0,0x0,0x0)\HD(1,MBR,0xF0000000,0x3F,0x65F5B)
34:403  0:287          Result of bootcode detection: bootable unknown (legacy)
34:547  0:143            label : Unknown HD1
35:088  0:541  - [05]: Volume: PcieRoot(0x0)\Pci(0x1F,0x2)\Sata(0x0,0x0,0x0)\HD(2,MBR,0xF0000000,0x66000,0x32000)
35:790  0:702          Result of bootcode detection: bootable Windows (vista,win)
35:936  0:146            label : System Reservation
36:086  0:149          hiding this volume
36:225  0:139  - [06]: Volume: PcieRoot(0x0)\Pci(0x1F,0x2)\Sata(0x0,0x0,0x0)\HD(3,MBR,0xF0000000,0x98000,0xDC35800)
36:973  0:748          Result of bootcode detection: bootable Windows (vista,win)
37:179  0:205            label : WIN7
37:325  0:145  - [07]: Volume: PcieRoot(0x0)\Pci(0x1F,0x2)\Sata(0x0,0x0,0x0)\HD(4,MBR,0xF0000000,0xDCCD94C,0xF4F6C35)
37:610  0:285          Result of bootcode detection: bootable Windows (win)
37:770  0:159            label : MIX
37:914  0:144          hiding this volume
38:059  0:144  - [08]: Volume: PcieRoot(0x0)\Pci(0x1C,0x3)\Pci(0x0,0x0)\NVMe(0x1,01-00-00-00-00-00-00-00)
38:702  0:643  - [09]: Volume: PcieRoot(0x0)\Pci(0x1C,0x3)\Pci(0x0,0x0)\NVMe(0x1,01-00-00-00-00-00-00-00)\HD(1,MBR,0xDD1EA487,0x800,0x1DCF2000)
38:997  0:294          Result of bootcode detection: bootable Windows (vista,win)
39:537  0:539            label : SSD
40:068  0:531  Searching volumes for latest nvram.plist ...
40:353  0:284  LoadLatestNvramPlist loaded Status=Not Found
40:495  0:141  PutNvramPlistToRtVars: no nvram.plist
40:639  0:144  found 3 handles with audio
40:777  0:137  No AudioIoDevice stored
40:913  0:136  no stored audio parameters
41:059  0:145  Found Audio Device Silicon Image (Unknown) (HDMI) at index 0
41:205  0:146  Found Audio Device Sigmatel STAC9228X (Headphones) at index 1
41:344  0:138  Found Audio Device Sigmatel STAC9228X (Speaker) at index 2
41:488  0:144  Found Audio Device Sigmatel STAC9228X (LineOut) at index 3
41:626  0:138  Found Audio Device Sigmatel STAC9228X (Other) at index 4
41:765  0:138  === [ InitXTheme ] ==============================
41:909  0:144  use Daylight theme
42:053  0:143   using embedded theme
42:217  0:164  sound play end with status=Device Error
42:365  0:148  Using embedded font
42:506  0:141  theme inited
43:044  0:537  Chosen embedded theme
43:589  0:545  after NVRAM boot-args=
43:728  0:139  === [ Dump SMC keys from NVRAM ] ================
43:875  0:146  found AppleSMC protocol
44:015  0:140  Registered 0 SMC keys
44:154  0:138  === [ ScanLoader ] ==============================
44:694  0:540  - [01]: 'BDU'
44:969  0:274        AddLoaderEntry for Volume Name=BDU, idx=0
45:114  0:145        OSVersion= 
45:248  0:134        IconName=unknown comma=-1 size=7
45:389  0:141        Full=unknown
45:534  0:144        Loader entry created for 'PcieRoot(0x0)\Pci(0x1D,0x7)\USB(0x1,0x0)\HD(1,MBR,0x00058E69,0x3F,0x3BB7C1)\EFI\BOOT\BOOTX64.efi'
45:669  0:134       hiding entry: \EFI\BOOT\BOOTX64.efi
45:815  0:146        Menu entry added at index 0
45:964  0:148       hiding entry because DiskKind is DISK_KIND_EXTERNAL: \EFI\BOOT\BOOTX64.efi
46:103  0:139  - [04]: 'Unknown HD1'
46:392  0:289  - [05]: 'System Reservation'
47:499  1:106  - [06]: 'WIN7'
47:780  0:281  - [07]: 'MIX'
48:066  0:286  - [09]: 'SSD'
48:357  0:291  Entries list before ordering
48:500  0:142      Entry 0 : Boot UEFI external from BDU (hidden)
48:639  0:138  Entries after before ordering
48:778  0:139    Entry 0 : Boot UEFI external from BDU (hidden)
48:919  0:140  Scanning legacy ...
49:058  0:139   hidden
49:196  0:137      AddLegacyEntry:
49:339  0:143        FullTitle=
49:485  0:146        LoaderTitle=
49:626  0:140        Volume->LegacyOS->Name=Windows
49:770  0:143        Entry->Title=Boot Windows from WIN7
49:912  0:142        IconName=vista,win comma=5 size=9
50:458  0:545        first=os_vista
50:995  0:537        Second=os_win
51:134  0:138        IconName=unknown comma=-1 size=7
51:274  0:140        Full=unknown
51:414  0:139   hidden
51:554  0:140      AddLegacyEntry:
52:106  0:551        FullTitle=
52:248  0:142        LoaderTitle=
52:390  0:142        Volume->LegacyOS->Name=Windows
52:534  0:144        Entry->Title=Boot Windows from SSD
52:668  0:134        IconName=vista,win comma=5 size=9
52:808  0:140        first=os_vista
52:956  0:147        Second=os_win
53:089  0:133        IconName=unknown comma=-1 size=7
53:230  0:141        Full=unknown
53:375  0:144  === [ AddCustomTool ] ===========================
53:510  0:134  EmuVariable InstallEmulation: EFI_ALREADY_STARTED
53:795  0:285  === [ GetEfiBootDeviceFromNvram ] ===============
54:336  0:540   - [!] efi-boot-device-data not found
54:877  0:541  Default boot entry not found
55:023  0:145  EmuVariable UninstallEmulation: CloseEvent = Success, original var services restored
55:450  0:427  BannerPlace at Clear Screen [576,84]
55:640  0:190  AnimeRun=0
55:830  0:189  GUI ready
650:696  594:866  ConnectAll after refresh menu
652:002  1:306  ReinitRefitLib after theme change
652:865  0:862  === [ ScanVolumes ] =============================
653:013  0:148  Found 13 volumes with blockIO
653:214  0:200  - [00]: Volume: PcieRoot(0x0)\Pci(0x1D,0x7)\USB(0x1,0x0)
654:384  1:170          Result of bootcode detection: bootable unknown (legacy)
654:524  0:139  - [01]: Volume: PcieRoot(0x0)\Pci(0x1D,0x7)\USB(0x1,0x0)\HD(1,MBR,0x00058E69,0x3F,0x3BB7C1)
654:826  0:302          Result of bootcode detection: bootable unknown (legacy)
654:969  0:142            label : BDU
655:542  0:572          This is SelfVolume !!
655:682  0:139  - [02]: Volume: PcieRoot(0x0)\Pci(0x1F,0x1)\Ata(0x0)
655:969  0:287  - [03]: Volume: PcieRoot(0x0)\Pci(0x1F,0x2)\Sata(0x0,0x0,0x0)
656:253  0:284          Result of bootcode detection: bootable unknown (legacy)
656:393  0:139  - [04]: Volume: PcieRoot(0x0)\Pci(0x1F,0x2)\Sata(0x0,0x0,0x0)\HD(1,MBR,0xF0000000,0x3F,0x65F5B)
656:683  0:290          Result of bootcode detection: bootable unknown (legacy)
656:824  0:140            label : Unknown HD1
656:965  0:140  - [05]: Volume: PcieRoot(0x0)\Pci(0x1F,0x2)\Sata(0x0,0x0,0x0)\HD(2,MBR,0xF0000000,0x66000,0x32000)
657:262  0:297          Result of bootcode detection: bootable Windows (vista,win)
657:405  0:142            label : System Reservation
658:347  0:942          hiding this volume
658:494  0:147  - [06]: Volume: PcieRoot(0x0)\Pci(0x1F,0x2)\Sata(0x0,0x0,0x0)\HD(3,MBR,0xF0000000,0x98000,0xDC35800)
658:775  0:281          Result of bootcode detection: bootable Windows (vista,win)
658:925  0:150            label : WIN7
659:063  0:137  - [07]: Volume: PcieRoot(0x0)\Pci(0x1F,0x2)\Sata(0x0,0x0,0x0)\HD(4,MBR,0xF0000000,0xDCCD94C,0xF4F6C35)
659:349  0:286          Result of bootcode detection: bootable Windows (win)
659:483  0:134            label : MIX
659:624  0:141          hiding this volume
659:767  0:142  - [08]: Volume: PcieRoot(0x0)\Pci(0x1C,0x3)\Pci(0x0,0x0)\NVMe(0x1,01-00-00-00-00-00-00-00)
660:052  0:284  - [09]: Volume: PcieRoot(0x0)\Pci(0x1C,0x3)\Pci(0x0,0x0)\NVMe(0x1,01-00-00-00-00-00-00-00)\HD(1,MBR,0xDD1EA487,0x800,0x1DCF2000)
660:344  0:292          Result of bootcode detection: bootable Windows (vista,win)
660:494  0:149            label : SSD
660:634  0:140  - [10]: Volume: PcieRoot(0x0)\Pci(0x1D,0x7)\USB(0x2,0x0)
660:929  0:295          Result of bootcode detection: bootable unknown (legacy)
661:876  0:947  - [11]: Volume: PcieRoot(0x0)\Pci(0x1D,0x7)\USB(0x2,0x0)\HD(1,GPT,83538FDA-D87E-4C7F-944B-ED7840263926,0x800,0x1CE0498)
662:173  0:296          Result of bootcode detection: bootable Windows (vista,win)
662:336  0:163            label : CCCOMA_X64FRE_RU-RU_DV9
662:485  0:148  - [12]: Volume: PcieRoot(0x0)\Pci(0x1D,0x7)\USB(0x2,0x0)\HD(2,GPT,ADA99269-7BFF-4074-871A-1D7159C26875,0x1CE0C98,0x800)
663:187  0:702          Result of bootcode detection: bootable unknown (legacy)
663:359  0:171            label : UEFI_NTFS
663:498  0:139  Searching volumes for latest nvram.plist ...
663:783  0:284  LoadLatestNvramPlist loaded Status=Not Found
663:922  0:139  PutNvramPlistToRtVars: no nvram.plist
664:064  0:141  found 3 handles with audio
664:205  0:140  No AudioIoDevice stored
664:350  0:144  no stored audio parameters
664:494  0:144  Found Audio Device Silicon Image (Unknown) (HDMI) at index 0
664:643  0:148  Found Audio Device Sigmatel STAC9228X (Headphones) at index 1
664:782  0:139  Found Audio Device Sigmatel STAC9228X (Speaker) at index 2
664:922  0:140  Found Audio Device Sigmatel STAC9228X (LineOut) at index 3
665:873  0:950  Found Audio Device Sigmatel STAC9228X (Other) at index 4
666:013  0:140  theme inited
666:149  0:135  Chosen embedded theme
666:292  0:143  after NVRAM boot-args=
666:435  0:143  === [ ScanLoader ] ==============================
666:575  0:139  - [01]: 'BDU'
666:866  0:290        AddLoaderEntry for Volume Name=BDU, idx=0
667:009  0:143        OSVersion= 
667:152  0:143        IconName=unknown comma=-1 size=7
667:298  0:145        Full=unknown
667:434  0:136        Loader entry created for 'PcieRoot(0x0)\Pci(0x1D,0x7)\USB(0x1,0x0)\HD(1,MBR,0x00058E69,0x3F,0x3BB7C1)\EFI\BOOT\BOOTX64.efi'
667:583  0:148       hiding entry: \EFI\BOOT\BOOTX64.efi
667:794  0:211        Menu entry added at index 0
667:929  0:135       hiding entry because DiskKind is DISK_KIND_EXTERNAL: \EFI\BOOT\BOOTX64.efi
668:074  0:144  - [04]: 'Unknown HD1'
668:349  0:275  - [05]: 'System Reservation'
669:428  1:078  - [06]: 'WIN7'
669:714  0:286  - [07]: 'MIX'
670:003  0:289  - [09]: 'SSD'
670:693  0:689  - [11]: 'CCCOMA_X64FRE_RU-RU_DV9'
671:276  0:583        AddLoaderEntry for Volume Name=CCCOMA_X64FRE_RU-RU_DV9, idx=1
671:763  0:486        OSVersion= 
671:915  0:152        IconName=vista,win comma=5 size=9
672:060  0:144        first=os_vista
672:204  0:144        Second=os_win
672:354  0:150        IconName=unknown comma=-1 size=7
672:498  0:144        Full=unknown
672:637  0:138        Loader entry created for 'PcieRoot(0x0)\Pci(0x1D,0x7)\USB(0x2,0x0)\HD(1,GPT,83538FDA-D87E-4C7F-944B-ED7840263926,0x800,0x1CE0498)\EFI\MICROSOFT\BOOT\cdboot.efi'
672:785  0:147        Menu entry added at index 1
673:188  0:403        AddLoaderEntry for Volume Name=CCCOMA_X64FRE_RU-RU_DV9, idx=2
673:974  0:786        OSVersion= 
674:919  0:944        IconName=unknown comma=-1 size=7
675:064  0:144        Full=unknown
675:198  0:134        Loader entry created for 'PcieRoot(0x0)\Pci(0x1D,0x7)\USB(0x2,0x0)\HD(1,GPT,83538FDA-D87E-4C7F-944B-ED7840263926,0x800,0x1CE0498)\EFI\BOOT\BOOTX64.efi'
675:344  0:145       hiding entry: \EFI\BOOT\BOOTX64.efi
675:486  0:142        Menu entry added at index 2
675:624  0:137       hiding entry because DiskKind is DISK_KIND_EXTERNAL: \EFI\BOOT\BOOTX64.efi
675:765  0:141  - [12]: 'UEFI_NTFS'
676:067  0:302        AddLoaderEntry for Volume Name=UEFI_NTFS, idx=3
676:645  0:577        OSVersion= 
676:784  0:138        IconName=unknown comma=-1 size=7
676:922  0:138        Full=unknown
677:065  0:142        Loader entry created for 'PcieRoot(0x0)\Pci(0x1D,0x7)\USB(0x2,0x0)\HD(2,GPT,ADA99269-7BFF-4074-871A-1D7159C26875,0x1CE0C98,0x800)\EFI\BOOT\BOOTX64.efi'
677:204  0:139       hiding entry: \EFI\BOOT\BOOTX64.efi
677:345  0:140        Menu entry added at index 3
677:485  0:140       hiding entry because DiskKind is DISK_KIND_EXTERNAL: \EFI\BOOT\BOOTX64.efi
677:627  0:142  Entries list before ordering
677:763  0:135      Entry 0 : Boot UEFI external from BDU (hidden)
677:913  0:150      Entry 1 : Boot Microsoft EFI cdboot from CCCOMA_X64FRE_RU-RU_DV9
678:856  0:942      Entry 2 : Boot UEFI external from CCCOMA_X64FRE_RU-RU_DV9 (hidden)
679:005  0:149      Entry 3 : Boot UEFI external from UEFI_NTFS (hidden)
679:148  0:142  Entries after before ordering
679:286  0:138    Entry 0 : Boot UEFI external from BDU (hidden)
679:433  0:146    Entry 1 : Boot Microsoft EFI cdboot from CCCOMA_X64FRE_RU-RU_DV9
679:570  0:136    Entry 2 : Boot UEFI external from CCCOMA_X64FRE_RU-RU_DV9 (hidden)
679:713  0:143    Entry 3 : Boot UEFI external from UEFI_NTFS (hidden)
679:856  0:142  Scanning legacy ...
680:000  0:143   hidden
680:143  0:142      AddLegacyEntry:
680:285  0:142        FullTitle=
680:430  0:144        LoaderTitle=
680:575  0:145        Volume->LegacyOS->Name=Windows
680:716  0:140        Entry->Title=Boot Windows from WIN7
680:857  0:141        IconName=vista,win comma=5 size=9
680:994  0:136        first=os_vista
681:136  0:142        Second=os_win
681:277  0:141        IconName=unknown comma=-1 size=7
681:416  0:138        Full=unknown
682:358  0:942   hidden
682:504  0:145      AddLegacyEntry:
682:640  0:135        FullTitle=
682:783  0:143        LoaderTitle=
682:932  0:148        Volume->LegacyOS->Name=Windows
683:074  0:141        Entry->Title=Boot Windows from SSD
683:217  0:142        IconName=vista,win comma=5 size=9
683:363  0:145        first=os_vista
683:495  0:132        Second=os_win
684:036  0:540        IconName=unknown comma=-1 size=7
684:179  0:143        Full=unknown
684:322  0:143      AddLegacyEntry:
684:466  0:143        FullTitle=
684:607  0:141        LoaderTitle=
684:748  0:140        Volume->LegacyOS->Name=Windows
684:892  0:144        Entry->Title=Boot Windows from CCCOMA_X64FRE_RU-RU_DV9
685:379  0:486        IconName=vista,win comma=5 size=9
685:520  0:141        first=os_vista
685:665  0:145        Second=os_win
686:589  0:923        IconName=unknown comma=-1 size=7
686:734  0:144        Full=unknown
686:872  0:138  === [ AddCustomTool ] ===========================
687:014  0:141  EmuVariable InstallEmulation: orig vars copied, emu.var.services installed, CreateEvent VirtualAddressChange = Success, CreateEvent ExitBootServices = Success, set Status=Success
687:875  0:860  === [ GetEfiBootDeviceFromNvram ] ===============
688:024  0:149   - [!] efi-boot-device-data not found
688:162  0:137  Default boot entry not found
688:303  0:141  EmuVariable UninstallEmulation: CloseEvent = Success, original var services restored
688:734  0:431  AnimeRun=0
747:461  58:726  BootVariable of the entry is empty
748:496  1:035  === [ StartLoader ] =============================
748:646  0:149  Starting PcieRoot(0x0)\Pci(0x1D,0x7)\USB(0x2,0x0)\HD(1,GPT,83538FDA-D87E-4C7F-944B-ED7840263926,0x800,0x1CE0498)\EFI\MICROSOFT\BOOT\cdboot.efi
748:790  0:144  Finally: ExternalClock=200MHz BusSpeed=199501kHz CPUFreq=2494MHz PIS: hw.busfrequency=800000000Hz
749:516  0:725  Loading cdboot.efi status=Success
750:591  1:075  Closing events for Windows
750:735  0:143  EmuVariable UninstallEmulation: CloseEvent = Invalid Parameter, original var services restored
751:597  0:861  OtherOS: Found Acpi 2.0 RSDP 0xDF2A2000
751:744  0:147  RSDT at 0xDF66D93A
751:886  0:141  XSDT at 0xDF66F200
752:026  0:140  FADT pointer = 0xDF66F09C
752:170  0:143  Dir '\\EFI\CLOVER\ACPI\Windows' not found. No patching will be done.
752:315  0:145  DeleteNvramVariable (efi-boot-device, 7C436110-AB2A-4BBB-A880-FE41995C9F82):
752:457  0:141  DeleteNvramVariable (efi-boot-device-data, 7C436110-AB2A-4BBB-A880-FE41995C9F82):
752:611  0:154  DeleteNvramVariable (BootCampHD, 7C436110-AB2A-4BBB-A880-FE41995C9F82):
752:756  0:144  start image 'cdboot.efi'
752:894  0:138  Using load options '-v '
755:774  2:880  Fatal Error: No mapping returned from cdboot.efi
756:777  1:002  Custom boot screen is not locked
756:926  0:148  Failed to unlock custom boot screen: Not Ready!
787:127  30:200  EmuVariable UninstallEmulation: CloseEvent = Invalid Parameter, original var services restored
788:431  1:304  UninitializeConsoleSim : Status Invalid Parameter
