0:100  0:100  MemLog inited, TSC freq: 2493749636
0:100  0:000  CPU was calibrated with ACPI PM Timer
0:100  0:000  LegacyRegion2: Chipset/proc: 0x2A008086
0:100  0:000   Intel Series 4 and similar (PAM 0x90-0x96)
0:100  0:000   Test PAM1=(0x41=50, 0x5a=00, 0x81=00, 0x91=11) at chipset 2A008086
0:100  0:000  , Install = Success
0:115  0:015  BiosVideoDriverBindingStart!
0:115  0:000  BiosVideoCheckForVbe
0:115  0:000  EdidOverride not found
0:127  0:012   Edid1+
0:127  0:000   found Detail Timing 1280x800
0:127  0:000  timing string after 0xFE:X949H
0:127  0:000  timing string after 0xFE:&6@GjÆÿ
  
0:128  0:000     0 1280x800 attr=9B - ok, edid+, working, highest, pref=0
0:129  0:001     1 1024x768 attr=9B - ok, edid-, 1024x768, working
0:129  0:000     2 640x480 attr=9B - ok, edid-, 640x480, working
0:129  0:000     3 800x600 attr=9B - ok, edid-, 800x600, working
0:129  0:000  BV new mode: 0 1280x800
0:200  0:071   SetMode pref 0 (0) = Success
3:002  2:801  CloverX64 : Image base = 0xDD581000
3:002  0:000  Clover ImageHandle = de8da698
3:002  0:000  === [ Starting Clover ] =========================
3:002  0:000  Now is 11.05.2023,  14:09:04 (GMT)
3:002  0:000  Starting Clover revision: 5146 (master, commit 31187f6e1) on CLOVER EFI
3:002  0:000  Build id: 20220324214945-31187f6-5146-dirty
3:002  0:000  Build with: [Args: -D NO_GRUB_DRIVERS_EMBEDDED -D LESS_DEBUG -t GCC53 | --cmd-len=50000 -D NO_GRUB_DRIVERS_EMBEDDED -D LESS_DEBUG --conf=/Users/sergey/src/CloverBootloader/Conf -D USE_LOW_EBDA -a X64 -b RELEASE -t GCC53 -n 5 | OS: 12.3]
3:002  0:000  === [ Get Smbios ] ==============================
3:003  0:000  Type 16 Index = 0
3:003  0:000  Total Memory Slots Count = 2
3:003  0:000  Type 17 Index = 0
3:003  0:000  SmbiosTable.Type17->SlotIndex = 0
3:003  0:000  SmbiosTable.Type17->ModuleSize = 2048MB
3:003  0:000  SmbiosTable.Type17->Type = 0
3:003  0:000  SmbiosTable.Type17->Frequency = 667MHz
3:003  0:000  SmbiosTable.Type17->Bank/Device =  DIMM_A
3:003  0:000  SmbiosTable.Type17->Vendor = 7F98000000000000
3:003  0:000  SmbiosTable.Type17->SerialNo = 69CC526E
3:003  0:000  SmbiosTable.Type17->PartNo = 9905295-052.A00LF
3:003  0:000  Type 17 Index = 1
3:003  0:000  SmbiosTable.Type17->SlotIndex = 1
3:003  0:000  SmbiosTable.Type17->ModuleSize = 2048MB
3:003  0:000  SmbiosTable.Type17->Type = 0
3:003  0:000  SmbiosTable.Type17->Frequency = 667MHz
3:003  0:000  SmbiosTable.Type17->Bank/Device =  DIMM_B
3:003  0:000  SmbiosTable.Type17->Vendor = 7F98000000000000
3:003  0:000  SmbiosTable.Type17->SerialNo = 69CC526E
3:003  0:000  SmbiosTable.Type17->PartNo = 9905295-052.A00LF
3:003  0:000  Boot status=0
3:003  0:000  Running on: 'Inspiron 1525' with board '0U990C'
3:003  0:000  === [ GetCPUProperties ] ========================
3:003  0:000  CPU Vendor = 756E6547 Model=10676
3:003  0:000   The CPU supported SSE4.1
3:003  0:000   The CPU not supported RDRAND
3:003  0:000  BrandString = Intel(R) Core(TM)2 Duo CPU     T9300  @ 2.50GHz
3:003  0:000  got cores from CPUID_1 = 2
3:003  0:000   The CPU supported turbo
3:003  0:000   Energy PerfBias is  not visible:
3:003  0:000  MSR dumps:
3:003  0:000  	@0x00CD=1a2
3:003  0:000  	@0x0198=6174c2206004c22
3:003  0:000  FSBFrequency = 200 MHz, DMI FSBFrequency = 200 MHz, Corrected FSBFrequency = 200 MHz
3:003  0:000  MaxDiv/MinDiv: 12.5/6
3:003  0:000  Turbo: 13/0/0/0
3:003  0:000  Features: 0x8E3BDBFEBFBFF
3:003  0:000  Threads: 2
3:003  0:000  Cores: 2
3:003  0:000  FSB: 200 MHz
3:003  0:000  CPU: 2500 MHz
3:003  0:000  TSC: 2500 MHz
3:003  0:000  PIS: 800 MHz
3:003  0:000  ExternalClock: 200 MHz
3:003  0:000  === [ GetDevices ] ==============================
3:003  0:000  Found more than one GOP protocol ??? Using the first one
3:003  0:000  GOP found at: PcieRoot(0x0)/Pci(0x2,0x0)/AcpiAdr(0x80010100)
3:003  0:000  PCI (00|00:00.00) : 8086 2A00 class=060000
3:003  0:000  PCI (00|00:02.00) : 8086 2A02 class=030000
3:003  0:000   - GFX: Model=Intel GMA X3100 (Intel)
3:003  0:000   - GOP: Provided by device
3:003  0:000  PCI (00|00:02.01) : 8086 2A03 class=038000
3:003  0:000   - GFX: Model=Intel GMA X3100 (Intel)
3:003  0:000  PCI (00|00:1A.00) : 8086 2834 class=0C0300
3:003  0:000  PCI (00|00:1A.01) : 8086 2835 class=0C0300
3:003  0:000  PCI (00|00:1A.07) : 8086 283A class=0C0320
3:003  0:000  PCI (00|00:1B.00) : 8086 284B class=040300
3:003  0:000  PCI (00|00:1C.00) : 8086 283F class=060400
3:003  0:000  PCI (00|09:00.00) : 11AB 4354 class=020000
3:003  0:000   - LAN: 1 Vendor=Marvell
3:003  0:000  Legacy MAC address of LAN #0= 00:21:9B:D7:9D:C2:
3:003  0:000  PCI (00|00:1C.01) : 8086 2841 class=060400
3:003  0:000  PCI (00|0B:00.00) : 14E4 4315 class=028000
3:003  0:000   - WIFI: Vendor= Broadcom
3:003  0:000  PCI (00|00:1C.03) : 8086 2845 class=060400
3:003  0:000  PCI (00|0C:00.00) : 1E4B 1202 class=010802
3:003  0:000  PCI (00|00:1C.04) : 8086 2847 class=060400
3:003  0:000  PCI (00|0D:00.00) : 1912 0015 class=0C0330
3:003  0:000  PCI (00|00:1D.00) : 8086 2830 class=0C0300
3:003  0:000  PCI (00|00:1D.01) : 8086 2831 class=0C0300
3:003  0:000  PCI (00|00:1D.02) : 8086 2832 class=0C0300
3:003  0:000  PCI (00|00:1D.07) : 8086 2836 class=0C0320
3:003  0:000  PCI (00|00:1E.00) : 8086 2448 class=060401
3:003  0:000  PCI (00|02:09.00) : 1180 0832 class=0C0010
3:003  0:000  PCI (00|02:09.01) : 1180 0822 class=080501
3:003  0:000  PCI (00|02:09.02) : 1180 0843 class=088000
3:003  0:000  PCI (00|02:09.03) : 1180 0592 class=088000
3:003  0:000  PCI (00|02:09.04) : 1180 0852 class=088000
3:003  0:000  PCI (00|00:1F.00) : 8086 2815 class=060100
3:003  0:000  PCI (00|00:1F.01) : 8086 2850 class=01018A
3:003  0:000  PCI (00|00:1F.02) : 8086 2829 class=010601
3:003  0:000  PCI (00|00:1F.03) : 8086 283E class=0C0500
3:018  0:014  _checkOEMPath Look for oem dir at path '\EFI\CLOVER\OEM\Inspiron 1525--00-21-9B-D7-9D-C2'. Dir doesn't exist.
3:018  0:000  _checkOEMPath Look for oem dir at path '\EFI\CLOVER\OEM\Inspiron 1525'. Dir doesn't exist.
3:018  0:000  _checkOEMPath Look for oem dir at path '\EFI\CLOVER\OEM\Inspiron 1525-2500'. Dir doesn't exist.
3:018  0:000  _checkOEMPath Look for oem dir at path '\EFI\CLOVER\OEM\0U990C'. Dir doesn't exist.
3:018  0:000  _checkOEMPath Look for oem dir at path '\EFI\CLOVER\OEM\0U990C-2500'. Dir doesn't exist.
3:018  0:000  === [ GetUserSettings ] =========================
3:018  0:000  GetDefaultModel()=MacBook4,1
3:018  0:000  Using config.plist at path: \EFI\CLOVER
3:019  0:001  Cannot find smbios.plist at path '\EFI\CLOVER' : Not Found
3:019  0:000  '\EFI\CLOVER\smbios.plist' not loaded. Efi error Not Found
3:019  0:000  BiosVersion: MB41.88Z.00C1.B00.0802091535
4:180  1:161  BiosReleaseDate: 02/09/08
4:315  0:134  EfiVersion: 
4:444  0:129  Calibrated TSC Frequency = 2493749636 = 2493MHz
5:004  0:560  GOP found at: PcieRoot(0x0)/Pci(0x2,0x0)/AcpiAdr(0x80010100)
5:577  0:572  === [ GetListOfThemes ] =========================
5:721  0:144  === [ Found config plists ] =====================
5:846  0:125  - config.plist
5:971  0:125  === [ LoadDrivers ] =============================
6:117  0:145  Loading ApfsDriverLoader.efi status=Success
6:923  0:806   - driver needs connecting
7:052  0:128  Loading AudioDxe.efi status=Success
7:452  0:400   - driver needs connecting
7:577  0:124  Loading FSInject.efi status=Success
7:956  0:379  Loading Ps2MouseDxe.efi status=Success
8:739  0:782   - driver needs connecting
9:265  0:526  Loading SMCHelper.efi status=Success
9:646  0:380  Loading UsbMouseDxe.efi status=Success
10:027  0:380   - driver needs connecting
10:156  0:129  Loading XhciDxe.efi status=Success
10:552  0:395   - driver needs connecting
10:681  0:129  Loading NTFS.efi status=Success
11:106  0:425   - driver needs connecting
11:234  0:127  Loading NvmExpressDxe.efi status=Success
12:034  0:799   - driver needs connecting
12:563  0:529  Loading Fat.efi status=Success
12:938  0:375   - driver needs connecting
13:066  0:128  Loading EmuVariableUefi.efi status=Success
13:856  0:789  EmuVariableUefi Initialize: VariableCommonInitialize = Success, orig services stored, install gEmuVariableControlProtocolGuid = Success
14:416  0:560  8 drivers needs connecting ...
14:541  0:124  PlatformDriverOverrideProtocol->GetDriver overriden
14:665  0:124  APFS driver loaded
20:643  5:977  EmuVariable InstallEmulation: orig vars copied, emu.var.services installed, CreateEvent VirtualAddressChange = Success, CreateEvent ExitBootServices = Success, set Status=Success
23:255  2:612  === [ InitScreen ] ==============================
23:400  0:144  Console modes reported: 4, available modes:
23:542  0:142   - [01]: 80x25
23:685  0:143   - [03]: 100x31
23:825  0:139   - [04]: 160x42 (current mode)
24:396  0:571  SetScreenResolution: 1280x1024 - not found!
24:679  0:283  SetScreenResolution: 1280x800 - already set
24:960  0:280  Using embedded font
25:105  0:145  === [ ScanSPD ] =================================
25:256  0:151  Scanning SMBus [8086:283E], mmio: 0xFE9FB700, ioport: 0x10C0, hostc: 0x1
25:410  0:154  Slot: 0 Type 19 2048MB 667MHz Vendor=Kingston PartNo=9905295-052.A00LF SerialNo=69CC526E
25:576  0:166  Slot: 2 Type 19 2048MB 667MHz Vendor=Kingston PartNo=9905295-052.A00LF SerialNo=69CC526E
25:724  0:148  === [ GetAcpiTablesList ] =======================
25:867  0:142  Get Acpi Tables List from RSDT:
26:153  0:286   - [00]: FACP  M08     len=116
26:693  0:539   - [01]: HPET  M08     len=56
27:235  0:542   - [02]: APIC  M08     len=104
27:379  0:143   - [03]: MCFG  M08     len=62
27:517  0:138   - [04]: SLIC  M08     len=374
27:657  0:139   - [05]: OSFR  M08     len=44
27:804  0:147   - [06]: BOOT  M08     len=40
27:953  0:148   - [07]: SSDT  CpuPm len=1228
28:100  0:147   - [00]: Drop table : DMAR,                0 :  no
28:387  0:286   - [01]: Drop table : SSDT,       6d50757043 :  yes
28:667  0:280   - [02]: Drop table : SSDT,   74734930757043 :  no
28:947  0:279   - [03]: Drop table : BGRT,                0 :  no
29:228  0:280  Custom boot CUSTOM_BOOT_USER_DISABLED (0x0)
29:368  0:139  Default theme: embedded
29:510  0:142  === [ Found DSDT tables ] =======================
29:648  0:137  === [ InitKextList ] ============================
30:193  0:545  === [ ScanVolumes ] =============================
30:764  0:571  Found 10 volumes with blockIO
30:905  0:140  - [00]: Volume: PcieRoot(0x0)\Pci(0x1D,0x7)\USB(0x1,0x0)
31:207  0:301          Result of bootcode detection: bootable unknown (legacy)
31:348  0:141  - [01]: Volume: PcieRoot(0x0)\Pci(0x1D,0x7)\USB(0x1,0x0)\HD(1,MBR,0x00058E69,0x3F,0x3BB7C1)
32:060  0:712          Result of bootcode detection: bootable unknown (legacy)
32:209  0:148            label : BDU
32:355  0:146          This is SelfVolume !!
32:489  0:133  - [02]: Volume: PcieRoot(0x0)\Pci(0x1F,0x1)\Ata(0x0)
32:776  0:287  - [03]: Volume: PcieRoot(0x0)\Pci(0x1F,0x2)\Sata(0x0,0x0,0x0)
33:417  0:640          Result of bootcode detection: bootable unknown (legacy)
34:085  0:668  - [04]: Volume: PcieRoot(0x0)\Pci(0x1F,0x2)\Sata(0x0,0x0,0x0)\HD(1,MBR,0xF0000000,0x3F,0x65F5B)
34:370  0:285          Result of bootcode detection: bootable unknown (legacy)
34:512  0:141            label : Unknown HD1
35:059  0:547  - [05]: Volume: PcieRoot(0x0)\Pci(0x1F,0x2)\Sata(0x0,0x0,0x0)\HD(2,MBR,0xF0000000,0x66000,0x32000)
35:765  0:706          Result of bootcode detection: bootable Windows (vista,win)
35:915  0:149            label : System Reservation
36:054  0:138          hiding this volume
36:194  0:139  - [06]: Volume: PcieRoot(0x0)\Pci(0x1F,0x2)\Sata(0x0,0x0,0x0)\HD(3,MBR,0xF0000000,0x98000,0xDC35800)
36:938  0:744          Result of bootcode detection: bootable Windows (vista,win)
37:165  0:227            label : WIN7
37:312  0:147  - [07]: Volume: PcieRoot(0x0)\Pci(0x1F,0x2)\Sata(0x0,0x0,0x0)\HD(4,MBR,0xF0000000,0xDCCD94C,0xF4F6C35)
37:590  0:277          Result of bootcode detection: bootable Windows (win)
37:756  0:166            label : MIX
37:894  0:137          hiding this volume
38:038  0:144  - [08]: Volume: PcieRoot(0x0)\Pci(0x1C,0x3)\Pci(0x0,0x0)\NVMe(0x1,01-00-00-00-00-00-00-00)
38:664  0:625  - [09]: Volume: PcieRoot(0x0)\Pci(0x1C,0x3)\Pci(0x0,0x0)\NVMe(0x1,01-00-00-00-00-00-00-00)\HD(1,MBR,0xDD1EA487,0x800,0x1DCF2000)
38:964  0:299          Result of bootcode detection: bootable Windows (vista,win)
39:505  0:541            label : SSD
40:047  0:541  Searching volumes for latest nvram.plist ...
40:335  0:288  LoadLatestNvramPlist loaded Status=Not Found
40:476  0:140  PutNvramPlistToRtVars: no nvram.plist
40:620  0:144  found 3 handles with audio
40:765  0:144  No AudioIoDevice stored
40:905  0:140  no stored audio parameters
41:053  0:147  Found Audio Device Silicon Image (Unknown) (HDMI) at index 0
41:193  0:139  Found Audio Device Sigmatel STAC9228X (Headphones) at index 1
41:335  0:142  Found Audio Device Sigmatel STAC9228X (Speaker) at index 2
41:478  0:143  Found Audio Device Sigmatel STAC9228X (LineOut) at index 3
41:617  0:139  Found Audio Device Sigmatel STAC9228X (Other) at index 4
41:757  0:139  === [ InitXTheme ] ==============================
41:900  0:142  use Daylight theme
42:036  0:136   using embedded theme
42:199  0:162  sound play end with status=Device Error
42:344  0:145  Using embedded font
42:484  0:140  theme inited
43:030  0:545  Chosen embedded theme
43:573  0:543  after NVRAM boot-args=
43:714  0:141  === [ Dump SMC keys from NVRAM ] ================
43:857  0:142  found AppleSMC protocol
44:003  0:146  Registered 0 SMC keys
44:144  0:141  === [ ScanLoader ] ==============================
44:691  0:546  - [01]: 'BDU'
44:968  0:277        AddLoaderEntry for Volume Name=BDU, idx=0
45:116  0:147        OSVersion= 
45:255  0:138        IconName=unknown comma=-1 size=7
45:398  0:143        Full=unknown
45:543  0:145        Loader entry created for 'PcieRoot(0x0)\Pci(0x1D,0x7)\USB(0x1,0x0)\HD(1,MBR,0x00058E69,0x3F,0x3BB7C1)\EFI\BOOT\BOOTX64.efi'
45:678  0:134       hiding entry: \EFI\BOOT\BOOTX64.efi
45:820  0:142        Menu entry added at index 0
45:965  0:144       hiding entry because DiskKind is DISK_KIND_EXTERNAL: \EFI\BOOT\BOOTX64.efi
46:098  0:132  - [04]: 'Unknown HD1'
46:383  0:285  - [05]: 'System Reservation'
47:467  1:083  - [06]: 'WIN7'
47:759  0:291  - [07]: 'MIX'
48:055  0:296  - [09]: 'SSD'
48:348  0:292  Entries list before ordering
48:493  0:145      Entry 0 : Boot UEFI external from BDU (hidden)
48:643  0:150  Entries after before ordering
48:785  0:141    Entry 0 : Boot UEFI external from BDU (hidden)
48:928  0:143  Scanning legacy ...
49:069  0:140   hidden
49:213  0:144      AddLegacyEntry:
49:363  0:150        FullTitle=
49:504  0:140        LoaderTitle=
49:644  0:140        Volume->LegacyOS->Name=Windows
49:788  0:144        Entry->Title=Boot Windows from WIN7
49:934  0:145        IconName=vista,win comma=5 size=9
50:477  0:543        first=os_vista
51:018  0:540        Second=os_win
51:155  0:137        IconName=unknown comma=-1 size=7
51:297  0:141        Full=unknown
51:436  0:139   hidden
51:574  0:138      AddLegacyEntry:
52:121  0:546        FullTitle=
52:257  0:135        LoaderTitle=
52:400  0:143        Volume->LegacyOS->Name=Windows
52:546  0:145        Entry->Title=Boot Windows from SSD
52:685  0:139        IconName=vista,win comma=5 size=9
52:830  0:144        first=os_vista
52:975  0:144        Second=os_win
53:108  0:133        IconName=unknown comma=-1 size=7
53:255  0:146        Full=unknown
53:396  0:141  === [ AddCustomTool ] ===========================
53:535  0:138  EmuVariable InstallEmulation: EFI_ALREADY_STARTED
53:825  0:290  === [ GetEfiBootDeviceFromNvram ] ===============
54:360  0:535   - [!] efi-boot-device-data not found
54:894  0:533  Default boot entry not found
55:038  0:144  EmuVariable UninstallEmulation: CloseEvent = Success, original var services restored
55:460  0:421  BannerPlace at Clear Screen [576,84]
55:637  0:177  AnimeRun=0
55:826  0:189  GUI ready
504:244  448:417  ConnectAll after refresh menu
505:465  1:220  ReinitRefitLib after theme change
505:617  0:151  === [ ScanVolumes ] =============================
505:757  0:140  Found 13 volumes with blockIO
505:964  0:206  - [00]: Volume: PcieRoot(0x0)\Pci(0x1D,0x7)\USB(0x1,0x0)
507:126  1:161          Result of bootcode detection: bootable unknown (legacy)
507:266  0:140  - [01]: Volume: PcieRoot(0x0)\Pci(0x1D,0x7)\USB(0x1,0x0)\HD(1,MBR,0x00058E69,0x3F,0x3BB7C1)
507:570  0:304          Result of bootcode detection: bootable unknown (legacy)
507:712  0:141            label : BDU
508:295  0:582          This is SelfVolume !!
508:442  0:147  - [02]: Volume: PcieRoot(0x0)\Pci(0x1F,0x1)\Ata(0x0)
508:734  0:291  - [03]: Volume: PcieRoot(0x0)\Pci(0x1F,0x2)\Sata(0x0,0x0,0x0)
509:022  0:288          Result of bootcode detection: bootable unknown (legacy)
509:172  0:149  - [04]: Volume: PcieRoot(0x0)\Pci(0x1F,0x2)\Sata(0x0,0x0,0x0)\HD(1,MBR,0xF0000000,0x3F,0x65F5B)
509:458  0:285          Result of bootcode detection: bootable unknown (legacy)
509:603  0:145            label : Unknown HD1
509:746  0:142  - [05]: Volume: PcieRoot(0x0)\Pci(0x1F,0x2)\Sata(0x0,0x0,0x0)\HD(2,MBR,0xF0000000,0x66000,0x32000)
510:033  0:287          Result of bootcode detection: bootable Windows (vista,win)
510:570  0:536            label : System Reservation
511:113  0:542          hiding this volume
511:257  0:144  - [06]: Volume: PcieRoot(0x0)\Pci(0x1F,0x2)\Sata(0x0,0x0,0x0)\HD(3,MBR,0xF0000000,0x98000,0xDC35800)
511:534  0:277          Result of bootcode detection: bootable Windows (vista,win)
511:677  0:142            label : WIN7
511:821  0:144  - [07]: Volume: PcieRoot(0x0)\Pci(0x1F,0x2)\Sata(0x0,0x0,0x0)\HD(4,MBR,0xF0000000,0xDCCD94C,0xF4F6C35)
512:106  0:284          Result of bootcode detection: bootable Windows (win)
512:245  0:139            label : MIX
512:384  0:138          hiding this volume
512:527  0:142  - [08]: Volume: PcieRoot(0x0)\Pci(0x1C,0x3)\Pci(0x0,0x0)\NVMe(0x1,01-00-00-00-00-00-00-00)
512:817  0:289  - [09]: Volume: PcieRoot(0x0)\Pci(0x1C,0x3)\Pci(0x0,0x0)\NVMe(0x1,01-00-00-00-00-00-00-00)\HD(1,MBR,0xDD1EA487,0x800,0x1DCF2000)
513:103  0:286          Result of bootcode detection: bootable Windows (vista,win)
513:243  0:140            label : SSD
513:387  0:143  - [10]: Volume: PcieRoot(0x0)\Pci(0x1D,0x7)\USB(0x2,0x0)
514:081  0:693          Result of bootcode detection: bootable unknown (legacy)
514:615  0:533  - [11]: Volume: PcieRoot(0x0)\Pci(0x1D,0x7)\USB(0x2,0x0)\HD(1,GPT,83538FDA-D87E-4C7F-944B-ED7840263926,0x800,0x1CE0498)
514:915  0:300          Result of bootcode detection: bootable Windows (vista,win)
515:067  0:152            label : CCCOMA_X64FRE_RU-RU_DV9
515:206  0:139  - [12]: Volume: PcieRoot(0x0)\Pci(0x1D,0x7)\USB(0x2,0x0)\HD(2,GPT,ADA99269-7BFF-4074-871A-1D7159C26875,0x1CE0C98,0x800)
515:901  0:694          Result of bootcode detection: bootable unknown (legacy)
516:067  0:166            label : UEFI_NTFS
516:210  0:142  Searching volumes for latest nvram.plist ...
516:490  0:280  LoadLatestNvramPlist loaded Status=Not Found
516:632  0:141  PutNvramPlistToRtVars: no nvram.plist
516:766  0:133  found 3 handles with audio
516:907  0:140  No AudioIoDevice stored
517:050  0:142  no stored audio parameters
517:186  0:136  Found Audio Device Silicon Image (Unknown) (HDMI) at index 0
517:332  0:145  Found Audio Device Sigmatel STAC9228X (Headphones) at index 1
517:473  0:141  Found Audio Device Sigmatel STAC9228X (Speaker) at index 2
518:013  0:540  Found Audio Device Sigmatel STAC9228X (LineOut) at index 3
518:554  0:541  Found Audio Device Sigmatel STAC9228X (Other) at index 4
518:697  0:142  theme inited
518:836  0:139  Chosen embedded theme
518:977  0:140  after NVRAM boot-args=
519:116  0:139  === [ ScanLoader ] ==============================
519:256  0:139  - [01]: 'BDU'
519:537  0:280        AddLoaderEntry for Volume Name=BDU, idx=0
519:674  0:137        OSVersion= 
519:811  0:137        IconName=unknown comma=-1 size=7
519:956  0:145        Full=unknown
520:094  0:137        Loader entry created for 'PcieRoot(0x0)\Pci(0x1D,0x7)\USB(0x1,0x0)\HD(1,MBR,0x00058E69,0x3F,0x3BB7C1)\EFI\BOOT\BOOTX64.efi'
520:231  0:137       hiding entry: \EFI\BOOT\BOOTX64.efi
520:437  0:205        Menu entry added at index 0
520:576  0:138       hiding entry because DiskKind is DISK_KIND_EXTERNAL: \EFI\BOOT\BOOTX64.efi
520:721  0:145  - [04]: 'Unknown HD1'
521:009  0:288  - [05]: 'System Reservation'
522:098  1:088  - [06]: 'WIN7'
522:394  0:296  - [07]: 'MIX'
522:676  0:281  - [09]: 'SSD'
523:365  0:688  - [11]: 'CCCOMA_X64FRE_RU-RU_DV9'
523:950  0:584        AddLoaderEntry for Volume Name=CCCOMA_X64FRE_RU-RU_DV9, idx=1
524:427  0:476        OSVersion= 
524:568  0:140        IconName=vista,win comma=5 size=9
524:712  0:144        first=os_vista
524:846  0:133        Second=os_win
524:986  0:139        IconName=unknown comma=-1 size=7
525:131  0:145        Full=unknown
525:268  0:137        Loader entry created for 'PcieRoot(0x0)\Pci(0x1D,0x7)\USB(0x2,0x0)\HD(1,GPT,83538FDA-D87E-4C7F-944B-ED7840263926,0x800,0x1CE0498)\EFI\MICROSOFT\BOOT\cdboot.efi'
525:417  0:149        Menu entry added at index 1
525:823  0:406        AddLoaderEntry for Volume Name=CCCOMA_X64FRE_RU-RU_DV9, idx=2
527:001  1:177        OSVersion= 
527:538  0:536        IconName=unknown comma=-1 size=7
527:686  0:147        Full=unknown
527:831  0:145        Loader entry created for 'PcieRoot(0x0)\Pci(0x1D,0x7)\USB(0x2,0x0)\HD(1,GPT,83538FDA-D87E-4C7F-944B-ED7840263926,0x800,0x1CE0498)\EFI\BOOT\BOOTX64.efi'
527:971  0:140       hiding entry: \EFI\BOOT\BOOTX64.efi
528:115  0:143        Menu entry added at index 2
528:256  0:141       hiding entry because DiskKind is DISK_KIND_EXTERNAL: \EFI\BOOT\BOOTX64.efi
528:400  0:144  - [12]: 'UEFI_NTFS'
528:717  0:317        AddLoaderEntry for Volume Name=UEFI_NTFS, idx=3
529:293  0:575        OSVersion= 
529:433  0:139        IconName=unknown comma=-1 size=7
529:573  0:140        Full=unknown
529:713  0:139        Loader entry created for 'PcieRoot(0x0)\Pci(0x1D,0x7)\USB(0x2,0x0)\HD(2,GPT,ADA99269-7BFF-4074-871A-1D7159C26875,0x1CE0C98,0x800)\EFI\BOOT\BOOTX64.efi'
529:854  0:140       hiding entry: \EFI\BOOT\BOOTX64.efi
530:001  0:146        Menu entry added at index 3
530:142  0:141       hiding entry because DiskKind is DISK_KIND_EXTERNAL: \EFI\BOOT\BOOTX64.efi
530:283  0:141  Entries list before ordering
530:433  0:149      Entry 0 : Boot UEFI external from BDU (hidden)
530:973  0:540      Entry 1 : Boot Microsoft EFI cdboot from CCCOMA_X64FRE_RU-RU_DV9
531:512  0:538      Entry 2 : Boot UEFI external from CCCOMA_X64FRE_RU-RU_DV9 (hidden)
531:661  0:148      Entry 3 : Boot UEFI external from UEFI_NTFS (hidden)
531:802  0:141  Entries after before ordering
531:936  0:134    Entry 0 : Boot UEFI external from BDU (hidden)
532:077  0:141    Entry 1 : Boot Microsoft EFI cdboot from CCCOMA_X64FRE_RU-RU_DV9
532:222  0:145    Entry 2 : Boot UEFI external from CCCOMA_X64FRE_RU-RU_DV9 (hidden)
532:356  0:133    Entry 3 : Boot UEFI external from UEFI_NTFS (hidden)
532:497  0:141  Scanning legacy ...
532:641  0:143   hidden
532:782  0:141      AddLegacyEntry:
532:927  0:144        FullTitle=
533:073  0:146        LoaderTitle=
533:213  0:140        Volume->LegacyOS->Name=Windows
533:357  0:143        Entry->Title=Boot Windows from WIN7
533:502  0:145        IconName=vista,win comma=5 size=9
533:637  0:134        first=os_vista
533:776  0:139        Second=os_win
533:922  0:146        IconName=unknown comma=-1 size=7
534:462  0:539        Full=unknown
535:005  0:542   hidden
535:152  0:147      AddLegacyEntry:
535:296  0:144        FullTitle=
535:435  0:139        LoaderTitle=
535:577  0:142        Volume->LegacyOS->Name=Windows
535:715  0:137        Entry->Title=Boot Windows from SSD
535:855  0:139        IconName=vista,win comma=5 size=9
535:998  0:142        first=os_vista
536:141  0:142        Second=os_win
536:682  0:541        IconName=unknown comma=-1 size=7
536:821  0:138        Full=unknown
536:963  0:141      AddLegacyEntry:
537:101  0:138        FullTitle=
537:245  0:143        LoaderTitle=
537:391  0:145        Volume->LegacyOS->Name=Windows
537:531  0:140        Entry->Title=Boot Windows from CCCOMA_X64FRE_RU-RU_DV9
538:002  0:471        IconName=vista,win comma=5 size=9
538:150  0:147        first=os_vista
538:697  0:546        Second=os_win
539:236  0:539        IconName=unknown comma=-1 size=7
539:377  0:140        Full=unknown
539:521  0:144  === [ AddCustomTool ] ===========================
539:663  0:141  EmuVariable InstallEmulation: orig vars copied, emu.var.services installed, CreateEvent VirtualAddressChange = Success, CreateEvent ExitBootServices = Success, set Status=Success
540:522  0:859  === [ GetEfiBootDeviceFromNvram ] ===============
540:667  0:144   - [!] efi-boot-device-data not found
540:810  0:143  Default boot entry not found
540:947  0:136  EmuVariable UninstallEmulation: CloseEvent = Success, original var services restored
541:373  0:426  AnimeRun=0
564:634  23:260  BootVariable of the entry is empty
565:637  1:003  EmuVariable UninstallEmulation: CloseEvent = Invalid Parameter, original var services restored
566:065  0:427  DeleteNvramVariable (efi-boot-device, 7C436110-AB2A-4BBB-A880-FE41995C9F82):
566:642  0:577  DeleteNvramVariable (efi-boot-device-data, 7C436110-AB2A-4BBB-A880-FE41995C9F82):
567:216  0:574  DeleteNvramVariable (BootCampHD, 7C436110-AB2A-4BBB-A880-FE41995C9F82):
