0:100  0:100  MemLog inited, TSC freq: 2493749016
0:100  0:000  CPU was calibrated with ACPI PM Timer
0:100  0:000  LegacyRegion2: Chipset/proc: 0x2A008086
0:100  0:000   Intel Series 4 and similar (PAM 0x90-0x96)
0:100  0:000   Test PAM1=(0x41=50, 0x5a=00, 0x81=00, 0x91=11) at chipset 2A008086
0:100  0:000  , Install = Success
0:115  0:015  BiosVideoDriverBindingStart!
0:115  0:000  BiosVideoCheckForVbe
0:115  0:000  EdidOverride not found
0:127  0:012   Edid1+
0:127  0:000   found Detail Timing 1280x800
0:127  0:000  timing string after 0xFE:X949H
0:127  0:000  timing string after 0xFE:&6@GjÆÿ
  
0:128  0:000     0 1280x800 attr=9B - ok, edid+, working, highest, pref=0
0:129  0:001     1 1024x768 attr=9B - ok, edid-, 1024x768, working
0:129  0:000     2 640x480 attr=9B - ok, edid-, 640x480, working
0:129  0:000     3 800x600 attr=9B - ok, edid-, 800x600, working
0:129  0:000  BV new mode: 0 1280x800
0:200  0:070   SetMode pref 0 (0) = Success
3:342  3:142  CloverX64 : Image base = 0xDD581000
3:342  0:000  Clover ImageHandle = de8da698
3:342  0:000  === [ Starting Clover ] =========================
3:342  0:000  Now is 11.05.2023,  13:15:37 (GMT)
3:342  0:000  Starting Clover revision: 5146 (master, commit 31187f6e1) on CLOVER EFI
3:342  0:000  Build id: 20220324214945-31187f6-5146-dirty
3:342  0:000  Build with: [Args: -D NO_GRUB_DRIVERS_EMBEDDED -D LESS_DEBUG -t GCC53 | --cmd-len=50000 -D NO_GRUB_DRIVERS_EMBEDDED -D LESS_DEBUG --conf=/Users/sergey/src/CloverBootloader/Conf -D USE_LOW_EBDA -a X64 -b RELEASE -t GCC53 -n 5 | OS: 12.3]
3:342  0:000  === [ Get Smbios ] ==============================
3:342  0:000  Type 16 Index = 0
3:342  0:000  Total Memory Slots Count = 2
3:342  0:000  Type 17 Index = 0
3:342  0:000  SmbiosTable.Type17->SlotIndex = 0
3:342  0:000  SmbiosTable.Type17->ModuleSize = 2048MB
3:342  0:000  SmbiosTable.Type17->Type = 0
3:342  0:000  SmbiosTable.Type17->Frequency = 667MHz
3:342  0:000  SmbiosTable.Type17->Bank/Device =  DIMM_A
3:342  0:000  SmbiosTable.Type17->Vendor = 7F98000000000000
3:342  0:000  SmbiosTable.Type17->SerialNo = 69CC526E
3:342  0:000  SmbiosTable.Type17->PartNo = 9905295-052.A00LF
3:342  0:000  Type 17 Index = 1
3:343  0:000  SmbiosTable.Type17->SlotIndex = 1
3:343  0:000  SmbiosTable.Type17->ModuleSize = 2048MB
3:343  0:000  SmbiosTable.Type17->Type = 0
3:343  0:000  SmbiosTable.Type17->Frequency = 667MHz
3:343  0:000  SmbiosTable.Type17->Bank/Device =  DIMM_B
3:343  0:000  SmbiosTable.Type17->Vendor = 7F98000000000000
3:343  0:000  SmbiosTable.Type17->SerialNo = 69CC526E
3:343  0:000  SmbiosTable.Type17->PartNo = 9905295-052.A00LF
3:343  0:000  Boot status=0
3:343  0:000  Running on: 'Inspiron 1525' with board '0U990C'
3:343  0:000  === [ GetCPUProperties ] ========================
3:343  0:000  CPU Vendor = 756E6547 Model=10676
3:343  0:000   The CPU supported SSE4.1
3:343  0:000   The CPU not supported RDRAND
3:343  0:000  BrandString = Intel(R) Core(TM)2 Duo CPU     T9300  @ 2.50GHz
3:343  0:000  got cores from CPUID_1 = 2
3:343  0:000   The CPU supported turbo
3:343  0:000   Energy PerfBias is  not visible:
3:343  0:000  MSR dumps:
3:343  0:000  	@0x00CD=1a2
3:343  0:000  	@0x0198=6174c2206004c22
3:343  0:000  FSBFrequency = 200 MHz, DMI FSBFrequency = 200 MHz, Corrected FSBFrequency = 200 MHz
3:343  0:000  MaxDiv/MinDiv: 12.5/6
3:343  0:000  Turbo: 13/0/0/0
3:343  0:000  Features: 0x8E3BDBFEBFBFF
3:343  0:000  Threads: 2
3:343  0:000  Cores: 2
3:343  0:000  FSB: 200 MHz
3:343  0:000  CPU: 2500 MHz
3:343  0:000  TSC: 2500 MHz
3:343  0:000  PIS: 800 MHz
3:343  0:000  ExternalClock: 200 MHz
3:343  0:000  === [ GetDevices ] ==============================
3:343  0:000  Found more than one GOP protocol ??? Using the first one
3:343  0:000  GOP found at: PcieRoot(0x0)/Pci(0x2,0x0)/AcpiAdr(0x80010100)
3:343  0:000  PCI (00|00:00.00) : 8086 2A00 class=060000
3:343  0:000  PCI (00|00:02.00) : 8086 2A02 class=030000
3:343  0:000   - GFX: Model=Intel GMA X3100 (Intel)
3:343  0:000   - GOP: Provided by device
3:343  0:000  PCI (00|00:02.01) : 8086 2A03 class=038000
3:343  0:000   - GFX: Model=Intel GMA X3100 (Intel)
3:343  0:000  PCI (00|00:1A.00) : 8086 2834 class=0C0300
3:343  0:000  PCI (00|00:1A.01) : 8086 2835 class=0C0300
3:343  0:000  PCI (00|00:1A.07) : 8086 283A class=0C0320
3:343  0:000  PCI (00|00:1B.00) : 8086 284B class=040300
3:343  0:000  PCI (00|00:1C.00) : 8086 283F class=060400
3:343  0:000  PCI (00|09:00.00) : 11AB 4354 class=020000
3:343  0:000   - LAN: 1 Vendor=Marvell
3:343  0:000  Legacy MAC address of LAN #0= 00:21:9B:D7:9D:C2:
3:343  0:000  PCI (00|00:1C.01) : 8086 2841 class=060400
3:343  0:000  PCI (00|0B:00.00) : 14E4 4315 class=028000
3:343  0:000   - WIFI: Vendor= Broadcom
3:343  0:000  PCI (00|00:1C.03) : 8086 2845 class=060400
3:343  0:000  PCI (00|0C:00.00) : 1E4B 1202 class=010802
3:343  0:000  PCI (00|00:1C.04) : 8086 2847 class=060400
3:343  0:000  PCI (00|0D:00.00) : 1912 0015 class=0C0330
3:343  0:000  PCI (00|00:1D.00) : 8086 2830 class=0C0300
3:343  0:000  PCI (00|00:1D.01) : 8086 2831 class=0C0300
3:343  0:000  PCI (00|00:1D.02) : 8086 2832 class=0C0300
3:343  0:000  PCI (00|00:1D.07) : 8086 2836 class=0C0320
3:343  0:000  PCI (00|00:1E.00) : 8086 2448 class=060401
3:343  0:000  PCI (00|02:09.00) : 1180 0832 class=0C0010
3:343  0:000  PCI (00|02:09.01) : 1180 0822 class=080501
3:343  0:000  PCI (00|02:09.02) : 1180 0843 class=088000
3:343  0:000  PCI (00|02:09.03) : 1180 0592 class=088000
3:343  0:000  PCI (00|02:09.04) : 1180 0852 class=088000
3:343  0:000  PCI (00|00:1F.00) : 8086 2815 class=060100
3:343  0:000  PCI (00|00:1F.01) : 8086 2850 class=01018A
3:343  0:000  PCI (00|00:1F.02) : 8086 2829 class=010601
3:343  0:000  PCI (00|00:1F.03) : 8086 283E class=0C0500
3:358  0:014  _checkOEMPath Look for oem dir at path '\EFI\CLOVER\OEM\Inspiron 1525--00-21-9B-D7-9D-C2'. Dir doesn't exist.
3:358  0:000  _checkOEMPath Look for oem dir at path '\EFI\CLOVER\OEM\Inspiron 1525'. Dir doesn't exist.
3:358  0:000  _checkOEMPath Look for oem dir at path '\EFI\CLOVER\OEM\Inspiron 1525-2500'. Dir doesn't exist.
3:358  0:000  _checkOEMPath Look for oem dir at path '\EFI\CLOVER\OEM\0U990C'. Dir doesn't exist.
3:358  0:000  _checkOEMPath Look for oem dir at path '\EFI\CLOVER\OEM\0U990C-2500'. Dir doesn't exist.
3:358  0:000  === [ GetUserSettings ] =========================
3:358  0:000  GetDefaultModel()=MacBook4,1
3:358  0:000  Using config.plist at path: \EFI\CLOVER
3:359  0:001  Cannot find smbios.plist at path '\EFI\CLOVER' : Not Found
3:359  0:000  '\EFI\CLOVER\smbios.plist' not loaded. Efi error Not Found
3:359  0:000  BiosVersion: MB41.88Z.00C1.B00.0802091535
4:786  1:427  BiosReleaseDate: 02/09/08
4:920  0:133  EfiVersion: 
5:045  0:124  Calibrated TSC Frequency = 2493749016 = 2493MHz
5:609  0:563  GOP found at: PcieRoot(0x0)/Pci(0x2,0x0)/AcpiAdr(0x80010100)
6:178  0:569  === [ GetListOfThemes ] =========================
6:318  0:139  === [ Found config plists ] =====================
6:447  0:128  - config.plist
6:573  0:125  === [ LoadDrivers ] =============================
6:714  0:141  Loading ApfsDriverLoader.efi status=Success
7:537  0:822   - driver needs connecting
7:661  0:124  Loading AudioDxe.efi status=Success
8:056  0:394   - driver needs connecting
8:181  0:125  Loading FSInject.efi status=Success
8:559  0:378  Loading Ps2MouseDxe.efi status=Success
9:342  0:782   - driver needs connecting
9:874  0:532  Loading SMCHelper.efi status=Success
10:263  0:388  Loading UsbMouseDxe.efi status=Success
10:646  0:382   - driver needs connecting
10:772  0:126  Loading XhciDxe.efi status=Success
11:169  0:397   - driver needs connecting
11:298  0:128  Loading NTFS.efi status=Success
11:725  0:426   - driver needs connecting
11:851  0:126  Loading NvmExpressDxe.efi status=Success
12:653  0:801   - driver needs connecting
13:173  0:519  Loading Fat.efi status=Success
13:553  0:380   - driver needs connecting
13:682  0:129  Loading EmuVariableUefi.efi status=Success
14:482  0:799  EmuVariableUefi Initialize: VariableCommonInitialize = Success, orig services stored, install gEmuVariableControlProtocolGuid = Success
15:042  0:560  8 drivers needs connecting ...
15:167  0:124  PlatformDriverOverrideProtocol->GetDriver overriden
15:296  0:129  APFS driver loaded
21:380  6:083  EmuVariable InstallEmulation: orig vars copied, emu.var.services installed, CreateEvent VirtualAddressChange = Success, CreateEvent ExitBootServices = Success, set Status=Success
23:935  2:555  === [ InitScreen ] ==============================
24:078  0:142  Console modes reported: 4, available modes:
24:223  0:144   - [01]: 80x25
24:358  0:135   - [03]: 100x31
24:499  0:140   - [04]: 160x42 (current mode)
24:644  0:144  SetScreenResolution: 1280x1024 - not found!
25:364  0:720  SetScreenResolution: 1280x800 - already set
25:647  0:282  Using embedded font
25:787  0:140  === [ ScanSPD ] =================================
25:934  0:147  Scanning SMBus [8086:283E], mmio: 0xFE9FB700, ioport: 0x10C0, hostc: 0x1
26:088  0:154  Slot: 0 Type 19 2048MB 667MHz Vendor=Kingston PartNo=9905295-052.A00LF SerialNo=69CC526E
26:248  0:159  Slot: 2 Type 19 2048MB 667MHz Vendor=Kingston PartNo=9905295-052.A00LF SerialNo=69CC526E
26:396  0:148  === [ GetAcpiTablesList ] =======================
26:543  0:146  Get Acpi Tables List from RSDT:
26:825  0:282   - [00]: FACP  M08     len=116
27:372  0:547   - [01]: HPET  M08     len=56
27:915  0:542   - [02]: APIC  M08     len=104
28:059  0:144   - [03]: MCFG  M08     len=62
28:204  0:145   - [04]: SLIC  M08     len=374
28:344  0:139   - [05]: OSFR  M08     len=44
28:489  0:144   - [06]: BOOT  M08     len=40
28:633  0:143   - [07]: SSDT  CpuPm len=1228
28:777  0:143   - [00]: Drop table : DMAR,                0 :  no
29:066  0:289   - [01]: Drop table : SSDT,       6d50757043 :  yes
29:340  0:274   - [02]: Drop table : SSDT,   74734930757043 :  no
29:626  0:285   - [03]: Drop table : BGRT,                0 :  no
29:914  0:288  Custom boot CUSTOM_BOOT_USER_DISABLED (0x0)
30:048  0:134  Default theme: embedded
30:199  0:151  === [ Found DSDT tables ] =======================
30:345  0:145  === [ InitKextList ] ============================
30:904  0:559  === [ ScanVolumes ] =============================
31:454  0:550  Found 10 volumes with blockIO
31:598  0:143  - [00]: Volume: PcieRoot(0x0)\Pci(0x1D,0x7)\USB(0x1,0x0)
31:889  0:291          Result of bootcode detection: bootable unknown (legacy)
32:030  0:140  - [01]: Volume: PcieRoot(0x0)\Pci(0x1D,0x7)\USB(0x1,0x0)\HD(1,MBR,0x00058E69,0x3F,0x3BB7C1)
32:720  0:690          Result of bootcode detection: bootable unknown (legacy)
32:859  0:138            label : BDU
33:003  0:144          This is SelfVolume !!
33:145  0:141  - [02]: Volume: PcieRoot(0x0)\Pci(0x1F,0x1)\Ata(0x0)
33:433  0:288  - [03]: Volume: PcieRoot(0x0)\Pci(0x1F,0x2)\Sata(0x0,0x0,0x0)
34:075  0:641          Result of bootcode detection: bootable unknown (legacy)
34:728  0:652  - [04]: Volume: PcieRoot(0x0)\Pci(0x1F,0x2)\Sata(0x0,0x0,0x0)\HD(1,MBR,0xF0000000,0x3F,0x65F5B)
35:015  0:287          Result of bootcode detection: bootable unknown (legacy)
35:167  0:151            label : Unknown HD1
35:696  0:528  - [05]: Volume: PcieRoot(0x0)\Pci(0x1F,0x2)\Sata(0x0,0x0,0x0)\HD(2,MBR,0xF0000000,0x66000,0x32000)
36:403  0:707          Result of bootcode detection: bootable Windows (vista,win)
36:554  0:151            label : System Reservation
36:689  0:134          hiding this volume
36:833  0:143  - [06]: Volume: PcieRoot(0x0)\Pci(0x1F,0x2)\Sata(0x0,0x0,0x0)\HD(3,MBR,0xF0000000,0x98000,0xDC35800)
37:575  0:742          Result of bootcode detection: bootable Windows (vista,win)
37:724  0:149            label : WIN7
37:875  0:150  - [07]: Volume: PcieRoot(0x0)\Pci(0x1F,0x2)\Sata(0x0,0x0,0x0)\HD(4,MBR,0xF0000000,0xDCCD94C,0xF4F6C35)
38:153  0:278          Result of bootcode detection: bootable Windows (win)
38:315  0:162            label : MIX
38:455  0:139          hiding this volume
38:603  0:148  - [08]: Volume: PcieRoot(0x0)\Pci(0x1C,0x3)\Pci(0x0,0x0)\NVMe(0x1,01-00-00-00-00-00-00-00)
39:242  0:639  - [09]: Volume: PcieRoot(0x0)\Pci(0x1C,0x3)\Pci(0x0,0x0)\NVMe(0x1,01-00-00-00-00-00-00-00)\HD(1,MBR,0xDD1EA487,0x800,0x1DCF2000)
39:525  0:282          Result of bootcode detection: bootable Windows (vista,win)
40:063  0:537            label : SSD
40:598  0:535  Searching volumes for latest nvram.plist ...
40:884  0:285  LoadLatestNvramPlist loaded Status=Not Found
41:023  0:139  PutNvramPlistToRtVars: no nvram.plist
41:169  0:146  found 3 handles with audio
41:314  0:144  No AudioIoDevice stored
41:453  0:139  no stored audio parameters
41:604  0:150  Found Audio Device Silicon Image (Unknown) (HDMI) at index 0
41:744  0:140  Found Audio Device Sigmatel STAC9228X (Headphones) at index 1
41:884  0:139  Found Audio Device Sigmatel STAC9228X (Speaker) at index 2
42:028  0:144  Found Audio Device Sigmatel STAC9228X (LineOut) at index 3
42:174  0:145  Found Audio Device Sigmatel STAC9228X (Other) at index 4
42:308  0:133  === [ InitXTheme ] ==============================
42:450  0:141  use Daylight theme
42:594  0:144   using embedded theme
42:755  0:160  sound play end with status=Device Error
42:904  0:149  Using embedded font
43:045  0:140  theme inited
43:576  0:531  Chosen embedded theme
44:124  0:548  after NVRAM boot-args=
44:270  0:145  === [ Dump SMC keys from NVRAM ] ================
44:408  0:138  found AppleSMC protocol
44:547  0:139  Registered 0 SMC keys
44:690  0:142  === [ ScanLoader ] ==============================
44:833  0:143  - [01]: 'BDU'
45:519  0:685        AddLoaderEntry for Volume Name=BDU, idx=0
45:663  0:144        OSVersion= 
45:804  0:140        IconName=unknown comma=-1 size=7
45:946  0:141        Full=unknown
46:095  0:148        Loader entry created for 'PcieRoot(0x0)\Pci(0x1D,0x7)\USB(0x1,0x0)\HD(1,MBR,0x00058E69,0x3F,0x3BB7C1)\EFI\BOOT\BOOTX64.efi'
46:240  0:145       hiding entry: \EFI\BOOT\BOOTX64.efi
46:386  0:145        Menu entry added at index 0
46:535  0:149       hiding entry because DiskKind is DISK_KIND_EXTERNAL: \EFI\BOOT\BOOTX64.efi
46:676  0:140  - [04]: 'Unknown HD1'
46:964  0:288  - [05]: 'System Reservation'
48:048  1:083  - [06]: 'WIN7'
48:348  0:300  - [07]: 'MIX'
48:637  0:288  - [09]: 'SSD'
48:937  0:300  Entries list before ordering
49:079  0:142      Entry 0 : Boot UEFI external from BDU (hidden)
49:225  0:145  Entries after before ordering
49:364  0:139    Entry 0 : Boot UEFI external from BDU (hidden)
49:509  0:145  Scanning legacy ...
49:654  0:144   hidden
49:795  0:141      AddLegacyEntry:
49:940  0:144        FullTitle=
50:085  0:144        LoaderTitle=
50:225  0:139        Volume->LegacyOS->Name=Windows
50:370  0:145        Entry->Title=Boot Windows from WIN7
50:516  0:145        IconName=vista,win comma=5 size=9
51:046  0:530        first=os_vista
51:587  0:541        Second=os_win
51:730  0:143        IconName=unknown comma=-1 size=7
51:869  0:138        Full=unknown
52:009  0:140   hidden
52:150  0:140      AddLegacyEntry:
52:287  0:136        FullTitle=
52:824  0:537        LoaderTitle=
52:965  0:140        Volume->LegacyOS->Name=Windows
53:115  0:150        Entry->Title=Boot Windows from SSD
53:255  0:139        IconName=vista,win comma=5 size=9
53:395  0:139        first=os_vista
53:537  0:142        Second=os_win
53:675  0:137        IconName=unknown comma=-1 size=7
53:814  0:139        Full=unknown
53:956  0:142  === [ AddCustomTool ] ===========================
54:094  0:137  EmuVariable InstallEmulation: EFI_ALREADY_STARTED
54:376  0:281  === [ GetEfiBootDeviceFromNvram ] ===============
54:917  0:541   - [!] efi-boot-device-data not found
55:457  0:540  Default boot entry not found
55:603  0:145  EmuVariable UninstallEmulation: CloseEvent = Success, original var services restored
56:035  0:432  BannerPlace at Clear Screen [576,84]
56:216  0:180  AnimeRun=0
56:400  0:184  GUI ready
155:309  98:908  ConnectAll after refresh menu
156:530  1:220  ReinitRefitLib after theme change
156:675  0:145  === [ ScanVolumes ] =============================
156:819  0:143  Found 13 volumes with blockIO
157:029  0:209  - [00]: Volume: PcieRoot(0x0)\Pci(0x1D,0x7)\USB(0x1,0x0)
158:196  1:167          Result of bootcode detection: bootable unknown (legacy)
158:342  0:146  - [01]: Volume: PcieRoot(0x0)\Pci(0x1D,0x7)\USB(0x1,0x0)\HD(1,MBR,0x00058E69,0x3F,0x3BB7C1)
158:645  0:302          Result of bootcode detection: bootable unknown (legacy)
158:791  0:146            label : BDU
158:936  0:144          This is SelfVolume !!
159:507  0:571  - [02]: Volume: PcieRoot(0x0)\Pci(0x1F,0x1)\Ata(0x0)
159:796  0:289  - [03]: Volume: PcieRoot(0x0)\Pci(0x1F,0x2)\Sata(0x0,0x0,0x0)
160:079  0:282          Result of bootcode detection: bootable unknown (legacy)
160:225  0:145  - [04]: Volume: PcieRoot(0x0)\Pci(0x1F,0x2)\Sata(0x0,0x0,0x0)\HD(1,MBR,0xF0000000,0x3F,0x65F5B)
160:505  0:280          Result of bootcode detection: bootable unknown (legacy)
160:646  0:140            label : Unknown HD1
160:786  0:140  - [05]: Volume: PcieRoot(0x0)\Pci(0x1F,0x2)\Sata(0x0,0x0,0x0)\HD(2,MBR,0xF0000000,0x66000,0x32000)
161:079  0:292          Result of bootcode detection: bootable Windows (vista,win)
161:631  0:552            label : System Reservation
162:175  0:543          hiding this volume
162:316  0:141  - [06]: Volume: PcieRoot(0x0)\Pci(0x1F,0x2)\Sata(0x0,0x0,0x0)\HD(3,MBR,0xF0000000,0x98000,0xDC35800)
162:595  0:279          Result of bootcode detection: bootable Windows (vista,win)
162:741  0:145            label : WIN7
162:884  0:142  - [07]: Volume: PcieRoot(0x0)\Pci(0x1F,0x2)\Sata(0x0,0x0,0x0)\HD(4,MBR,0xF0000000,0xDCCD94C,0xF4F6C35)
163:170  0:286          Result of bootcode detection: bootable Windows (win)
163:317  0:146            label : MIX
163:457  0:139          hiding this volume
163:602  0:145  - [08]: Volume: PcieRoot(0x0)\Pci(0x1C,0x3)\Pci(0x0,0x0)\NVMe(0x1,01-00-00-00-00-00-00-00)
163:885  0:283  - [09]: Volume: PcieRoot(0x0)\Pci(0x1C,0x3)\Pci(0x0,0x0)\NVMe(0x1,01-00-00-00-00-00-00-00)\HD(1,MBR,0xDD1EA487,0x800,0x1DCF2000)
164:177  0:291          Result of bootcode detection: bootable Windows (vista,win)
164:311  0:134            label : SSD
164:452  0:140  - [10]: Volume: PcieRoot(0x0)\Pci(0x1D,0x7)\USB(0x2,0x0)
165:149  0:697          Result of bootcode detection: bootable unknown (legacy)
165:707  0:558  - [11]: Volume: PcieRoot(0x0)\Pci(0x1D,0x7)\USB(0x2,0x0)\HD(1,GPT,C06CBD78-AE47-4113-B8CE-C64826AA36E5,0x800,0x7BAFA7)
166:012  0:304          Result of bootcode detection: bootable Windows (vista,win)
166:169  0:156            label : IR5_CCSA_X86FRE_RU-RU_DV9
166:312  0:143  - [12]: Volume: PcieRoot(0x0)\Pci(0x1D,0x7)\USB(0x2,0x0)\HD(2,GPT,8C7BC3A3-CF06-40B1-800E-E08096ED0940,0x7BB7A7,0x800)
167:002  0:690          Result of bootcode detection: bootable unknown (legacy)
167:172  0:169            label : UEFI_NTFS
167:318  0:145  Searching volumes for latest nvram.plist ...
167:606  0:288  LoadLatestNvramPlist loaded Status=Not Found
167:747  0:140  PutNvramPlistToRtVars: no nvram.plist
167:885  0:138  found 3 handles with audio
168:026  0:140  No AudioIoDevice stored
168:167  0:141  no stored audio parameters
168:307  0:139  Found Audio Device Silicon Image (Unknown) (HDMI) at index 0
168:447  0:139  Found Audio Device Sigmatel STAC9228X (Headphones) at index 1
168:596  0:148  Found Audio Device Sigmatel STAC9228X (Speaker) at index 2
169:142  0:546  Found Audio Device Sigmatel STAC9228X (LineOut) at index 3
169:687  0:544  Found Audio Device Sigmatel STAC9228X (Other) at index 4
169:832  0:145  theme inited
169:976  0:143  Chosen embedded theme
170:116  0:140  after NVRAM boot-args=
170:262  0:145  === [ ScanLoader ] ==============================
170:404  0:141  - [01]: 'BDU'
170:686  0:282        AddLoaderEntry for Volume Name=BDU, idx=0
170:828  0:141        OSVersion= 
170:965  0:137        IconName=unknown comma=-1 size=7
171:111  0:146        Full=unknown
171:255  0:144        Loader entry created for 'PcieRoot(0x0)\Pci(0x1D,0x7)\USB(0x1,0x0)\HD(1,MBR,0x00058E69,0x3F,0x3BB7C1)\EFI\BOOT\BOOTX64.efi'
171:389  0:133       hiding entry: \EFI\BOOT\BOOTX64.efi
171:637  0:247        Menu entry added at index 0
171:776  0:139       hiding entry because DiskKind is DISK_KIND_EXTERNAL: \EFI\BOOT\BOOTX64.efi
171:915  0:139  - [04]: 'Unknown HD1'
172:199  0:283  - [05]: 'System Reservation'
173:271  1:071  - [06]: 'WIN7'
173:560  0:289  - [07]: 'MIX'
173:840  0:280  - [09]: 'SSD'
174:537  0:696  - [11]: 'IR5_CCSA_X86FRE_RU-RU_DV9'
175:125  0:587        AddLoaderEntry for Volume Name=IR5_CCSA_X86FRE_RU-RU_DV9, idx=1
175:596  0:471        OSVersion= 
175:741  0:144        IconName=vista,win comma=5 size=9
175:885  0:144        first=os_vista
176:025  0:140        Second=os_win
176:172  0:147        IconName=unknown comma=-1 size=7
176:319  0:146        Full=unknown
176:457  0:138        Loader entry created for 'PcieRoot(0x0)\Pci(0x1D,0x7)\USB(0x2,0x0)\HD(1,GPT,C06CBD78-AE47-4113-B8CE-C64826AA36E5,0x800,0x7BAFA7)\EFI\MICROSOFT\BOOT\cdboot.efi'
176:602  0:144        Menu entry added at index 1
176:951  0:349  - [12]: 'UEFI_NTFS'
178:748  1:797        AddLoaderEntry for Volume Name=UEFI_NTFS, idx=2
178:892  0:144        OSVersion= 
179:036  0:143        IconName=unknown comma=-1 size=7
179:176  0:140        Full=unknown
179:325  0:149        Loader entry created for 'PcieRoot(0x0)\Pci(0x1D,0x7)\USB(0x2,0x0)\HD(2,GPT,8C7BC3A3-CF06-40B1-800E-E08096ED0940,0x7BB7A7,0x800)\EFI\BOOT\BOOTX64.efi'
179:465  0:139       hiding entry: \EFI\BOOT\BOOTX64.efi
179:608  0:142        Menu entry added at index 2
179:757  0:149       hiding entry because DiskKind is DISK_KIND_EXTERNAL: \EFI\BOOT\BOOTX64.efi
179:901  0:143  Entries list before ordering
180:483  0:581      Entry 0 : Boot UEFI external from BDU (hidden)
180:628  0:145      Entry 1 : Boot Microsoft EFI cdboot from IR5_CCSA_X86FRE_RU-RU_DV9
180:777  0:148      Entry 2 : Boot UEFI external from UEFI_NTFS (hidden)
180:919  0:142  Entries after before ordering
181:058  0:139    Entry 0 : Boot UEFI external from BDU (hidden)
181:207  0:148    Entry 1 : Boot Microsoft EFI cdboot from IR5_CCSA_X86FRE_RU-RU_DV9
181:348  0:141    Entry 2 : Boot UEFI external from UEFI_NTFS (hidden)
181:487  0:139  Scanning legacy ...
181:638  0:150   hidden
182:177  0:539      AddLegacyEntry:
182:717  0:539        FullTitle=
182:860  0:142        LoaderTitle=
183:007  0:146        Volume->LegacyOS->Name=Windows
183:148  0:140        Entry->Title=Boot Windows from WIN7
183:292  0:144        IconName=vista,win comma=5 size=9
183:437  0:144        first=os_vista
183:571  0:133        Second=os_win
183:710  0:139        IconName=unknown comma=-1 size=7
183:856  0:146        Full=unknown
183:991  0:135   hidden
184:131  0:139      AddLegacyEntry:
184:276  0:145        FullTitle=
184:409  0:133        LoaderTitle=
184:550  0:140        Volume->LegacyOS->Name=Windows
184:696  0:145        Entry->Title=Boot Windows from SSD
184:831  0:135        IconName=vista,win comma=5 size=9
184:971  0:139        first=os_vista
185:116  0:144        Second=os_win
185:650  0:533        IconName=unknown comma=-1 size=7
186:196  0:546        Full=unknown
186:343  0:147      AddLegacyEntry:
186:487  0:144        FullTitle=
186:638  0:150        LoaderTitle=
186:783  0:144        Volume->LegacyOS->Name=Windows
186:927  0:144        Entry->Title=Boot Windows from IR5_CCSA_X86FRE_RU-RU_DV9
187:066  0:139        IconName=vista,win comma=5 size=9
187:210  0:144        first=os_vista
187:350  0:139        Second=os_win
187:888  0:538        IconName=unknown comma=-1 size=7
188:033  0:144        Full=unknown
188:179  0:146  === [ AddCustomTool ] ===========================
188:318  0:138  EmuVariable InstallEmulation: orig vars copied, emu.var.services installed, CreateEvent VirtualAddressChange = Success, CreateEvent ExitBootServices = Success, set Status=Success
189:596  1:277  === [ GetEfiBootDeviceFromNvram ] ===============
190:138  0:542   - [!] efi-boot-device-data not found
190:282  0:144  Default boot entry not found
190:426  0:144  EmuVariable UninstallEmulation: CloseEvent = Success, original var services restored
191:198  0:771  AnimeRun=0
202:126  10:928  BootVariable of the entry is empty
203:139  1:012  === [ StartLoader ] =============================
203:290  0:151  Starting PcieRoot(0x0)\Pci(0x1D,0x7)\USB(0x2,0x0)\HD(1,GPT,C06CBD78-AE47-4113-B8CE-C64826AA36E5,0x800,0x7BAFA7)\EFI\MICROSOFT\BOOT\cdboot.efi
203:436  0:145  Finally: ExternalClock=200MHz BusSpeed=199500kHz CPUFreq=2494MHz PIS: hw.busfrequency=800000000Hz
204:147  0:711  Loading cdboot.efi status=Success
205:955  1:808  Closing events for Windows
206:096  0:140  EmuVariable UninstallEmulation: CloseEvent = Invalid Parameter, original var services restored
206:517  0:420  OtherOS: Found Acpi 2.0 RSDP 0xDF2A2000
206:656  0:139  RSDT at 0xDF66D93A
206:798  0:142  XSDT at 0xDF66F200
206:937  0:138  FADT pointer = 0xDF66F09C
207:076  0:139  Dir '\\EFI\CLOVER\ACPI\Windows' not found. No patching will be done.
207:650  0:574  DeleteNvramVariable (efi-boot-device, 7C436110-AB2A-4BBB-A880-FE41995C9F82):
207:789  0:138  DeleteNvramVariable (efi-boot-device-data, 7C436110-AB2A-4BBB-A880-FE41995C9F82):
207:935  0:146  DeleteNvramVariable (BootCampHD, 7C436110-AB2A-4BBB-A880-FE41995C9F82):
208:078  0:142  start image 'cdboot.efi'
208:212  0:134  Using load options '-v '
208:361  0:148  Fatal Error: Unsupported returned from cdboot.efi
208:507  0:146  Custom boot screen is not locked
209:048  0:540  Failed to unlock custom boot screen: Not Ready!
242:940  33:891  EmuVariable UninstallEmulation: CloseEvent = Invalid Parameter, original var services restored
244:268  1:328  UninitializeConsoleSim : Status Invalid Parameter
